#
# There is insufficient memory for the Java Runtime Environment to continue.
# Native memory allocation (mmap) failed to map 536870912 bytes. Error detail: G1 virtual space
# Possible reasons:
#   The system is out of physical RAM or swap space
#   This process is running with CompressedOops enabled, and the Java Heap may be blocking the growth of the native heap
# Possible solutions:
#   Reduce memory load on the system
#   Increase physical memory or swap space
#   Check if swap backing store is full
#   Decrease Java heap size (-Xmx/-Xms)
#   Decrease number of Java threads
#   Decrease Java thread stack sizes (-Xss)
#   Set larger code cache with -XX:ReservedCodeCacheSize=
#   JVM is running with Zero Based Compressed Oops mode in which the Java heap is
#     placed in the first 32GB address space. The Java Heap base address is the
#     maximum limit for the native heap growth. Please use -XX:HeapBaseMinAddress
#     to set the Java Heap base and to place the Java Heap above 32GB virtual address.
# This output file may be truncated or incomplete.
#
#  Out of Memory Error (os_windows.cpp:3613), pid=24304, tid=25596
#
# JRE version:  (17.0.12+7) (build )
# Java VM: OpenJDK 64-Bit Server VM (17.0.12+7-LTS, mixed mode, emulated-client, sharing, tiered, compressed oops, compressed class ptrs, g1 gc, windows-amd64)
# No core dump will be written. Minidumps are not enabled by default on client versions of Windows
#

---------------  S U M M A R Y ------------

Command Line: -XX:TieredStopAtLevel=1 -Dspring.output.ansi.enabled=always -Dcom.sun.management.jmxremote -Dspring.jmx.enabled=true -Dspring.liveBeansView.mbeanDomain -Dspring.application.admin.enabled=true -Dmanagement.endpoints.jmx.exposure.include=* -javaagent:C:\Program Files\JetBrains\IntelliJ IDEA 2024.2.0.2\lib\idea_rt.jar=65440:C:\Program Files\JetBrains\IntelliJ IDEA 2024.2.0.2\bin -Dfile.encoding=UTF-8 kr.nyamnyam.NyamnyamKrApplication

Host: Intel(R) Core(TM) i7-8700 CPU @ 3.20GHz, 12 cores, 31G,  Windows 11 , 64 bit Build 22621 (10.0.22621.3958)
Time: Tue Sep 10 20:45:23 2024  Windows 11 , 64 bit Build 22621 (10.0.22621.3958) elapsed time: 0.013156 seconds (0d 0h 0m 0s)

---------------  T H R E A D  ---------------

Current thread (0x0000025c8ccac230):  JavaThread "Unknown thread" [_thread_in_vm, id=25596, stack(0x000000721c400000,0x000000721c500000)]

Stack: [0x000000721c400000,0x000000721c500000]
Native frames: (J=compiled Java code, j=interpreted, Vv=VM code, C=native code)
V  [jvm.dll+0x67f4f9]
V  [jvm.dll+0x836eaa]
V  [jvm.dll+0x83896e]
V  [jvm.dll+0x838fd3]
V  [jvm.dll+0x247f6f]
V  [jvm.dll+0x67c2b9]
V  [jvm.dll+0x670d7a]
V  [jvm.dll+0x307b5b]
V  [jvm.dll+0x30f046]
V  [jvm.dll+0x35f22e]
V  [jvm.dll+0x35f46f]
V  [jvm.dll+0x2deb7c]
V  [jvm.dll+0x2dfad4]
V  [jvm.dll+0x80870b]
V  [jvm.dll+0x36cfa1]
V  [jvm.dll+0x7e70f5]
V  [jvm.dll+0x3f0adf]
V  [jvm.dll+0x3f2631]
C  [jli.dll+0x528f]
C  [ucrtbase.dll+0x29333]
C  [KERNEL32.DLL+0x1257d]
C  [ntdll.dll+0x5af28]


---------------  P R O C E S S  ---------------

Threads class SMR info:
_java_thread_list=0x00007ff926206f18, length=0, elements={
}

Java Threads: ( => current thread )

Other Threads:
  0x0000025caa930a00 GCTaskThread "GC Thread#0" [stack: 0x000000721c500000,0x000000721c600000] [id=25952]
  0x0000025c8cd270e0 ConcurrentGCThread "G1 Main Marker" [stack: 0x000000721c600000,0x000000721c700000] [id=22948]
  0x0000025c8cd281b0 ConcurrentGCThread "G1 Conc#0" [stack: 0x000000721c700000,0x000000721c800000] [id=18172]

[error occurred during error reporting (printing all threads), id 0xc0000005, EXCEPTION_ACCESS_VIOLATION (0xc0000005) at pc=0x00007ff9259bf277]

VM state: not at safepoint (not fully initialized)

VM Mutex/Monitor currently owned by a thread:  ([mutex/lock_event])
[0x0000025c8cca78e0] Heap_lock - owner thread: 0x0000025c8ccac230

Heap address: 0x0000000603800000, size: 8136 MB, Compressed Oops mode: Zero based, Oop shift amount: 3

CDS archive(s) mapped at: [0x0000000000000000-0x0000000000000000-0x0000000000000000), size 0, SharedBaseAddress: 0x0000000800000000, ArchiveRelocationMode: 1.
Narrow klass base: 0x0000000000000000, Narrow klass shift: 0, Narrow klass range: 0x0

GC Precious Log:
<Empty>

Heap:
 garbage-first heap   total 0K, used 0K [0x0000000603800000, 0x0000000800000000)
  region size 4096K, 0 young (0K), 0 survivors (0K)

[error occurred during error reporting (printing heap information), id 0xc0000005, EXCEPTION_ACCESS_VIOLATION (0xc0000005) at pc=0x00007ff925da8829]

GC Heap History (0 events):
No events

Dll operation events (1 events):
Event: 0.008 Loaded shared library C:\Users\bitcamp\.jdks\corretto-17.0.12\bin\java.dll

Deoptimization events (0 events):
No events

Classes loaded (0 events):
No events

Classes unloaded (0 events):
No events

Classes redefined (0 events):
No events

Internal exceptions (0 events):
No events

VM Operations (0 events):
No events

Events (0 events):
No events


Dynamic libraries:
0x00007ff6a8d00000 - 0x00007ff6a8d0e000 	C:\Users\bitcamp\.jdks\corretto-17.0.12\bin\java.exe
0x00007ff9986b0000 - 0x00007ff9988c7000 	C:\WINDOWS\SYSTEM32\ntdll.dll
0x00007ff997400000 - 0x00007ff9974c4000 	C:\WINDOWS\System32\KERNEL32.DLL
0x00007ff995b20000 - 0x00007ff995ecd000 	C:\WINDOWS\System32\KERNELBASE.dll
0x00007ff9959d0000 - 0x00007ff995ae1000 	C:\WINDOWS\System32\ucrtbase.dll
0x00007ff977b40000 - 0x00007ff977b57000 	C:\Users\bitcamp\.jdks\corretto-17.0.12\bin\jli.dll
0x00007ff977b00000 - 0x00007ff977b1b000 	C:\Users\bitcamp\.jdks\corretto-17.0.12\bin\VCRUNTIME140.dll
0x00007ff9969f0000 - 0x00007ff996b9e000 	C:\WINDOWS\System32\USER32.dll
0x00007ff996160000 - 0x00007ff996186000 	C:\WINDOWS\System32\win32u.dll
0x00007ff97df30000 - 0x00007ff97e1c3000 	C:\WINDOWS\WinSxS\amd64_microsoft.windows.common-controls_6595b64144ccf1df_6.0.22621.3672_none_2713b9d173822955\COMCTL32.dll
0x00007ff9976c0000 - 0x00007ff9976e9000 	C:\WINDOWS\System32\GDI32.dll
0x00007ff996470000 - 0x00007ff996517000 	C:\WINDOWS\System32\msvcrt.dll
0x00007ff9962c0000 - 0x00007ff9963d9000 	C:\WINDOWS\System32\gdi32full.dll
0x00007ff995f50000 - 0x00007ff995fea000 	C:\WINDOWS\System32\msvcp_win.dll
0x00007ff996640000 - 0x00007ff996671000 	C:\WINDOWS\System32\IMM32.DLL
0x00007ff992770000 - 0x00007ff99277c000 	C:\Users\bitcamp\.jdks\corretto-17.0.12\bin\vcruntime140_1.dll
0x00007ff9548b0000 - 0x00007ff95493d000 	C:\Users\bitcamp\.jdks\corretto-17.0.12\bin\msvcp140.dll
0x00007ff9256d0000 - 0x00007ff92633a000 	C:\Users\bitcamp\.jdks\corretto-17.0.12\bin\server\jvm.dll
0x00007ff996ba0000 - 0x00007ff996c52000 	C:\WINDOWS\System32\ADVAPI32.dll
0x00007ff997340000 - 0x00007ff9973e9000 	C:\WINDOWS\System32\sechost.dll
0x00007ff995af0000 - 0x00007ff995b18000 	C:\WINDOWS\System32\bcrypt.dll
0x00007ff996520000 - 0x00007ff996634000 	C:\WINDOWS\System32\RPCRT4.dll
0x00007ff996970000 - 0x00007ff9969e1000 	C:\WINDOWS\System32\WS2_32.dll
0x00007ff995890000 - 0x00007ff9958dd000 	C:\WINDOWS\SYSTEM32\POWRPROF.dll
0x00007ff985440000 - 0x00007ff985474000 	C:\WINDOWS\SYSTEM32\WINMM.dll
0x00007ff98d380000 - 0x00007ff98d38a000 	C:\WINDOWS\SYSTEM32\VERSION.dll
0x00007ff9957c0000 - 0x00007ff9957d3000 	C:\WINDOWS\SYSTEM32\UMPDC.dll
0x00007ff9949c0000 - 0x00007ff9949d8000 	C:\WINDOWS\SYSTEM32\kernel.appcore.dll
0x00007ff986470000 - 0x00007ff98647a000 	C:\Users\bitcamp\.jdks\corretto-17.0.12\bin\jimage.dll
0x00007ff9819f0000 - 0x00007ff981c22000 	C:\WINDOWS\SYSTEM32\DBGHELP.DLL
0x00007ff997850000 - 0x00007ff997bdd000 	C:\WINDOWS\System32\combase.dll
0x00007ff9975e0000 - 0x00007ff9976b7000 	C:\WINDOWS\System32\OLEAUT32.dll
0x00007ff9862c0000 - 0x00007ff9862f2000 	C:\WINDOWS\SYSTEM32\dbgcore.DLL
0x00007ff995ed0000 - 0x00007ff995f4b000 	C:\WINDOWS\System32\bcryptPrimitives.dll
0x00007ff976250000 - 0x00007ff97625e000 	C:\Users\bitcamp\.jdks\corretto-17.0.12\bin\instrument.dll
0x00007ff977a80000 - 0x00007ff977aa5000 	C:\Users\bitcamp\.jdks\corretto-17.0.12\bin\java.dll

dbghelp: loaded successfully - version: 4.0.5 - missing functions: none
symbol engine: initialized successfully - sym options: 0x614 - pdb path: .;C:\Users\bitcamp\.jdks\corretto-17.0.12\bin;C:\WINDOWS\SYSTEM32;C:\WINDOWS\WinSxS\amd64_microsoft.windows.common-controls_6595b64144ccf1df_6.0.22621.3672_none_2713b9d173822955;C:\Users\bitcamp\.jdks\corretto-17.0.12\bin\server

VM Arguments:
jvm_args: -XX:TieredStopAtLevel=1 -Dspring.output.ansi.enabled=always -Dcom.sun.management.jmxremote -Dspring.jmx.enabled=true -Dspring.liveBeansView.mbeanDomain -Dspring.application.admin.enabled=true -Dmanagement.endpoints.jmx.exposure.include=* -javaagent:C:\Program Files\JetBrains\IntelliJ IDEA 2024.2.0.2\lib\idea_rt.jar=65440:C:\Program Files\JetBrains\IntelliJ IDEA 2024.2.0.2\bin -Dfile.encoding=UTF-8 
java_command: kr.nyamnyam.NyamnyamKrApplication
java_class_path (initial): C:\Users\bitcamp\Desktop\nyamnyam_kr\build\classes\java\main;C:\Users\bitcamp\Desktop\nyamnyam_kr\build\resources\main;C:\Users\bitcamp\.gradle\caches\modules-2\files-2.1\com.querydsl\querydsl-apt\5.0.0\d48657412f2b96d787bbe5ae393e33815c94b4d0\querydsl-apt-5.0.0-jakarta.jar;C:\Users\bitcamp\.gradle\caches\modules-2\files-2.1\org.springframework.boot\spring-boot-starter-data-mongodb\3.3.3\d0167ed2fc7e44e615a10bf91dda56a2b536bbeb\spring-boot-starter-data-mongodb-3.3.3.jar;C:\Users\bitcamp\.gradle\caches\modules-2\files-2.1\org.springframework.boot\spring-boot-starter-webflux\3.3.3\56b747ef64ef31d23a078f1bbe7ec2ec1eded359\spring-boot-starter-webflux-3.3.3.jar;C:\Users\bitcamp\.gradle\caches\modules-2\files-2.1\org.springframework.boot\spring-boot-starter-data-mongodb-reactive\3.3.3\275306779aed53f7e7c19b9082d090099bcf468f\spring-boot-starter-data-mongodb-reactive-3.3.3.jar;C:\Users\bitcamp\.gradle\caches\modules-2\files-2.1\jakarta.annotation\jakarta.annotation-api\2.1.1\48b9bda22b091b1f48b13af03fe36db3be6e1ae3\jakarta.annotation-api-2.1.1.jar;C:\Users\bitcamp\.gradle\caches\modules-2\files-2.1\jakarta.persistence\jakarta.persistence-api\3.1.0\66901fa1c373c6aff65c13791cc11da72060a8d6\jakarta.persistence-api-3.1.0.jar;C:\Users\bitcamp\.gradle\caches\modules-2\files-2.1\org.projectlombok\lombok\1.18.34\ec547ef414ab1d2c040118fb9c1c265ada63af14\lombok-1.18.34.jar;C:\Users\bitcamp\.gradle\caches\modules-2\files-2.1\com.querydsl\querydsl-jpa\5.0.0\2a653852848dee41b967d3520be3339f0f92f1ea\querydsl-jpa-5.0.0-jakarta.jar;C:\Users\bitcamp\.gradle\caches\modules-2\files-2.1\org.springdoc\springdoc-openapi-starter-webmvc-ui\2.0.2\264da79c9d4a53feab8c5c6d0e0cb143bd099d4\springdoc-openapi-starter-webmvc-ui-2.0.2.jar;C:\Users\bitcamp\.gradle\caches\modules-2\files-2.1\org.jsoup\jsoup\1.16.1\ae551410a16433984cd4a8603622fafa9d8299f0\jsoup-1.16.1.jar;C:\Users\bitcamp\.gradle\caches\modules-2\files-2.1\org.seleniumhq.selenium\selenium-java\4.14.0\18cef0adbc08
Launcher Type: SUN_STANDARD

[Global flags]
     intx CICompilerCount                          = 4                                         {product} {ergonomic}
     uint ConcGCThreads                            = 3                                         {product} {ergonomic}
     uint G1ConcRefinementThreads                  = 10                                        {product} {ergonomic}
   size_t G1HeapRegionSize                         = 4194304                                   {product} {ergonomic}
    uintx GCDrainStackTargetSize                   = 64                                        {product} {ergonomic}
   size_t InitialHeapSize                          = 536870912                                 {product} {ergonomic}
     bool ManagementServer                         = true                                      {product} {command line}
   size_t MarkStackSize                            = 4194304                                   {product} {ergonomic}
   size_t MaxHeapSize                              = 8531214336                                {product} {ergonomic}
   size_t MinHeapDeltaBytes                        = 4194304                                   {product} {ergonomic}
   size_t MinHeapSize                              = 8388608                                   {product} {ergonomic}
    uintx NonProfiledCodeHeapSize                  = 0                                      {pd product} {ergonomic}
     bool ProfileInterpreter                       = false                                  {pd product} {command line}
    uintx ProfiledCodeHeapSize                     = 0                                      {pd product} {ergonomic}
   size_t SoftMaxHeapSize                          = 8531214336                             {manageable} {ergonomic}
     intx TieredStopAtLevel                        = 1                                         {product} {command line}
     bool UseCompressedClassPointers               = true                           {product lp64_product} {ergonomic}
     bool UseCompressedOops                        = true                           {product lp64_product} {ergonomic}
     bool UseG1GC                                  = true                                      {product} {ergonomic}
     bool UseLargePagesIndividualAllocation        = false                                  {pd product} {ergonomic}

Logging:
Log output configuration:
 #0: stdout all=warning uptime,level,tags
 #1: stderr all=off uptime,level,tags

Environment Variables:
JAVA_HOME=C:\Program Files\Java\jdk-22
PATH=C:\Program Files\Common Files\Oracle\Java\javapath;C:\WINDOWS\system32;C:\WINDOWS;C:\WINDOWS\System32\Wbem;C:\WINDOWS\System32\WindowsPowerShell\v1.0\;C:\WINDOWS\System32\OpenSSH\;C:\Program Files\Git\cmd;C:\Program Files\Docker\Docker\resources\bin;C:\Users\bitcamp\AppData\Local\Microsoft\WindowsApps;C:\Users\bitcamp\AppData\Local\Programs\Microsoft VS Code\bin
USERNAME=bitcamp
OS=Windows_NT
PROCESSOR_IDENTIFIER=Intel64 Family 6 Model 158 Stepping 10, GenuineIntel
TMP=C:\Users\bitcamp\AppData\Local\Temp
TEMP=C:\Users\bitcamp\AppData\Local\Temp



Periodic native trim disabled


---------------  S Y S T E M  ---------------

OS:
 Windows 11 , 64 bit Build 22621 (10.0.22621.3958)
OS uptime: 19 days 7:35 hours
Hyper-V role detected

CPU: total 12 (initial active 12) (6 cores per cpu, 2 threads per core) family 6 model 158 stepping 10 microcode 0xde, cx8, cmov, fxsr, ht, mmx, 3dnowpref, sse, sse2, sse3, ssse3, sse4.1, sse4.2, popcnt, lzcnt, tsc, tscinvbit, avx, avx2, aes, erms, clmul, bmi1, bmi2, rtm, adx, fma, vzeroupper, clflush, clflushopt, hv
Processor Information for all 12 processors :
  Max Mhz: 3192, Current Mhz: 3192, Mhz Limit: 3192

Memory: 4k page, system-wide physical 32541M (9455M free)
TotalPageFile size 34589M (AvailPageFile size 410M)
current process WorkingSet (physical memory assigned to process): 11M, peak: 11M
current process commit charge ("private bytes"): 60M, peak: 572M

vm_info: OpenJDK 64-Bit Server VM (17.0.12+7-LTS) for windows-amd64 JRE (17.0.12+7-LTS), built on Jul 10 2024 20:46:33 by "Administrator" with MS VC++ 16.10 / 16.11 (VS2019)

END.
