#
# There is insufficient memory for the Java Runtime Environment to continue.
# Native memory allocation (malloc) failed to allocate 834576 bytes. Error detail: Chunk::new
# Possible reasons:
#   The system is out of physical RAM or swap space
#   This process is running with CompressedOops enabled, and the Java Heap may be blocking the growth of the native heap
# Possible solutions:
#   Reduce memory load on the system
#   Increase physical memory or swap space
#   Check if swap backing store is full
#   Decrease Java heap size (-Xmx/-Xms)
#   Decrease number of Java threads
#   Decrease Java thread stack sizes (-Xss)
#   Set larger code cache with -XX:ReservedCodeCacheSize=
#   JVM is running with Unscaled Compressed Oops mode in which the Java heap is
#     placed in the first 4GB address space. The Java Heap base address is the
#     maximum limit for the native heap growth. Please use -XX:HeapBaseMinAddress
#     to set the Java Heap base and to place the Java Heap above 4GB virtual address.
# This output file may be truncated or incomplete.
#
#  Out of Memory Error (arena.cpp:150), pid=6396, tid=9688
#
# JRE version: Java(TM) SE Runtime Environment (22.0.2+9) (build 22.0.2+9-70)
# Java VM: Java HotSpot(TM) 64-Bit Server VM (22.0.2+9-70, mixed mode, sharing, tiered, compressed oops, compressed class ptrs, g1 gc, windows-amd64)
# No core dump will be written. Minidumps are not enabled by default on client versions of Windows
#

---------------  S U M M A R Y ------------

Command Line: --add-opens=java.base/java.util=ALL-UNNAMED --add-opens=java.base/java.lang=ALL-UNNAMED --add-opens=java.base/java.lang.invoke=ALL-UNNAMED --add-opens=java.prefs/java.util.prefs=ALL-UNNAMED --add-opens=java.base/java.nio.charset=ALL-UNNAMED --add-opens=java.base/java.net=ALL-UNNAMED --add-opens=java.base/java.util.concurrent.atomic=ALL-UNNAMED -XX:MaxMetaspaceSize=384m -XX:+HeapDumpOnOutOfMemoryError -Xms256m -Xmx512m -Dfile.encoding=UTF-8 -Duser.country=KR -Duser.language=ko -Duser.variant -javaagent:C:\Users\bitcamp\.gradle\wrapper\dists\gradle-8.8-bin\dl7vupf4psengwqhwktix4v1\gradle-8.8\lib\agents\gradle-instrumentation-agent-8.8.jar org.gradle.launcher.daemon.bootstrap.GradleDaemon 8.8

Host: Intel(R) Core(TM) i7-8700 CPU @ 3.20GHz, 12 cores, 31G,  Windows 11 , 64 bit Build 22621 (10.0.22621.3958)
Time: Wed Oct 16 21:30:28 2024  Windows 11 , 64 bit Build 22621 (10.0.22621.3958) elapsed time: 35.002098 seconds (0d 0h 0m 35s)

---------------  T H R E A D  ---------------

Current thread (0x000001f8a40446f0):  JavaThread "C2 CompilerThread1" daemon [_thread_in_native, id=9688, stack(0x00000012cd500000,0x00000012cd600000) (1024K)]


Current CompileTask:
C2:35002 12483       4       io.spring.gradle.dependencymanagement.org.apache.maven.model.io.xpp3.MavenXpp3Reader::parsePlugin (519 bytes)

Stack: [0x00000012cd500000,0x00000012cd600000]
Native frames: (J=compiled Java code, j=interpreted, Vv=VM code, C=native code)
V  [jvm.dll+0x6e26e9]  (no source info available)
V  [jvm.dll+0x875753]  (no source info available)
V  [jvm.dll+0x877b7e]  (no source info available)
V  [jvm.dll+0x878253]  (no source info available)
V  [jvm.dll+0x27fc86]  (no source info available)
V  [jvm.dll+0xc3d0f]  (no source info available)
V  [jvm.dll+0xc3f6b]  (no source info available)
V  [jvm.dll+0x3bb442]  (no source info available)
V  [jvm.dll+0x387d4b]  (no source info available)
V  [jvm.dll+0x3871ba]  (no source info available)
V  [jvm.dll+0x2477f8]  (no source info available)
V  [jvm.dll+0x246e9f]  (no source info available)
V  [jvm.dll+0x1c4e80]  (no source info available)
V  [jvm.dll+0x2568f3]  (no source info available)
V  [jvm.dll+0x254baa]  (no source info available)
V  [jvm.dll+0x3f57a6]  (no source info available)
V  [jvm.dll+0x81dc0b]  (no source info available)
V  [jvm.dll+0x6e0d85]  (no source info available)
C  [ucrtbase.dll+0x29333]  (no source info available)
C  [KERNEL32.DLL+0x1257d]  (no source info available)
C  [ntdll.dll+0x5af08]  (no source info available)


---------------  P R O C E S S  ---------------

Threads class SMR info:
_java_thread_list=0x000001f8aa01f510, length=48, elements={
0x000001f8f2b507c0, 0x000001f8a4025840, 0x000001f8a4026760, 0x000001f8a40291d0,
0x000001f8a402b1a0, 0x000001f8a402fc20, 0x000001f8a40307b0, 0x000001f8a4040b90,
0x000001f8a4045490, 0x000001f8a4133780, 0x000001f8a4367bb0, 0x000001f8a97ad040,
0x000001f8a9fce380, 0x000001f8aa02f260, 0x000001f8a9ffe100, 0x000001f8a9f75940,
0x000001f8a9f74590, 0x000001f8a9f76cf0, 0x000001f8a9f73870, 0x000001f8acc9e1d0,
0x000001f8acc9a030, 0x000001f8acc9ba70, 0x000001f8acc9c790, 0x000001f8acc9a6c0,
0x000001f8acc9ad50, 0x000001f8acca0930, 0x000001f8acc9ce20, 0x000001f8a9750c60,
0x000001f8a974ff40, 0x000001f8a974f8b0, 0x000001f8a97526a0, 0x000001f8ac9370d0,
0x000001f8ac938480, 0x000001f8ac939830, 0x000001f8ac9363b0, 0x000001f8ac936a40,
0x000001f8ac937760, 0x000001f8aec96be0, 0x000001f8adc260a0, 0x000001f8adc24cf0,
0x000001f8adc24660, 0x000001f8a934d840, 0x000001f8a934ded0, 0x000001f8aec97270,
0x000001f8a933c950, 0x000001f8a93387b0, 0x000001f8a40446f0, 0x000001f8a4046230
}

Java Threads: ( => current thread )
  0x000001f8f2b507c0 JavaThread "main"                              [_thread_blocked, id=12540, stack(0x00000012ca400000,0x00000012ca500000) (1024K)]
  0x000001f8a4025840 JavaThread "Reference Handler"          daemon [_thread_blocked, id=22948, stack(0x00000012cac00000,0x00000012cad00000) (1024K)]
  0x000001f8a4026760 JavaThread "Finalizer"                  daemon [_thread_blocked, id=22540, stack(0x00000012cad00000,0x00000012cae00000) (1024K)]
  0x000001f8a40291d0 JavaThread "Signal Dispatcher"          daemon [_thread_blocked, id=7704, stack(0x00000012cae00000,0x00000012caf00000) (1024K)]
  0x000001f8a402b1a0 JavaThread "Attach Listener"            daemon [_thread_blocked, id=4780, stack(0x00000012caf00000,0x00000012cb000000) (1024K)]
  0x000001f8a402fc20 JavaThread "Service Thread"             daemon [_thread_blocked, id=21052, stack(0x00000012cb000000,0x00000012cb100000) (1024K)]
  0x000001f8a40307b0 JavaThread "Monitor Deflation Thread"   daemon [_thread_blocked, id=3620, stack(0x00000012cb100000,0x00000012cb200000) (1024K)]
  0x000001f8a4040b90 JavaThread "C2 CompilerThread0"         daemon [_thread_blocked, id=2928, stack(0x00000012cb200000,0x00000012cb300000) (1024K)]
  0x000001f8a4045490 JavaThread "C1 CompilerThread0"         daemon [_thread_blocked, id=12100, stack(0x00000012cb300000,0x00000012cb400000) (1024K)]
  0x000001f8a4133780 JavaThread "Common-Cleaner"             daemon [_thread_blocked, id=16952, stack(0x00000012cb400000,0x00000012cb500000) (1024K)]
  0x000001f8a4367bb0 JavaThread "Notification Thread"        daemon [_thread_blocked, id=19656, stack(0x00000012cb600000,0x00000012cb700000) (1024K)]
  0x000001f8a97ad040 JavaThread "Daemon health stats"               [_thread_blocked, id=21180, stack(0x00000012cb700000,0x00000012cb800000) (1024K)]
  0x000001f8a9fce380 JavaThread "Incoming local TCP Connector on port 59592"        [_thread_in_native, id=1376, stack(0x00000012cbd00000,0x00000012cbe00000) (1024K)]
  0x000001f8aa02f260 JavaThread "Daemon periodic checks"            [_thread_blocked, id=9168, stack(0x00000012cbe00000,0x00000012cbf00000) (1024K)]
  0x000001f8a9ffe100 JavaThread "Daemon"                            [_thread_blocked, id=20292, stack(0x00000012cbf00000,0x00000012cc000000) (1024K)]
  0x000001f8a9f75940 JavaThread "Daemon worker"                     [_thread_blocked, id=16792, stack(0x00000012cc200000,0x00000012cc300000) (1024K)]
  0x000001f8a9f74590 JavaThread "Cache worker for journal cache (C:\Users\bitcamp\.gradle\caches\journal-1)"        [_thread_blocked, id=17500, stack(0x00000012cc600000,0x00000012cc700000) (1024K)]
  0x000001f8a9f76cf0 JavaThread "File lock request listener"        [_thread_in_native, id=12012, stack(0x00000012cc700000,0x00000012cc800000) (1024K)]
  0x000001f8a9f73870 JavaThread "Cache worker for file hash cache (C:\Users\bitcamp\.gradle\caches\8.8\fileHashes)"        [_thread_blocked, id=23312, stack(0x00000012cc800000,0x00000012cc900000) (1024K)]
  0x000001f8acc9e1d0 JavaThread "Cache worker for file content cache (C:\Users\bitcamp\.gradle\caches\8.8\fileContent)"        [_thread_blocked, id=9476, stack(0x00000012cd400000,0x00000012cd500000) (1024K)]
  0x000001f8acc9a030 JavaThread "jar transforms"                    [_thread_blocked, id=6508, stack(0x00000012cd700000,0x00000012cd800000) (1024K)]
  0x000001f8acc9ba70 JavaThread "jar transforms Thread 2"           [_thread_blocked, id=6460, stack(0x00000012cd800000,0x00000012cd900000) (1024K)]
  0x000001f8acc9c790 JavaThread "jar transforms Thread 3"           [_thread_blocked, id=840, stack(0x00000012cd900000,0x00000012cda00000) (1024K)]
  0x000001f8acc9a6c0 JavaThread "jar transforms Thread 4"           [_thread_blocked, id=12764, stack(0x00000012cda00000,0x00000012cdb00000) (1024K)]
  0x000001f8acc9ad50 JavaThread "jar transforms Thread 5"           [_thread_blocked, id=21036, stack(0x00000012cdb00000,0x00000012cdc00000) (1024K)]
  0x000001f8acca0930 JavaThread "jar transforms Thread 6"           [_thread_blocked, id=19476, stack(0x00000012cdc00000,0x00000012cdd00000) (1024K)]
  0x000001f8acc9ce20 JavaThread "jar transforms Thread 7"           [_thread_blocked, id=18472, stack(0x00000012cde00000,0x00000012cdf00000) (1024K)]
  0x000001f8a9750c60 JavaThread "Memory manager"                    [_thread_blocked, id=19652, stack(0x00000012d0000000,0x00000012d0100000) (1024K)]
  0x000001f8a974ff40 JavaThread "jar transforms Thread 8"           [_thread_blocked, id=16652, stack(0x00000012d0100000,0x00000012d0200000) (1024K)]
  0x000001f8a974f8b0 JavaThread "ForkJoinPool.commonPool-worker-1" daemon [_thread_blocked, id=4696, stack(0x00000012d0200000,0x00000012d0300000) (1024K)]
  0x000001f8a97526a0 JavaThread "ForkJoinPool.commonPool-worker-3" daemon [_thread_blocked, id=9288, stack(0x00000012d0400000,0x00000012d0500000) (1024K)]
  0x000001f8ac9370d0 JavaThread "ForkJoinPool.commonPool-worker-5" daemon [_thread_blocked, id=22000, stack(0x00000012d0600000,0x00000012d0700000) (1024K)]
  0x000001f8ac938480 JavaThread "ForkJoinPool.commonPool-worker-7" daemon [_thread_blocked, id=15880, stack(0x00000012d0800000,0x00000012d0900000) (1024K)]
  0x000001f8ac939830 JavaThread "ForkJoinPool.commonPool-worker-9" daemon [_thread_blocked, id=17240, stack(0x00000012d0a00000,0x00000012d0b00000) (1024K)]
  0x000001f8ac9363b0 JavaThread "ForkJoinPool.commonPool-worker-10" daemon [_thread_blocked, id=11000, stack(0x00000012d0b00000,0x00000012d0c00000) (1024K)]
  0x000001f8ac936a40 JavaThread "Exec process"                      [_thread_blocked, id=6388, stack(0x00000012d0c00000,0x00000012d0d00000) (1024K)]
  0x000001f8ac937760 JavaThread "Exec process Thread 2"             [_thread_blocked, id=16852, stack(0x00000012d0d00000,0x00000012d0e00000) (1024K)]
  0x000001f8aec96be0 JavaThread "Exec process Thread 3"             [_thread_blocked, id=360, stack(0x00000012d0e00000,0x00000012d0f00000) (1024K)]
  0x000001f8adc260a0 JavaThread "included builds"                   [_thread_blocked, id=17548, stack(0x00000012d6600000,0x00000012d6700000) (1024K)]
  0x000001f8adc24cf0 JavaThread "VFS cleanup"                       [_thread_blocked, id=21600, stack(0x00000012cc300000,0x00000012cc400000) (1024K)]
  0x000001f8adc24660 JavaThread "Daemon Thread 2"                   [_thread_blocked, id=12588, stack(0x00000012cc000000,0x00000012cc100000) (1024K)]
  0x000001f8a934d840 JavaThread "ForkJoinPool.commonPool-worker-12" daemon [_thread_blocked, id=18772, stack(0x00000012cf700000,0x00000012cf800000) (1024K)]
  0x000001f8a934ded0 JavaThread "ForkJoinPool.commonPool-worker-11" daemon [_thread_blocked, id=19188, stack(0x00000012cf800000,0x00000012cf900000) (1024K)]
  0x000001f8aec97270 JavaThread "ForkJoinPool.commonPool-worker-13" daemon [_thread_blocked, id=22680, stack(0x00000012cf900000,0x00000012cfa00000) (1024K)]
  0x000001f8a933c950 JavaThread "included builds"                   [_thread_blocked, id=3952, stack(0x00000012d6800000,0x00000012d6900000) (1024K)]
  0x000001f8a93387b0 JavaThread "File lock release action executor"        [_thread_blocked, id=9000, stack(0x00000012cb500000,0x00000012cb600000) (1024K)]
=>0x000001f8a40446f0 JavaThread "C2 CompilerThread1"         daemon [_thread_in_native, id=9688, stack(0x00000012cd500000,0x00000012cd600000) (1024K)]
  0x000001f8a4046230 JavaThread "C2 CompilerThread2"         daemon [_thread_blocked, id=20140, stack(0x00000012d1300000,0x00000012d1400000) (1024K)]
Total: 48

Other Threads:
  0x000001f8a4005fe0 VMThread "VM Thread"                           [id=2024, stack(0x00000012cab00000,0x00000012cac00000) (1024K)]
  0x000001f8fea945a0 WatcherThread "VM Periodic Task Thread"        [id=22788, stack(0x00000012caa00000,0x00000012cab00000) (1024K)]
  0x000001f8f2b7c700 WorkerThread "GC Thread#0"                     [id=16252, stack(0x00000012ca500000,0x00000012ca600000) (1024K)]
  0x000001f8a49943d0 WorkerThread "GC Thread#1"                     [id=19016, stack(0x00000012cb800000,0x00000012cb900000) (1024K)]
  0x000001f8a4994780 WorkerThread "GC Thread#2"                     [id=14708, stack(0x00000012cb900000,0x00000012cba00000) (1024K)]
  0x000001f8a4994b30 WorkerThread "GC Thread#3"                     [id=8124, stack(0x00000012cba00000,0x00000012cbb00000) (1024K)]
  0x000001f8a4994ee0 WorkerThread "GC Thread#4"                     [id=12384, stack(0x00000012cbb00000,0x00000012cbc00000) (1024K)]
  0x000001f8a473ac10 WorkerThread "GC Thread#5"                     [id=22320, stack(0x00000012cbc00000,0x00000012cbd00000) (1024K)]
  0x000001f8ac710af0 WorkerThread "GC Thread#6"                     [id=12392, stack(0x00000012ccb00000,0x00000012ccc00000) (1024K)]
  0x000001f8ac710ea0 WorkerThread "GC Thread#7"                     [id=12512, stack(0x00000012ccc00000,0x00000012ccd00000) (1024K)]
  0x000001f8ac711600 WorkerThread "GC Thread#8"                     [id=8828, stack(0x00000012ccd00000,0x00000012cce00000) (1024K)]
  0x000001f8ac711d60 WorkerThread "GC Thread#9"                     [id=12564, stack(0x00000012cce00000,0x00000012ccf00000) (1024K)]
  0x000001f8f2b816f0 ConcurrentGCThread "G1 Main Marker"            [id=8348, stack(0x00000012ca600000,0x00000012ca700000) (1024K)]
  0x000001f8f2b82b50 WorkerThread "G1 Conc#0"                       [id=22760, stack(0x00000012ca700000,0x00000012ca800000) (1024K)]
  0x000001f8ac712110 WorkerThread "G1 Conc#1"                       [id=22816, stack(0x00000012ccf00000,0x00000012cd000000) (1024K)]
  0x000001f8adf806e0 WorkerThread "G1 Conc#2"                       [id=11148, stack(0x00000012cd000000,0x00000012cd100000) (1024K)]
  0x000001f8fe963ea0 ConcurrentGCThread "G1 Refine#0"               [id=16088, stack(0x00000012ca800000,0x00000012ca900000) (1024K)]
  0x000001f8fe964830 ConcurrentGCThread "G1 Service"                [id=6520, stack(0x00000012ca900000,0x00000012caa00000) (1024K)]
Total: 18

Threads with active compile tasks:
C2 CompilerThread1  35129 12483       4       io.spring.gradle.dependencymanagement.org.apache.maven.model.io.xpp3.MavenXpp3Reader::parsePlugin (519 bytes)
Total: 1

VM state: not at safepoint (normal execution)

VM Mutex/Monitor currently owned by a thread: None

OutOfMemory and StackOverflow Exception counts:
OutOfMemoryError java_heap_errors=1
LinkageErrors=222

Heap address: 0x00000000e0000000, size: 512 MB, Compressed Oops mode: 32-bit

CDS archive(s) mapped at: [0x000001f88f000000-0x000001f88fc60000-0x000001f88fc60000), size 12976128, SharedBaseAddress: 0x000001f88f000000, ArchiveRelocationMode: 1.
Compressed class space mapped at: 0x000001f890000000-0x000001f8a4000000, reserved size: 335544320
Narrow klass base: 0x000001f88f000000, Narrow klass shift: 0, Narrow klass range: 0x15000000

GC Precious Log:
 CardTable entry size: 512
 Card Set container configuration: InlinePtr #cards 5 size 8 Array Of Cards #cards 12 size 40 Howl #buckets 4 coarsen threshold 1843 Howl Bitmap #cards 512 size 80 coarsen threshold 460 Card regions per heap region 1 cards per card region 2048
 CPUs: 12 total, 12 available
 Memory: 32541M
 Large Page Support: Disabled
 NUMA Support: Disabled
 Compressed Oops: Enabled (32-bit)
 Heap Region Size: 1M
 Heap Min Capacity: 256M
 Heap Initial Capacity: 256M
 Heap Max Capacity: 512M
 Pre-touch: Disabled
 Parallel Workers: 10
 Concurrent Workers: 3
 Concurrent Refinement Workers: 10
 Periodic GC: Disabled

Heap:
 garbage-first heap   total reserved 524288K, committed 262144K, used 98995K [0x00000000e0000000, 0x0000000100000000)
  region size 1024K, 31 young (31744K), 4 survivors (4096K)
 Metaspace       used 62187K, committed 64384K, reserved 393216K
  class space    used 8967K, committed 10048K, reserved 327680K

Heap Regions: E=young(eden), S=young(survivor), O=old, HS=humongous(starts), HC=humongous(continues), CS=collection set, F=free, TAMS=top-at-mark-start, PB=parsable bottom
|   0|0x00000000e0000000, 0x00000000e0100000, 0x00000000e0100000|100%|HS|  |TAMS 0x00000000e0000000| PB 0x00000000e0000000| Complete |  0
|   1|0x00000000e0100000, 0x00000000e0200000, 0x00000000e0200000|100%|HC|  |TAMS 0x00000000e0100000| PB 0x00000000e0100000| Complete |  0
|   2|0x00000000e0200000, 0x00000000e0300000, 0x00000000e0300000|100%|HC|  |TAMS 0x00000000e0200000| PB 0x00000000e0200000| Complete |  0
|   3|0x00000000e0300000, 0x00000000e0400000, 0x00000000e0400000|100%|HC|  |TAMS 0x00000000e0300000| PB 0x00000000e0300000| Complete |  0
|   4|0x00000000e0400000, 0x00000000e0500000, 0x00000000e0500000|100%| O|  |TAMS 0x00000000e0400000| PB 0x00000000e0400000| Untracked |  0
|   5|0x00000000e0500000, 0x00000000e0600000, 0x00000000e0600000|100%| O|  |TAMS 0x00000000e0500000| PB 0x00000000e0500000| Untracked |  0
|   6|0x00000000e0600000, 0x00000000e0700000, 0x00000000e0700000|100%| O|  |TAMS 0x00000000e0600000| PB 0x00000000e0600000| Untracked |  0
|   7|0x00000000e0700000, 0x00000000e0800000, 0x00000000e0800000|100%| O|  |TAMS 0x00000000e0700000| PB 0x00000000e0700000| Untracked |  0
|   8|0x00000000e0800000, 0x00000000e0900000, 0x00000000e0900000|100%| O|  |TAMS 0x00000000e0800000| PB 0x00000000e0800000| Untracked |  0
|   9|0x00000000e0900000, 0x00000000e0a00000, 0x00000000e0a00000|100%| O|  |TAMS 0x00000000e0900000| PB 0x00000000e0900000| Untracked |  0
|  10|0x00000000e0a00000, 0x00000000e0b00000, 0x00000000e0b00000|100%| O|  |TAMS 0x00000000e0a00000| PB 0x00000000e0a00000| Untracked |  0
|  11|0x00000000e0b00000, 0x00000000e0c00000, 0x00000000e0c00000|100%|HS|  |TAMS 0x00000000e0b00000| PB 0x00000000e0b00000| Complete |  0
|  12|0x00000000e0c00000, 0x00000000e0d00000, 0x00000000e0d00000|100%| O|  |TAMS 0x00000000e0c00000| PB 0x00000000e0c00000| Untracked |  0
|  13|0x00000000e0d00000, 0x00000000e0e00000, 0x00000000e0e00000|100%| O|  |TAMS 0x00000000e0d00000| PB 0x00000000e0d00000| Untracked |  0
|  14|0x00000000e0e00000, 0x00000000e0f00000, 0x00000000e0f00000|100%| O|  |TAMS 0x00000000e0e00000| PB 0x00000000e0e00000| Untracked |  0
|  15|0x00000000e0f00000, 0x00000000e1000000, 0x00000000e1000000|100%| O|  |TAMS 0x00000000e0f00000| PB 0x00000000e0f00000| Untracked |  0
|  16|0x00000000e1000000, 0x00000000e1100000, 0x00000000e1100000|100%| O|  |TAMS 0x00000000e1000000| PB 0x00000000e1000000| Untracked |  0
|  17|0x00000000e1100000, 0x00000000e1200000, 0x00000000e1200000|100%| O|  |TAMS 0x00000000e1100000| PB 0x00000000e1100000| Untracked |  0
|  18|0x00000000e1200000, 0x00000000e1300000, 0x00000000e1300000|100%| O|  |TAMS 0x00000000e1200000| PB 0x00000000e1200000| Untracked |  0
|  19|0x00000000e1300000, 0x00000000e1400000, 0x00000000e1400000|100%| O|  |TAMS 0x00000000e1300000| PB 0x00000000e1300000| Untracked |  0
|  20|0x00000000e1400000, 0x00000000e1500000, 0x00000000e1500000|100%| O|  |TAMS 0x00000000e1400000| PB 0x00000000e1400000| Untracked |  0
|  21|0x00000000e1500000, 0x00000000e1600000, 0x00000000e1600000|100%| O|  |TAMS 0x00000000e1500000| PB 0x00000000e1500000| Untracked |  0
|  22|0x00000000e1600000, 0x00000000e1700000, 0x00000000e1700000|100%| O|  |TAMS 0x00000000e1600000| PB 0x00000000e1600000| Untracked |  0
|  23|0x00000000e1700000, 0x00000000e1800000, 0x00000000e1800000|100%| O|  |TAMS 0x00000000e1700000| PB 0x00000000e1700000| Untracked |  0
|  24|0x00000000e1800000, 0x00000000e1900000, 0x00000000e1900000|100%| O|  |TAMS 0x00000000e1800000| PB 0x00000000e1800000| Untracked |  0
|  25|0x00000000e1900000, 0x00000000e1a00000, 0x00000000e1a00000|100%| O|  |TAMS 0x00000000e1900000| PB 0x00000000e1900000| Untracked |  0
|  26|0x00000000e1a00000, 0x00000000e1b00000, 0x00000000e1b00000|100%| O|  |TAMS 0x00000000e1a00000| PB 0x00000000e1a00000| Untracked |  0
|  27|0x00000000e1b00000, 0x00000000e1c00000, 0x00000000e1c00000|100%| O|  |TAMS 0x00000000e1b00000| PB 0x00000000e1b00000| Untracked |  0
|  28|0x00000000e1c00000, 0x00000000e1d00000, 0x00000000e1d00000|100%| O|  |TAMS 0x00000000e1c00000| PB 0x00000000e1c00000| Untracked |  0
|  29|0x00000000e1d00000, 0x00000000e1e00000, 0x00000000e1e00000|100%| O|  |TAMS 0x00000000e1d00000| PB 0x00000000e1d00000| Untracked |  0
|  30|0x00000000e1e00000, 0x00000000e1f00000, 0x00000000e1f00000|100%| O|  |TAMS 0x00000000e1e00000| PB 0x00000000e1e00000| Untracked |  0
|  31|0x00000000e1f00000, 0x00000000e2000000, 0x00000000e2000000|100%| O|  |TAMS 0x00000000e1f00000| PB 0x00000000e1f00000| Untracked |  0
|  32|0x00000000e2000000, 0x00000000e2000000, 0x00000000e2100000|  0%| F|  |TAMS 0x00000000e2000000| PB 0x00000000e2000000| Untracked |  0
|  33|0x00000000e2100000, 0x00000000e2200000, 0x00000000e2200000|100%| O|  |TAMS 0x00000000e2100000| PB 0x00000000e2100000| Untracked |  0
|  34|0x00000000e2200000, 0x00000000e2300000, 0x00000000e2300000|100%| O|  |TAMS 0x00000000e2200000| PB 0x00000000e2200000| Untracked |  0
|  35|0x00000000e2300000, 0x00000000e2400000, 0x00000000e2400000|100%| O|  |TAMS 0x00000000e2300000| PB 0x00000000e2300000| Untracked |  0
|  36|0x00000000e2400000, 0x00000000e2500000, 0x00000000e2500000|100%| O|  |TAMS 0x00000000e2400000| PB 0x00000000e2400000| Untracked |  0
|  37|0x00000000e2500000, 0x00000000e2600000, 0x00000000e2600000|100%| O|  |TAMS 0x00000000e2500000| PB 0x00000000e2500000| Untracked |  0
|  38|0x00000000e2600000, 0x00000000e2700000, 0x00000000e2700000|100%| O|  |TAMS 0x00000000e2600000| PB 0x00000000e2600000| Untracked |  0
|  39|0x00000000e2700000, 0x00000000e2800000, 0x00000000e2800000|100%| O|  |TAMS 0x00000000e2700000| PB 0x00000000e2700000| Untracked |  0
|  40|0x00000000e2800000, 0x00000000e2900000, 0x00000000e2900000|100%| O|  |TAMS 0x00000000e2800000| PB 0x00000000e2800000| Untracked |  0
|  41|0x00000000e2900000, 0x00000000e2a00000, 0x00000000e2a00000|100%| O|  |TAMS 0x00000000e2900000| PB 0x00000000e2900000| Untracked |  0
|  42|0x00000000e2a00000, 0x00000000e2b00000, 0x00000000e2b00000|100%| O|  |TAMS 0x00000000e2a00000| PB 0x00000000e2a00000| Untracked |  0
|  43|0x00000000e2b00000, 0x00000000e2c00000, 0x00000000e2c00000|100%| O|  |TAMS 0x00000000e2b00000| PB 0x00000000e2b00000| Untracked |  0
|  44|0x00000000e2c00000, 0x00000000e2d00000, 0x00000000e2d00000|100%| O|  |TAMS 0x00000000e2c00000| PB 0x00000000e2c00000| Untracked |  0
|  45|0x00000000e2d00000, 0x00000000e2e00000, 0x00000000e2e00000|100%| O|  |TAMS 0x00000000e2d00000| PB 0x00000000e2d00000| Untracked |  0
|  46|0x00000000e2e00000, 0x00000000e2f00000, 0x00000000e2f00000|100%| O|  |TAMS 0x00000000e2e00000| PB 0x00000000e2e00000| Untracked |  0
|  47|0x00000000e2f00000, 0x00000000e3000000, 0x00000000e3000000|100%| O|  |TAMS 0x00000000e2f00000| PB 0x00000000e2f00000| Untracked |  0
|  48|0x00000000e3000000, 0x00000000e3100000, 0x00000000e3100000|100%| O|  |TAMS 0x00000000e3000000| PB 0x00000000e3000000| Untracked |  0
|  49|0x00000000e3100000, 0x00000000e3200000, 0x00000000e3200000|100%| O|  |TAMS 0x00000000e3100000| PB 0x00000000e3100000| Untracked |  0
|  50|0x00000000e3200000, 0x00000000e3300000, 0x00000000e3300000|100%| O|  |TAMS 0x00000000e3200000| PB 0x00000000e3200000| Untracked |  0
|  51|0x00000000e3300000, 0x00000000e3400000, 0x00000000e3400000|100%| O|  |TAMS 0x00000000e3300000| PB 0x00000000e3300000| Untracked |  0
|  52|0x00000000e3400000, 0x00000000e3500000, 0x00000000e3500000|100%| O|  |TAMS 0x00000000e3400000| PB 0x00000000e3400000| Untracked |  0
|  53|0x00000000e3500000, 0x00000000e3600000, 0x00000000e3600000|100%| O|  |TAMS 0x00000000e3500000| PB 0x00000000e3500000| Untracked |  0
|  54|0x00000000e3600000, 0x00000000e3700000, 0x00000000e3700000|100%| O|  |TAMS 0x00000000e3600000| PB 0x00000000e3600000| Untracked |  0
|  55|0x00000000e3700000, 0x00000000e3800000, 0x00000000e3800000|100%| O|  |TAMS 0x00000000e3700000| PB 0x00000000e3700000| Untracked |  0
|  56|0x00000000e3800000, 0x00000000e3900000, 0x00000000e3900000|100%| O|  |TAMS 0x00000000e3800000| PB 0x00000000e3800000| Untracked |  0
|  57|0x00000000e3900000, 0x00000000e3a00000, 0x00000000e3a00000|100%| O|  |TAMS 0x00000000e3900000| PB 0x00000000e3900000| Untracked |  0
|  58|0x00000000e3a00000, 0x00000000e3b00000, 0x00000000e3b00000|100%| O|  |TAMS 0x00000000e3a00000| PB 0x00000000e3a00000| Untracked |  0
|  59|0x00000000e3b00000, 0x00000000e3c00000, 0x00000000e3c00000|100%| O|  |TAMS 0x00000000e3b00000| PB 0x00000000e3b00000| Untracked |  0
|  60|0x00000000e3c00000, 0x00000000e3d00000, 0x00000000e3d00000|100%| O|  |TAMS 0x00000000e3c00000| PB 0x00000000e3c00000| Untracked |  0
|  61|0x00000000e3d00000, 0x00000000e3e00000, 0x00000000e3e00000|100%| O|  |TAMS 0x00000000e3d00000| PB 0x00000000e3d00000| Untracked |  0
|  62|0x00000000e3e00000, 0x00000000e3f00000, 0x00000000e3f00000|100%| O|  |TAMS 0x00000000e3e00000| PB 0x00000000e3e00000| Untracked |  0
|  63|0x00000000e3f00000, 0x00000000e4000000, 0x00000000e4000000|100%| O|  |TAMS 0x00000000e3f00000| PB 0x00000000e3f00000| Untracked |  0
|  64|0x00000000e4000000, 0x00000000e4100000, 0x00000000e4100000|100%| O|  |TAMS 0x00000000e4000000| PB 0x00000000e4000000| Untracked |  0
|  65|0x00000000e4100000, 0x00000000e4200000, 0x00000000e4200000|100%| O|  |TAMS 0x00000000e4100000| PB 0x00000000e4100000| Untracked |  0
|  66|0x00000000e4200000, 0x00000000e4300000, 0x00000000e4300000|100%| O|  |TAMS 0x00000000e4200000| PB 0x00000000e4200000| Untracked |  0
|  67|0x00000000e4300000, 0x00000000e4400000, 0x00000000e4400000|100%| O|  |TAMS 0x00000000e4300000| PB 0x00000000e4300000| Untracked |  0
|  68|0x00000000e4400000, 0x00000000e4500000, 0x00000000e4500000|100%| O|  |TAMS 0x00000000e4400000| PB 0x00000000e4400000| Untracked |  0
|  69|0x00000000e4500000, 0x00000000e4554920, 0x00000000e4600000| 33%| O|  |TAMS 0x00000000e4500000| PB 0x00000000e4500000| Untracked |  0
|  70|0x00000000e4600000, 0x00000000e4600000, 0x00000000e4700000|  0%| F|  |TAMS 0x00000000e4600000| PB 0x00000000e4600000| Untracked |  0
|  71|0x00000000e4700000, 0x00000000e4700000, 0x00000000e4800000|  0%| F|  |TAMS 0x00000000e4700000| PB 0x00000000e4700000| Untracked |  0
|  72|0x00000000e4800000, 0x00000000e4800000, 0x00000000e4900000|  0%| F|  |TAMS 0x00000000e4800000| PB 0x00000000e4800000| Untracked |  0
|  73|0x00000000e4900000, 0x00000000e4900000, 0x00000000e4a00000|  0%| F|  |TAMS 0x00000000e4900000| PB 0x00000000e4900000| Untracked |  0
|  74|0x00000000e4a00000, 0x00000000e4a00000, 0x00000000e4b00000|  0%| F|  |TAMS 0x00000000e4a00000| PB 0x00000000e4a00000| Untracked |  0
|  75|0x00000000e4b00000, 0x00000000e4b00000, 0x00000000e4c00000|  0%| F|  |TAMS 0x00000000e4b00000| PB 0x00000000e4b00000| Untracked |  0
|  76|0x00000000e4c00000, 0x00000000e4c00000, 0x00000000e4d00000|  0%| F|  |TAMS 0x00000000e4c00000| PB 0x00000000e4c00000| Untracked |  0
|  77|0x00000000e4d00000, 0x00000000e4d00000, 0x00000000e4e00000|  0%| F|  |TAMS 0x00000000e4d00000| PB 0x00000000e4d00000| Untracked |  0
|  78|0x00000000e4e00000, 0x00000000e4e00000, 0x00000000e4f00000|  0%| F|  |TAMS 0x00000000e4e00000| PB 0x00000000e4e00000| Untracked |  0
|  79|0x00000000e4f00000, 0x00000000e4f00000, 0x00000000e5000000|  0%| F|  |TAMS 0x00000000e4f00000| PB 0x00000000e4f00000| Untracked |  0
|  80|0x00000000e5000000, 0x00000000e5000000, 0x00000000e5100000|  0%| F|  |TAMS 0x00000000e5000000| PB 0x00000000e5000000| Untracked |  0
|  81|0x00000000e5100000, 0x00000000e5100000, 0x00000000e5200000|  0%| F|  |TAMS 0x00000000e5100000| PB 0x00000000e5100000| Untracked |  0
|  82|0x00000000e5200000, 0x00000000e5200000, 0x00000000e5300000|  0%| F|  |TAMS 0x00000000e5200000| PB 0x00000000e5200000| Untracked |  0
|  83|0x00000000e5300000, 0x00000000e5300000, 0x00000000e5400000|  0%| F|  |TAMS 0x00000000e5300000| PB 0x00000000e5300000| Untracked |  0
|  84|0x00000000e5400000, 0x00000000e5400000, 0x00000000e5500000|  0%| F|  |TAMS 0x00000000e5400000| PB 0x00000000e5400000| Untracked |  0
|  85|0x00000000e5500000, 0x00000000e5500000, 0x00000000e5600000|  0%| F|  |TAMS 0x00000000e5500000| PB 0x00000000e5500000| Untracked |  0
|  86|0x00000000e5600000, 0x00000000e5600000, 0x00000000e5700000|  0%| F|  |TAMS 0x00000000e5600000| PB 0x00000000e5600000| Untracked |  0
|  87|0x00000000e5700000, 0x00000000e5700000, 0x00000000e5800000|  0%| F|  |TAMS 0x00000000e5700000| PB 0x00000000e5700000| Untracked |  0
|  88|0x00000000e5800000, 0x00000000e5800000, 0x00000000e5900000|  0%| F|  |TAMS 0x00000000e5800000| PB 0x00000000e5800000| Untracked |  0
|  89|0x00000000e5900000, 0x00000000e5900000, 0x00000000e5a00000|  0%| F|  |TAMS 0x00000000e5900000| PB 0x00000000e5900000| Untracked |  0
|  90|0x00000000e5a00000, 0x00000000e5a00000, 0x00000000e5b00000|  0%| F|  |TAMS 0x00000000e5a00000| PB 0x00000000e5a00000| Untracked |  0
|  91|0x00000000e5b00000, 0x00000000e5b00000, 0x00000000e5c00000|  0%| F|  |TAMS 0x00000000e5b00000| PB 0x00000000e5b00000| Untracked |  0
|  92|0x00000000e5c00000, 0x00000000e5c00000, 0x00000000e5d00000|  0%| F|  |TAMS 0x00000000e5c00000| PB 0x00000000e5c00000| Untracked |  0
|  93|0x00000000e5d00000, 0x00000000e5d00000, 0x00000000e5e00000|  0%| F|  |TAMS 0x00000000e5d00000| PB 0x00000000e5d00000| Untracked |  0
|  94|0x00000000e5e00000, 0x00000000e5e00000, 0x00000000e5f00000|  0%| F|  |TAMS 0x00000000e5e00000| PB 0x00000000e5e00000| Untracked |  0
|  95|0x00000000e5f00000, 0x00000000e5f00000, 0x00000000e6000000|  0%| F|  |TAMS 0x00000000e5f00000| PB 0x00000000e5f00000| Untracked |  0
|  96|0x00000000e6000000, 0x00000000e6000000, 0x00000000e6100000|  0%| F|  |TAMS 0x00000000e6000000| PB 0x00000000e6000000| Untracked |  0
|  97|0x00000000e6100000, 0x00000000e6100000, 0x00000000e6200000|  0%| F|  |TAMS 0x00000000e6100000| PB 0x00000000e6100000| Untracked |  0
|  98|0x00000000e6200000, 0x00000000e6200000, 0x00000000e6300000|  0%| F|  |TAMS 0x00000000e6200000| PB 0x00000000e6200000| Untracked |  0
|  99|0x00000000e6300000, 0x00000000e6300000, 0x00000000e6400000|  0%| F|  |TAMS 0x00000000e6300000| PB 0x00000000e6300000| Untracked |  0
| 100|0x00000000e6400000, 0x00000000e6400000, 0x00000000e6500000|  0%| F|  |TAMS 0x00000000e6400000| PB 0x00000000e6400000| Untracked |  0
| 101|0x00000000e6500000, 0x00000000e6500000, 0x00000000e6600000|  0%| F|  |TAMS 0x00000000e6500000| PB 0x00000000e6500000| Untracked |  0
| 102|0x00000000e6600000, 0x00000000e6600000, 0x00000000e6700000|  0%| F|  |TAMS 0x00000000e6600000| PB 0x00000000e6600000| Untracked |  0
| 103|0x00000000e6700000, 0x00000000e6700000, 0x00000000e6800000|  0%| F|  |TAMS 0x00000000e6700000| PB 0x00000000e6700000| Untracked |  0
| 104|0x00000000e6800000, 0x00000000e6800000, 0x00000000e6900000|  0%| F|  |TAMS 0x00000000e6800000| PB 0x00000000e6800000| Untracked |  0
| 105|0x00000000e6900000, 0x00000000e6900000, 0x00000000e6a00000|  0%| F|  |TAMS 0x00000000e6900000| PB 0x00000000e6900000| Untracked |  0
| 106|0x00000000e6a00000, 0x00000000e6a00000, 0x00000000e6b00000|  0%| F|  |TAMS 0x00000000e6a00000| PB 0x00000000e6a00000| Untracked |  0
| 107|0x00000000e6b00000, 0x00000000e6b00000, 0x00000000e6c00000|  0%| F|  |TAMS 0x00000000e6b00000| PB 0x00000000e6b00000| Untracked |  0
| 108|0x00000000e6c00000, 0x00000000e6c00000, 0x00000000e6d00000|  0%| F|  |TAMS 0x00000000e6c00000| PB 0x00000000e6c00000| Untracked |  0
| 109|0x00000000e6d00000, 0x00000000e6d00000, 0x00000000e6e00000|  0%| F|  |TAMS 0x00000000e6d00000| PB 0x00000000e6d00000| Untracked |  0
| 110|0x00000000e6e00000, 0x00000000e6e00000, 0x00000000e6f00000|  0%| F|  |TAMS 0x00000000e6e00000| PB 0x00000000e6e00000| Untracked |  0
| 111|0x00000000e6f00000, 0x00000000e6f00000, 0x00000000e7000000|  0%| F|  |TAMS 0x00000000e6f00000| PB 0x00000000e6f00000| Untracked |  0
| 112|0x00000000e7000000, 0x00000000e7000000, 0x00000000e7100000|  0%| F|  |TAMS 0x00000000e7000000| PB 0x00000000e7000000| Untracked |  0
| 113|0x00000000e7100000, 0x00000000e7100000, 0x00000000e7200000|  0%| F|  |TAMS 0x00000000e7100000| PB 0x00000000e7100000| Untracked |  0
| 114|0x00000000e7200000, 0x00000000e7200000, 0x00000000e7300000|  0%| F|  |TAMS 0x00000000e7200000| PB 0x00000000e7200000| Untracked |  0
| 115|0x00000000e7300000, 0x00000000e7300000, 0x00000000e7400000|  0%| F|  |TAMS 0x00000000e7300000| PB 0x00000000e7300000| Untracked |  0
| 116|0x00000000e7400000, 0x00000000e7400000, 0x00000000e7500000|  0%| F|  |TAMS 0x00000000e7400000| PB 0x00000000e7400000| Untracked |  0
| 117|0x00000000e7500000, 0x00000000e7500000, 0x00000000e7600000|  0%| F|  |TAMS 0x00000000e7500000| PB 0x00000000e7500000| Untracked |  0
| 118|0x00000000e7600000, 0x00000000e7600000, 0x00000000e7700000|  0%| F|  |TAMS 0x00000000e7600000| PB 0x00000000e7600000| Untracked |  0
| 119|0x00000000e7700000, 0x00000000e7758698, 0x00000000e7800000| 34%| S|CS|TAMS 0x00000000e7700000| PB 0x00000000e7700000| Complete |  0
| 120|0x00000000e7800000, 0x00000000e7900000, 0x00000000e7900000|100%| S|CS|TAMS 0x00000000e7800000| PB 0x00000000e7800000| Complete |  0
| 121|0x00000000e7900000, 0x00000000e7a00000, 0x00000000e7a00000|100%| S|CS|TAMS 0x00000000e7900000| PB 0x00000000e7900000| Complete |  0
| 122|0x00000000e7a00000, 0x00000000e7b00000, 0x00000000e7b00000|100%| S|CS|TAMS 0x00000000e7a00000| PB 0x00000000e7a00000| Complete |  0
| 123|0x00000000e7b00000, 0x00000000e7b00000, 0x00000000e7c00000|  0%| F|  |TAMS 0x00000000e7b00000| PB 0x00000000e7b00000| Untracked |  0
| 124|0x00000000e7c00000, 0x00000000e7c00000, 0x00000000e7d00000|  0%| F|  |TAMS 0x00000000e7c00000| PB 0x00000000e7c00000| Untracked |  0
| 125|0x00000000e7d00000, 0x00000000e7d00000, 0x00000000e7e00000|  0%| F|  |TAMS 0x00000000e7d00000| PB 0x00000000e7d00000| Untracked |  0
| 126|0x00000000e7e00000, 0x00000000e7e00000, 0x00000000e7f00000|  0%| F|  |TAMS 0x00000000e7e00000| PB 0x00000000e7e00000| Untracked |  0
| 127|0x00000000e7f00000, 0x00000000e7f00000, 0x00000000e8000000|  0%| F|  |TAMS 0x00000000e7f00000| PB 0x00000000e7f00000| Untracked |  0
| 128|0x00000000e8000000, 0x00000000e8000000, 0x00000000e8100000|  0%| F|  |TAMS 0x00000000e8000000| PB 0x00000000e8000000| Untracked |  0
| 129|0x00000000e8100000, 0x00000000e8100000, 0x00000000e8200000|  0%| F|  |TAMS 0x00000000e8100000| PB 0x00000000e8100000| Untracked |  0
| 130|0x00000000e8200000, 0x00000000e8200000, 0x00000000e8300000|  0%| F|  |TAMS 0x00000000e8200000| PB 0x00000000e8200000| Untracked |  0
| 131|0x00000000e8300000, 0x00000000e8300000, 0x00000000e8400000|  0%| F|  |TAMS 0x00000000e8300000| PB 0x00000000e8300000| Untracked |  0
| 132|0x00000000e8400000, 0x00000000e8400000, 0x00000000e8500000|  0%| F|  |TAMS 0x00000000e8400000| PB 0x00000000e8400000| Untracked |  0
| 133|0x00000000e8500000, 0x00000000e8500000, 0x00000000e8600000|  0%| F|  |TAMS 0x00000000e8500000| PB 0x00000000e8500000| Untracked |  0
| 134|0x00000000e8600000, 0x00000000e8600000, 0x00000000e8700000|  0%| F|  |TAMS 0x00000000e8600000| PB 0x00000000e8600000| Untracked |  0
| 135|0x00000000e8700000, 0x00000000e8700000, 0x00000000e8800000|  0%| F|  |TAMS 0x00000000e8700000| PB 0x00000000e8700000| Untracked |  0
| 136|0x00000000e8800000, 0x00000000e8800000, 0x00000000e8900000|  0%| F|  |TAMS 0x00000000e8800000| PB 0x00000000e8800000| Untracked |  0
| 137|0x00000000e8900000, 0x00000000e8900000, 0x00000000e8a00000|  0%| F|  |TAMS 0x00000000e8900000| PB 0x00000000e8900000| Untracked |  0
| 138|0x00000000e8a00000, 0x00000000e8a00000, 0x00000000e8b00000|  0%| F|  |TAMS 0x00000000e8a00000| PB 0x00000000e8a00000| Untracked |  0
| 139|0x00000000e8b00000, 0x00000000e8b00000, 0x00000000e8c00000|  0%| F|  |TAMS 0x00000000e8b00000| PB 0x00000000e8b00000| Untracked |  0
| 140|0x00000000e8c00000, 0x00000000e8c00000, 0x00000000e8d00000|  0%| F|  |TAMS 0x00000000e8c00000| PB 0x00000000e8c00000| Untracked |  0
| 141|0x00000000e8d00000, 0x00000000e8d00000, 0x00000000e8e00000|  0%| F|  |TAMS 0x00000000e8d00000| PB 0x00000000e8d00000| Untracked |  0
| 142|0x00000000e8e00000, 0x00000000e8e00000, 0x00000000e8f00000|  0%| F|  |TAMS 0x00000000e8e00000| PB 0x00000000e8e00000| Untracked |  0
| 143|0x00000000e8f00000, 0x00000000e8f00000, 0x00000000e9000000|  0%| F|  |TAMS 0x00000000e8f00000| PB 0x00000000e8f00000| Untracked |  0
| 144|0x00000000e9000000, 0x00000000e9000000, 0x00000000e9100000|  0%| F|  |TAMS 0x00000000e9000000| PB 0x00000000e9000000| Untracked |  0
| 145|0x00000000e9100000, 0x00000000e9100000, 0x00000000e9200000|  0%| F|  |TAMS 0x00000000e9100000| PB 0x00000000e9100000| Untracked |  0
| 146|0x00000000e9200000, 0x00000000e9200000, 0x00000000e9300000|  0%| F|  |TAMS 0x00000000e9200000| PB 0x00000000e9200000| Untracked |  0
| 147|0x00000000e9300000, 0x00000000e9300000, 0x00000000e9400000|  0%| F|  |TAMS 0x00000000e9300000| PB 0x00000000e9300000| Untracked |  0
| 148|0x00000000e9400000, 0x00000000e9400000, 0x00000000e9500000|  0%| F|  |TAMS 0x00000000e9400000| PB 0x00000000e9400000| Untracked |  0
| 149|0x00000000e9500000, 0x00000000e9500000, 0x00000000e9600000|  0%| F|  |TAMS 0x00000000e9500000| PB 0x00000000e9500000| Untracked |  0
| 150|0x00000000e9600000, 0x00000000e9600000, 0x00000000e9700000|  0%| F|  |TAMS 0x00000000e9600000| PB 0x00000000e9600000| Untracked |  0
| 151|0x00000000e9700000, 0x00000000e9700000, 0x00000000e9800000|  0%| F|  |TAMS 0x00000000e9700000| PB 0x00000000e9700000| Untracked |  0
| 152|0x00000000e9800000, 0x00000000e9800000, 0x00000000e9900000|  0%| F|  |TAMS 0x00000000e9800000| PB 0x00000000e9800000| Untracked |  0
| 153|0x00000000e9900000, 0x00000000e9900000, 0x00000000e9a00000|  0%| F|  |TAMS 0x00000000e9900000| PB 0x00000000e9900000| Untracked |  0
| 154|0x00000000e9a00000, 0x00000000e9a00000, 0x00000000e9b00000|  0%| F|  |TAMS 0x00000000e9a00000| PB 0x00000000e9a00000| Untracked |  0
| 155|0x00000000e9b00000, 0x00000000e9b00000, 0x00000000e9c00000|  0%| F|  |TAMS 0x00000000e9b00000| PB 0x00000000e9b00000| Untracked |  0
| 156|0x00000000e9c00000, 0x00000000e9c00000, 0x00000000e9d00000|  0%| F|  |TAMS 0x00000000e9c00000| PB 0x00000000e9c00000| Untracked |  0
| 157|0x00000000e9d00000, 0x00000000e9d00000, 0x00000000e9e00000|  0%| F|  |TAMS 0x00000000e9d00000| PB 0x00000000e9d00000| Untracked |  0
| 158|0x00000000e9e00000, 0x00000000e9e00000, 0x00000000e9f00000|  0%| F|  |TAMS 0x00000000e9e00000| PB 0x00000000e9e00000| Untracked |  0
| 159|0x00000000e9f00000, 0x00000000e9f00000, 0x00000000ea000000|  0%| F|  |TAMS 0x00000000e9f00000| PB 0x00000000e9f00000| Untracked |  0
| 160|0x00000000ea000000, 0x00000000ea000000, 0x00000000ea100000|  0%| F|  |TAMS 0x00000000ea000000| PB 0x00000000ea000000| Untracked |  0
| 161|0x00000000ea100000, 0x00000000ea100000, 0x00000000ea200000|  0%| F|  |TAMS 0x00000000ea100000| PB 0x00000000ea100000| Untracked |  0
| 162|0x00000000ea200000, 0x00000000ea200000, 0x00000000ea300000|  0%| F|  |TAMS 0x00000000ea200000| PB 0x00000000ea200000| Untracked |  0
| 163|0x00000000ea300000, 0x00000000ea300000, 0x00000000ea400000|  0%| F|  |TAMS 0x00000000ea300000| PB 0x00000000ea300000| Untracked |  0
| 164|0x00000000ea400000, 0x00000000ea400000, 0x00000000ea500000|  0%| F|  |TAMS 0x00000000ea400000| PB 0x00000000ea400000| Untracked |  0
| 165|0x00000000ea500000, 0x00000000ea500000, 0x00000000ea600000|  0%| F|  |TAMS 0x00000000ea500000| PB 0x00000000ea500000| Untracked |  0
| 166|0x00000000ea600000, 0x00000000ea600000, 0x00000000ea700000|  0%| F|  |TAMS 0x00000000ea600000| PB 0x00000000ea600000| Untracked |  0
| 167|0x00000000ea700000, 0x00000000ea700000, 0x00000000ea800000|  0%| F|  |TAMS 0x00000000ea700000| PB 0x00000000ea700000| Untracked |  0
| 168|0x00000000ea800000, 0x00000000ea800000, 0x00000000ea900000|  0%| F|  |TAMS 0x00000000ea800000| PB 0x00000000ea800000| Untracked |  0
| 169|0x00000000ea900000, 0x00000000ea900000, 0x00000000eaa00000|  0%| F|  |TAMS 0x00000000ea900000| PB 0x00000000ea900000| Untracked |  0
| 170|0x00000000eaa00000, 0x00000000eaa00000, 0x00000000eab00000|  0%| F|  |TAMS 0x00000000eaa00000| PB 0x00000000eaa00000| Untracked |  0
| 171|0x00000000eab00000, 0x00000000eab00000, 0x00000000eac00000|  0%| F|  |TAMS 0x00000000eab00000| PB 0x00000000eab00000| Untracked |  0
| 172|0x00000000eac00000, 0x00000000eac00000, 0x00000000ead00000|  0%| F|  |TAMS 0x00000000eac00000| PB 0x00000000eac00000| Untracked |  0
| 173|0x00000000ead00000, 0x00000000ead00000, 0x00000000eae00000|  0%| F|  |TAMS 0x00000000ead00000| PB 0x00000000ead00000| Untracked |  0
| 174|0x00000000eae00000, 0x00000000eae00000, 0x00000000eaf00000|  0%| F|  |TAMS 0x00000000eae00000| PB 0x00000000eae00000| Untracked |  0
| 175|0x00000000eaf00000, 0x00000000eaf00000, 0x00000000eb000000|  0%| F|  |TAMS 0x00000000eaf00000| PB 0x00000000eaf00000| Untracked |  0
| 176|0x00000000eb000000, 0x00000000eb000000, 0x00000000eb100000|  0%| F|  |TAMS 0x00000000eb000000| PB 0x00000000eb000000| Untracked |  0
| 177|0x00000000eb100000, 0x00000000eb100000, 0x00000000eb200000|  0%| F|  |TAMS 0x00000000eb100000| PB 0x00000000eb100000| Untracked |  0
| 178|0x00000000eb200000, 0x00000000eb200000, 0x00000000eb300000|  0%| F|  |TAMS 0x00000000eb200000| PB 0x00000000eb200000| Untracked |  0
| 179|0x00000000eb300000, 0x00000000eb300000, 0x00000000eb400000|  0%| F|  |TAMS 0x00000000eb300000| PB 0x00000000eb300000| Untracked |  0
| 180|0x00000000eb400000, 0x00000000eb400000, 0x00000000eb500000|  0%| F|  |TAMS 0x00000000eb400000| PB 0x00000000eb400000| Untracked |  0
| 181|0x00000000eb500000, 0x00000000eb500000, 0x00000000eb600000|  0%| F|  |TAMS 0x00000000eb500000| PB 0x00000000eb500000| Untracked |  0
| 182|0x00000000eb600000, 0x00000000eb600000, 0x00000000eb700000|  0%| F|  |TAMS 0x00000000eb600000| PB 0x00000000eb600000| Untracked |  0
| 183|0x00000000eb700000, 0x00000000eb700000, 0x00000000eb800000|  0%| F|  |TAMS 0x00000000eb700000| PB 0x00000000eb700000| Untracked |  0
| 184|0x00000000eb800000, 0x00000000eb800000, 0x00000000eb900000|  0%| F|  |TAMS 0x00000000eb800000| PB 0x00000000eb800000| Untracked |  0
| 185|0x00000000eb900000, 0x00000000eb900000, 0x00000000eba00000|  0%| F|  |TAMS 0x00000000eb900000| PB 0x00000000eb900000| Untracked |  0
| 186|0x00000000eba00000, 0x00000000eba00000, 0x00000000ebb00000|  0%| F|  |TAMS 0x00000000eba00000| PB 0x00000000eba00000| Untracked |  0
| 187|0x00000000ebb00000, 0x00000000ebb00000, 0x00000000ebc00000|  0%| F|  |TAMS 0x00000000ebb00000| PB 0x00000000ebb00000| Untracked |  0
| 188|0x00000000ebc00000, 0x00000000ebc00000, 0x00000000ebd00000|  0%| F|  |TAMS 0x00000000ebc00000| PB 0x00000000ebc00000| Untracked |  0
| 189|0x00000000ebd00000, 0x00000000ebd00000, 0x00000000ebe00000|  0%| F|  |TAMS 0x00000000ebd00000| PB 0x00000000ebd00000| Untracked |  0
| 190|0x00000000ebe00000, 0x00000000ebe00000, 0x00000000ebf00000|  0%| F|  |TAMS 0x00000000ebe00000| PB 0x00000000ebe00000| Untracked |  0
| 191|0x00000000ebf00000, 0x00000000ebf00000, 0x00000000ec000000|  0%| F|  |TAMS 0x00000000ebf00000| PB 0x00000000ebf00000| Untracked |  0
| 192|0x00000000ec000000, 0x00000000ec000000, 0x00000000ec100000|  0%| F|  |TAMS 0x00000000ec000000| PB 0x00000000ec000000| Untracked |  0
| 193|0x00000000ec100000, 0x00000000ec100000, 0x00000000ec200000|  0%| F|  |TAMS 0x00000000ec100000| PB 0x00000000ec100000| Untracked |  0
| 194|0x00000000ec200000, 0x00000000ec200000, 0x00000000ec300000|  0%| F|  |TAMS 0x00000000ec200000| PB 0x00000000ec200000| Untracked |  0
| 195|0x00000000ec300000, 0x00000000ec300000, 0x00000000ec400000|  0%| F|  |TAMS 0x00000000ec300000| PB 0x00000000ec300000| Untracked |  0
| 196|0x00000000ec400000, 0x00000000ec400000, 0x00000000ec500000|  0%| F|  |TAMS 0x00000000ec400000| PB 0x00000000ec400000| Untracked |  0
| 197|0x00000000ec500000, 0x00000000ec500000, 0x00000000ec600000|  0%| F|  |TAMS 0x00000000ec500000| PB 0x00000000ec500000| Untracked |  0
| 198|0x00000000ec600000, 0x00000000ec600000, 0x00000000ec700000|  0%| F|  |TAMS 0x00000000ec600000| PB 0x00000000ec600000| Untracked |  0
| 199|0x00000000ec700000, 0x00000000ec700000, 0x00000000ec800000|  0%| F|  |TAMS 0x00000000ec700000| PB 0x00000000ec700000| Untracked |  0
| 200|0x00000000ec800000, 0x00000000ec800000, 0x00000000ec900000|  0%| F|  |TAMS 0x00000000ec800000| PB 0x00000000ec800000| Untracked |  0
| 201|0x00000000ec900000, 0x00000000ec900000, 0x00000000eca00000|  0%| F|  |TAMS 0x00000000ec900000| PB 0x00000000ec900000| Untracked |  0
| 202|0x00000000eca00000, 0x00000000eca00000, 0x00000000ecb00000|  0%| F|  |TAMS 0x00000000eca00000| PB 0x00000000eca00000| Untracked |  0
| 203|0x00000000ecb00000, 0x00000000ecb00000, 0x00000000ecc00000|  0%| F|  |TAMS 0x00000000ecb00000| PB 0x00000000ecb00000| Untracked |  0
| 204|0x00000000ecc00000, 0x00000000ecc00000, 0x00000000ecd00000|  0%| F|  |TAMS 0x00000000ecc00000| PB 0x00000000ecc00000| Untracked |  0
| 205|0x00000000ecd00000, 0x00000000ecd00000, 0x00000000ece00000|  0%| F|  |TAMS 0x00000000ecd00000| PB 0x00000000ecd00000| Untracked |  0
| 206|0x00000000ece00000, 0x00000000ece00000, 0x00000000ecf00000|  0%| F|  |TAMS 0x00000000ece00000| PB 0x00000000ece00000| Untracked |  0
| 207|0x00000000ecf00000, 0x00000000ecf00000, 0x00000000ed000000|  0%| F|  |TAMS 0x00000000ecf00000| PB 0x00000000ecf00000| Untracked |  0
| 208|0x00000000ed000000, 0x00000000ed000000, 0x00000000ed100000|  0%| F|  |TAMS 0x00000000ed000000| PB 0x00000000ed000000| Untracked |  0
| 209|0x00000000ed100000, 0x00000000ed100000, 0x00000000ed200000|  0%| F|  |TAMS 0x00000000ed100000| PB 0x00000000ed100000| Untracked |  0
| 210|0x00000000ed200000, 0x00000000ed200000, 0x00000000ed300000|  0%| F|  |TAMS 0x00000000ed200000| PB 0x00000000ed200000| Untracked |  0
| 211|0x00000000ed300000, 0x00000000ed300000, 0x00000000ed400000|  0%| F|  |TAMS 0x00000000ed300000| PB 0x00000000ed300000| Untracked |  0
| 212|0x00000000ed400000, 0x00000000ed400000, 0x00000000ed500000|  0%| F|  |TAMS 0x00000000ed400000| PB 0x00000000ed400000| Untracked |  0
| 213|0x00000000ed500000, 0x00000000ed500000, 0x00000000ed600000|  0%| F|  |TAMS 0x00000000ed500000| PB 0x00000000ed500000| Untracked |  0
| 214|0x00000000ed600000, 0x00000000ed600000, 0x00000000ed700000|  0%| F|  |TAMS 0x00000000ed600000| PB 0x00000000ed600000| Untracked |  0
| 215|0x00000000ed700000, 0x00000000ed700000, 0x00000000ed800000|  0%| F|  |TAMS 0x00000000ed700000| PB 0x00000000ed700000| Untracked |  0
| 216|0x00000000ed800000, 0x00000000ed800000, 0x00000000ed900000|  0%| F|  |TAMS 0x00000000ed800000| PB 0x00000000ed800000| Untracked |  0
| 217|0x00000000ed900000, 0x00000000ed900000, 0x00000000eda00000|  0%| F|  |TAMS 0x00000000ed900000| PB 0x00000000ed900000| Untracked |  0
| 218|0x00000000eda00000, 0x00000000eda00000, 0x00000000edb00000|  0%| F|  |TAMS 0x00000000eda00000| PB 0x00000000eda00000| Untracked |  0
| 219|0x00000000edb00000, 0x00000000edb00000, 0x00000000edc00000|  0%| F|  |TAMS 0x00000000edb00000| PB 0x00000000edb00000| Untracked |  0
| 220|0x00000000edc00000, 0x00000000edc00000, 0x00000000edd00000|  0%| F|  |TAMS 0x00000000edc00000| PB 0x00000000edc00000| Untracked |  0
| 221|0x00000000edd00000, 0x00000000edd00000, 0x00000000ede00000|  0%| F|  |TAMS 0x00000000edd00000| PB 0x00000000edd00000| Untracked |  0
| 222|0x00000000ede00000, 0x00000000ede00000, 0x00000000edf00000|  0%| F|  |TAMS 0x00000000ede00000| PB 0x00000000ede00000| Untracked |  0
| 223|0x00000000edf00000, 0x00000000edf00000, 0x00000000ee000000|  0%| F|  |TAMS 0x00000000edf00000| PB 0x00000000edf00000| Untracked |  0
| 224|0x00000000ee000000, 0x00000000ee000000, 0x00000000ee100000|  0%| F|  |TAMS 0x00000000ee000000| PB 0x00000000ee000000| Untracked |  0
| 225|0x00000000ee100000, 0x00000000ee100000, 0x00000000ee200000|  0%| F|  |TAMS 0x00000000ee100000| PB 0x00000000ee100000| Untracked |  0
| 226|0x00000000ee200000, 0x00000000ee200000, 0x00000000ee300000|  0%| F|  |TAMS 0x00000000ee200000| PB 0x00000000ee200000| Untracked |  0
| 227|0x00000000ee300000, 0x00000000ee300000, 0x00000000ee400000|  0%| F|  |TAMS 0x00000000ee300000| PB 0x00000000ee300000| Untracked |  0
| 228|0x00000000ee400000, 0x00000000ee400000, 0x00000000ee500000|  0%| F|  |TAMS 0x00000000ee400000| PB 0x00000000ee400000| Untracked |  0
| 229|0x00000000ee500000, 0x00000000ee5f0630, 0x00000000ee600000| 93%| E|  |TAMS 0x00000000ee500000| PB 0x00000000ee500000| Complete |  0
| 230|0x00000000ee600000, 0x00000000ee700000, 0x00000000ee700000|100%| E|CS|TAMS 0x00000000ee600000| PB 0x00000000ee600000| Complete |  0
| 231|0x00000000ee700000, 0x00000000ee800000, 0x00000000ee800000|100%| E|CS|TAMS 0x00000000ee700000| PB 0x00000000ee700000| Complete |  0
| 232|0x00000000ee800000, 0x00000000ee900000, 0x00000000ee900000|100%| E|CS|TAMS 0x00000000ee800000| PB 0x00000000ee800000| Complete |  0
| 233|0x00000000ee900000, 0x00000000eea00000, 0x00000000eea00000|100%| E|CS|TAMS 0x00000000ee900000| PB 0x00000000ee900000| Complete |  0
| 234|0x00000000eea00000, 0x00000000eeb00000, 0x00000000eeb00000|100%| E|  |TAMS 0x00000000eea00000| PB 0x00000000eea00000| Complete |  0
| 235|0x00000000eeb00000, 0x00000000eec00000, 0x00000000eec00000|100%| E|CS|TAMS 0x00000000eeb00000| PB 0x00000000eeb00000| Complete |  0
| 236|0x00000000eec00000, 0x00000000eed00000, 0x00000000eed00000|100%| E|CS|TAMS 0x00000000eec00000| PB 0x00000000eec00000| Complete |  0
| 237|0x00000000eed00000, 0x00000000eee00000, 0x00000000eee00000|100%| E|CS|TAMS 0x00000000eed00000| PB 0x00000000eed00000| Complete |  0
| 238|0x00000000eee00000, 0x00000000eef00000, 0x00000000eef00000|100%| E|CS|TAMS 0x00000000eee00000| PB 0x00000000eee00000| Complete |  0
| 239|0x00000000eef00000, 0x00000000ef000000, 0x00000000ef000000|100%| E|CS|TAMS 0x00000000eef00000| PB 0x00000000eef00000| Complete |  0
| 240|0x00000000ef000000, 0x00000000ef100000, 0x00000000ef100000|100%| E|CS|TAMS 0x00000000ef000000| PB 0x00000000ef000000| Complete |  0
| 241|0x00000000ef100000, 0x00000000ef200000, 0x00000000ef200000|100%| E|CS|TAMS 0x00000000ef100000| PB 0x00000000ef100000| Complete |  0
| 242|0x00000000ef200000, 0x00000000ef300000, 0x00000000ef300000|100%| E|CS|TAMS 0x00000000ef200000| PB 0x00000000ef200000| Complete |  0
| 243|0x00000000ef300000, 0x00000000ef400000, 0x00000000ef400000|100%| E|CS|TAMS 0x00000000ef300000| PB 0x00000000ef300000| Complete |  0
| 244|0x00000000ef400000, 0x00000000ef500000, 0x00000000ef500000|100%| E|CS|TAMS 0x00000000ef400000| PB 0x00000000ef400000| Complete |  0
| 245|0x00000000ef500000, 0x00000000ef600000, 0x00000000ef600000|100%| E|CS|TAMS 0x00000000ef500000| PB 0x00000000ef500000| Complete |  0
| 246|0x00000000ef600000, 0x00000000ef700000, 0x00000000ef700000|100%| E|CS|TAMS 0x00000000ef600000| PB 0x00000000ef600000| Complete |  0
| 247|0x00000000ef700000, 0x00000000ef800000, 0x00000000ef800000|100%| E|CS|TAMS 0x00000000ef700000| PB 0x00000000ef700000| Complete |  0
| 248|0x00000000ef800000, 0x00000000ef900000, 0x00000000ef900000|100%| E|CS|TAMS 0x00000000ef800000| PB 0x00000000ef800000| Complete |  0
| 249|0x00000000ef900000, 0x00000000efa00000, 0x00000000efa00000|100%| E|CS|TAMS 0x00000000ef900000| PB 0x00000000ef900000| Complete |  0
| 250|0x00000000efa00000, 0x00000000efb00000, 0x00000000efb00000|100%| E|CS|TAMS 0x00000000efa00000| PB 0x00000000efa00000| Complete |  0
| 251|0x00000000efb00000, 0x00000000efc00000, 0x00000000efc00000|100%| E|CS|TAMS 0x00000000efb00000| PB 0x00000000efb00000| Complete |  0
| 252|0x00000000efc00000, 0x00000000efd00000, 0x00000000efd00000|100%| E|CS|TAMS 0x00000000efc00000| PB 0x00000000efc00000| Complete |  0
| 253|0x00000000efd00000, 0x00000000efe00000, 0x00000000efe00000|100%| E|CS|TAMS 0x00000000efd00000| PB 0x00000000efd00000| Complete |  0
| 254|0x00000000efe00000, 0x00000000eff00000, 0x00000000eff00000|100%| E|CS|TAMS 0x00000000efe00000| PB 0x00000000efe00000| Complete |  0
| 255|0x00000000eff00000, 0x00000000f0000000, 0x00000000f0000000|100%| E|CS|TAMS 0x00000000eff00000| PB 0x00000000eff00000| Complete |  0

Card table byte_map: [0x000001f8fb4f0000,0x000001f8fb5f0000] _byte_map_base: 0x000001f8fadf0000

Marking Bits: (CMBitMap*) 0x000001f8f2b7ce10
 Bits: [0x000001f8fb5f0000, 0x000001f8fbdf0000)

Polling page: 0x000001f8f2310000

Metaspace:

Usage:
  Non-class:     51.97 MB used.
      Class:      8.76 MB used.
       Both:     60.73 MB used.

Virtual space:
  Non-class space:       64.00 MB reserved,      53.06 MB ( 83%) committed,  1 nodes.
      Class space:      320.00 MB reserved,       9.81 MB (  3%) committed,  1 nodes.
             Both:      384.00 MB reserved,      62.88 MB ( 16%) committed. 

Chunk freelists:
   Non-Class:  10.98 MB
       Class:  6.04 MB
        Both:  17.02 MB

MaxMetaspaceSize: 384.00 MB
CompressedClassSpaceSize: 320.00 MB
Initial GC threshold: 21.00 MB
Current GC threshold: 97.94 MB
CDS: on
 - commit_granule_bytes: 65536.
 - commit_granule_words: 8192.
 - virtual_space_node_default_size: 8388608.
 - enlarge_chunks_in_place: 1.
 - use_allocation_guard: 0.


Internal statistics:

num_allocs_failed_limit: 9.
num_arena_births: 3778.
num_arena_deaths: 0.
num_vsnodes_births: 2.
num_vsnodes_deaths: 0.
num_space_committed: 1006.
num_space_uncommitted: 0.
num_chunks_returned_to_freelist: 9.
num_chunks_taken_from_freelist: 6872.
num_chunk_merges: 9.
num_chunk_splits: 4374.
num_chunks_enlarged: 2554.
num_inconsistent_stats: 0.

CodeHeap 'non-profiled nmethods': size=120000Kb used=7067Kb max_used=7067Kb free=112932Kb
 bounds [0x000001f887ad0000, 0x000001f8881c0000, 0x000001f88f000000]
CodeHeap 'profiled nmethods': size=120000Kb used=24262Kb max_used=24262Kb free=95737Kb
 bounds [0x000001f880000000, 0x000001f8817c0000, 0x000001f887530000]
CodeHeap 'non-nmethods': size=5760Kb used=2768Kb max_used=2873Kb free=2991Kb
 bounds [0x000001f887530000, 0x000001f887810000, 0x000001f887ad0000]
 total_blobs=12738 nmethods=11849 adapters=792
 compilation: enabled
              stopped_count=0, restarted_count=0
 full_count=0

Compilation events (20 events):
Event: 34.977 Thread 0x000001f8a4040b90 12509       4       java.util.Spliterators$ArraySpliterator::forEachRemaining (68 bytes)
Event: 34.979 Thread 0x000001f8a4040b90 nmethod 12509 0x000001f88819e790 code [0x000001f88819e920, 0x000001f88819eb60]
Event: 34.979 Thread 0x000001f8a4040b90 12506       4       org.gradle.internal.extensibility.DefaultConvention$ExtensionsDynamicObject::asDynamicObject (72 bytes)
Event: 34.984 Thread 0x000001f8a4045490 12512       3       org.gradle.api.internal.artifacts.ivyservice.resolveengine.result.ThisBuildOnlySelectedVariantSerializer::writeVariantData (76 bytes)
Event: 34.985 Thread 0x000001f8a4045490 nmethod 12512 0x000001f881772590 code [0x000001f881772800, 0x000001f881773360]
Event: 34.989 Thread 0x000001f8a4045490 12513       3       io.spring.gradle.dependencymanagement.org.apache.maven.model.profile.activation.JdkVersionProfileActivator$RangeValue::<init> (18 bytes)
Event: 34.990 Thread 0x000001f8a4045490 nmethod 12513 0x000001f881773790 code [0x000001f881773960, 0x000001f881773d60]
Event: 34.990 Thread 0x000001f8a4045490 12516       3       io.spring.gradle.dependencymanagement.org.apache.maven.model.path.ProfileActivationFilePathInterpolator::interpolate (130 bytes)
Event: 34.990 Thread 0x000001f8a4040b90 nmethod 12506 0x000001f88819ed10 code [0x000001f88819ef60, 0x000001f88819f9e0]
Event: 34.991 Thread 0x000001f8a4045490 nmethod 12516 0x000001f881773f10 code [0x000001f881774260, 0x000001f8817755b0]
Event: 34.991 Thread 0x000001f8a4040b90 12519       4       sun.invoke.util.ValueConversions::unboxBoolean (39 bytes)
Event: 34.992 Thread 0x000001f8a4046230 12520   !   4       org.gradle.internal.metaobject.BeanDynamicObject$MetaClassAdapter::lookupProperty (79 bytes)
Event: 34.992 Thread 0x000001f8a4045490 12517       3       io.spring.gradle.dependencymanagement.org.codehaus.plexus.interpolation.RegexBasedInterpolator::<init> (76 bytes)
Event: 34.992 Thread 0x000001f8a4045490 nmethod 12517 0x000001f881775d10 code [0x000001f881775fa0, 0x000001f881776ba0]
Event: 34.993 Thread 0x000001f8a4045490 12514       3       java.util.regex.Pattern::union (20 bytes)
Event: 34.993 Thread 0x000001f8a4040b90 nmethod 12519 0x000001f8881a0010 code [0x000001f8881a01a0, 0x000001f8881a0250]
Event: 34.993 Thread 0x000001f8a4040b90 12521       4       org.gradle.internal.metaobject.BeanDynamicObject::hasProperty (9 bytes)
Event: 34.993 Thread 0x000001f8a4045490 nmethod 12514 0x000001f881776f10 code [0x000001f881777180, 0x000001f881777e78]
Event: 34.994 Thread 0x000001f8a4045490 12515       3       java.util.regex.Pattern$BmpCharPredicate::union (10 bytes)
Event: 34.994 Thread 0x000001f8a4045490 nmethod 12515 0x000001f881778190 code [0x000001f881778400, 0x000001f881779190]

GC Heap History (18 events):
Event: 0.654 GC heap before
{Heap before GC invocations=0 (full 0):
 garbage-first heap   total reserved 524288K, committed 262144K, used 27648K [0x00000000e0000000, 0x0000000100000000)
  region size 1024K, 24 young (24576K), 0 survivors (0K)
 Metaspace       used 2791K, committed 2880K, reserved 393216K
  class space    used 342K, committed 384K, reserved 327680K
}
Event: 0.659 GC heap after
{Heap after GC invocations=1 (full 0):
 garbage-first heap   total reserved 524288K, committed 262144K, used 10884K [0x00000000e0000000, 0x0000000100000000)
  region size 1024K, 3 young (3072K), 3 survivors (3072K)
 Metaspace       used 2791K, committed 2880K, reserved 393216K
  class space    used 342K, committed 384K, reserved 327680K
}
Event: 1.270 GC heap before
{Heap before GC invocations=1 (full 0):
 garbage-first heap   total reserved 524288K, committed 262144K, used 40580K [0x00000000e0000000, 0x0000000100000000)
  region size 1024K, 32 young (32768K), 3 survivors (3072K)
 Metaspace       used 4140K, committed 4352K, reserved 393216K
  class space    used 520K, committed 640K, reserved 327680K
}
Event: 1.273 GC heap after
{Heap after GC invocations=2 (full 0):
 garbage-first heap   total reserved 524288K, committed 262144K, used 12220K [0x00000000e0000000, 0x0000000100000000)
  region size 1024K, 2 young (2048K), 2 survivors (2048K)
 Metaspace       used 4140K, committed 4352K, reserved 393216K
  class space    used 520K, committed 640K, reserved 327680K
}
Event: 2.978 GC heap before
{Heap before GC invocations=2 (full 0):
 garbage-first heap   total reserved 524288K, committed 262144K, used 129980K [0x00000000e0000000, 0x0000000100000000)
  region size 1024K, 117 young (119808K), 2 survivors (2048K)
 Metaspace       used 20845K, committed 21504K, reserved 393216K
  class space    used 3117K, committed 3392K, reserved 327680K
}
Event: 2.986 GC heap after
{Heap after GC invocations=3 (full 0):
 garbage-first heap   total reserved 524288K, committed 262144K, used 24388K [0x00000000e0000000, 0x0000000100000000)
  region size 1024K, 12 young (12288K), 12 survivors (12288K)
 Metaspace       used 20845K, committed 21504K, reserved 393216K
  class space    used 3117K, committed 3392K, reserved 327680K
}
Event: 4.268 GC heap before
{Heap before GC invocations=4 (full 0):
 garbage-first heap   total reserved 524288K, committed 262144K, used 134980K [0x00000000e0000000, 0x0000000100000000)
  region size 1024K, 122 young (124928K), 12 survivors (12288K)
 Metaspace       used 34693K, committed 35968K, reserved 393216K
  class space    used 5127K, committed 5760K, reserved 327680K
}
Event: 4.275 GC heap after
{Heap after GC invocations=5 (full 0):
 garbage-first heap   total reserved 524288K, committed 262144K, used 33036K [0x00000000e0000000, 0x0000000100000000)
  region size 1024K, 9 young (9216K), 9 survivors (9216K)
 Metaspace       used 34693K, committed 35968K, reserved 393216K
  class space    used 5127K, committed 5760K, reserved 327680K
}
Event: 5.921 GC heap before
{Heap before GC invocations=6 (full 0):
 garbage-first heap   total reserved 524288K, committed 262144K, used 186636K [0x00000000e0000000, 0x0000000100000000)
  region size 1024K, 153 young (156672K), 9 survivors (9216K)
 Metaspace       used 51046K, committed 52928K, reserved 393216K
  class space    used 7588K, committed 8512K, reserved 327680K
}
Event: 5.928 GC heap after
{Heap after GC invocations=7 (full 0):
 garbage-first heap   total reserved 524288K, committed 262144K, used 41643K [0x00000000e0000000, 0x0000000100000000)
  region size 1024K, 18 young (18432K), 18 survivors (18432K)
 Metaspace       used 51046K, committed 52928K, reserved 393216K
  class space    used 7588K, committed 8512K, reserved 327680K
}
Event: 7.224 GC heap before
{Heap before GC invocations=7 (full 0):
 garbage-first heap   total reserved 524288K, committed 262144K, used 179883K [0x00000000e0000000, 0x0000000100000000)
  region size 1024K, 153 young (156672K), 18 survivors (18432K)
 Metaspace       used 57211K, committed 59136K, reserved 393216K
  class space    used 8398K, committed 9344K, reserved 327680K
}
Event: 7.237 GC heap after
{Heap after GC invocations=8 (full 0):
 garbage-first heap   total reserved 524288K, committed 262144K, used 53248K [0x00000000e0000000, 0x0000000100000000)
  region size 1024K, 20 young (20480K), 20 survivors (20480K)
 Metaspace       used 57211K, committed 59136K, reserved 393216K
  class space    used 8398K, committed 9344K, reserved 327680K
}
Event: 7.714 GC heap before
{Heap before GC invocations=8 (full 0):
 garbage-first heap   total reserved 524288K, committed 262144K, used 137216K [0x00000000e0000000, 0x0000000100000000)
  region size 1024K, 103 young (105472K), 20 survivors (20480K)
 Metaspace       used 58032K, committed 60096K, reserved 393216K
  class space    used 8450K, committed 9472K, reserved 327680K
}
Event: 7.725 GC heap after
{Heap after GC invocations=9 (full 0):
 garbage-first heap   total reserved 524288K, committed 262144K, used 64517K [0x00000000e0000000, 0x0000000100000000)
  region size 1024K, 10 young (10240K), 10 survivors (10240K)
 Metaspace       used 58032K, committed 60096K, reserved 393216K
  class space    used 8450K, committed 9472K, reserved 327680K
}
Event: 32.393 GC heap before
{Heap before GC invocations=10 (full 0):
 garbage-first heap   total reserved 524288K, committed 262144K, used 210949K [0x00000000e0000000, 0x0000000100000000)
  region size 1024K, 153 young (156672K), 10 survivors (10240K)
 Metaspace       used 61217K, committed 63296K, reserved 393216K
  class space    used 8920K, committed 9920K, reserved 327680K
}
Event: 32.402 GC heap after
{Heap after GC invocations=11 (full 0):
 garbage-first heap   total reserved 524288K, committed 262144K, used 76107K [0x00000000e0000000, 0x0000000100000000)
  region size 1024K, 20 young (20480K), 20 survivors (20480K)
 Metaspace       used 61217K, committed 63296K, reserved 393216K
  class space    used 8920K, committed 9920K, reserved 327680K
}
Event: 34.104 GC heap before
{Heap before GC invocations=11 (full 0):
 garbage-first heap   total reserved 524288K, committed 262144K, used 212299K [0x00000000e0000000, 0x0000000100000000)
  region size 1024K, 153 young (156672K), 20 survivors (20480K)
 Metaspace       used 61797K, committed 63872K, reserved 393216K
  class space    used 8934K, committed 9920K, reserved 327680K
}
Event: 34.110 GC heap after
{Heap after GC invocations=12 (full 0):
 garbage-first heap   total reserved 524288K, committed 262144K, used 73395K [0x00000000e0000000, 0x0000000100000000)
  region size 1024K, 4 young (4096K), 4 survivors (4096K)
 Metaspace       used 61797K, committed 63872K, reserved 393216K
  class space    used 8934K, committed 9920K, reserved 327680K
}

Dll operation events (15 events):
Event: 0.015 Loaded shared library C:\Program Files\Java\jdk-22\bin\java.dll
Event: 0.050 Loaded shared library C:\Program Files\Java\jdk-22\bin\jsvml.dll
Event: 0.090 Loaded shared library C:\Program Files\Java\jdk-22\bin\zip.dll
Event: 0.093 Loaded shared library C:\Program Files\Java\jdk-22\bin\instrument.dll
Event: 0.097 Loaded shared library C:\Program Files\Java\jdk-22\bin\net.dll
Event: 0.099 Loaded shared library C:\Program Files\Java\jdk-22\bin\nio.dll
Event: 0.103 Loaded shared library C:\Program Files\Java\jdk-22\bin\zip.dll
Event: 0.368 Loaded shared library C:\Program Files\Java\jdk-22\bin\jimage.dll
Event: 0.451 Loaded shared library C:\Program Files\Java\jdk-22\bin\verify.dll
Event: 0.605 Loaded shared library C:\Users\bitcamp\.gradle\native\c067742578af261105cb4f569cf0c3c89f3d7b1fecec35dd04571415982c5e48\windows-amd64\native-platform.dll
Event: 0.608 Loaded shared library C:\Users\bitcamp\.gradle\native\100fb08df4bc3b14c8652ba06237920a3bd2aa13389f12d3474272988ae205f9\windows-amd64\native-platform-file-events.dll
Event: 1.693 Loaded shared library C:\Program Files\Java\jdk-22\bin\management.dll
Event: 1.695 Loaded shared library C:\Program Files\Java\jdk-22\bin\management_ext.dll
Event: 1.836 Loaded shared library C:\Program Files\Java\jdk-22\bin\extnet.dll
Event: 1.915 Loaded shared library C:\Program Files\Java\jdk-22\bin\sunmscapi.dll

Deoptimization events (20 events):
Event: 34.819 Thread 0x000001f8a9f75940 Uncommon trap: trap_request=0xffffffde fr.pc=0x000001f887f25f88 relative=0x00000000000004c8
Event: 34.819 Thread 0x000001f8a9f75940 Uncommon trap: reason=class_check action=maybe_recompile pc=0x000001f887f25f88 method=org.gradle.api.internal.artifacts.dependencies.AbstractVersionConstraint.hashCode()I @ 7 c2
Event: 34.819 Thread 0x000001f8a9f75940 DEOPT PACKING pc=0x000001f887f25f88 sp=0x00000012cc2f9900
Event: 34.819 Thread 0x000001f8a9f75940 DEOPT UNPACKING pc=0x000001f8875846a2 sp=0x00000012cc2f98b8 mode 2
Event: 34.825 Thread 0x000001f8a9f75940 Uncommon trap: trap_request=0xffffff45 fr.pc=0x000001f887f3bff8 relative=0x0000000000000d38
Event: 34.825 Thread 0x000001f8a9f75940 Uncommon trap: reason=unstable_if action=reinterpret pc=0x000001f887f3bff8 method=org.gradle.api.internal.artifacts.dependencies.DefaultImmutableVersionConstraint.<init>(Ljava/lang/String;Ljava/lang/String;Ljava/lang/String;Ljava/util/List;Ljava/lang/Stri
Event: 34.825 Thread 0x000001f8a9f75940 DEOPT PACKING pc=0x000001f887f3bff8 sp=0x00000012cc2f84e0
Event: 34.825 Thread 0x000001f8a9f75940 DEOPT UNPACKING pc=0x000001f8875846a2 sp=0x00000012cc2f8428 mode 2
Event: 34.844 Thread 0x000001f8a9f75940 Uncommon trap: trap_request=0xffffffcc fr.pc=0x000001f88818516c relative=0x00000000000001ac
Event: 34.844 Thread 0x000001f8a9f75940 Uncommon trap: reason=intrinsic_or_type_checked_inlining action=make_not_entrant pc=0x000001f88818516c method=java.util.ArrayList$SubList.toArray([Ljava/lang/Object;)[Ljava/lang/Object; @ 58 c2
Event: 34.844 Thread 0x000001f8a9f75940 DEOPT PACKING pc=0x000001f88818516c sp=0x00000012cc2f8950
Event: 34.844 Thread 0x000001f8a9f75940 DEOPT UNPACKING pc=0x000001f8875846a2 sp=0x00000012cc2f8900 mode 2
Event: 34.905 Thread 0x000001f8a9f75940 Uncommon trap: trap_request=0xffffffc6 fr.pc=0x000001f887b86ed4 relative=0x0000000000000274
Event: 34.905 Thread 0x000001f8a9f75940 Uncommon trap: reason=bimorphic_or_optimized_type_check action=maybe_recompile pc=0x000001f887b86ed4 method=java.util.Spliterators$IteratorSpliterator.tryAdvance(Ljava/util/function/Consumer;)Z @ 50 c2
Event: 34.905 Thread 0x000001f8a9f75940 DEOPT PACKING pc=0x000001f887b86ed4 sp=0x00000012cc2f96d0
Event: 34.905 Thread 0x000001f8a9f75940 DEOPT UNPACKING pc=0x000001f8875846a2 sp=0x00000012cc2f9670 mode 2
Event: 34.908 Thread 0x000001f8ac938480 Uncommon trap: trap_request=0xffffffc6 fr.pc=0x000001f887e48c5c relative=0x000000000000131c
Event: 34.908 Thread 0x000001f8ac938480 Uncommon trap: reason=bimorphic_or_optimized_type_check action=maybe_recompile pc=0x000001f887e48c5c method=java.util.concurrent.ConcurrentHashMap.putVal(Ljava/lang/Object;Ljava/lang/Object;Z)Ljava/lang/Object; @ 159 c2
Event: 34.908 Thread 0x000001f8ac938480 DEOPT PACKING pc=0x000001f887e48c5c sp=0x00000012d08fea90
Event: 34.908 Thread 0x000001f8ac938480 DEOPT UNPACKING pc=0x000001f8875846a2 sp=0x00000012d08fea40 mode 2

Classes loaded (20 events):
Event: 8.162 Loading class java/util/concurrent/ConcurrentSkipListMap$KeySet
Event: 8.163 Loading class java/util/concurrent/ConcurrentSkipListMap$KeySet done
Event: 8.163 Loading class java/util/concurrent/ConcurrentSkipListMap$KeyIterator
Event: 8.163 Loading class java/util/concurrent/ConcurrentSkipListMap$KeyIterator done
Event: 8.333 Loading class java/util/concurrent/ConcurrentLinkedQueue$Itr
Event: 8.333 Loading class java/util/concurrent/ConcurrentLinkedQueue$Itr done
Event: 8.410 Loading class java/util/concurrent/LinkedBlockingDeque$Itr
Event: 8.410 Loading class java/util/concurrent/LinkedBlockingDeque$AbstractItr
Event: 8.410 Loading class java/util/concurrent/LinkedBlockingDeque$AbstractItr done
Event: 8.410 Loading class java/util/concurrent/LinkedBlockingDeque$Itr done
Event: 8.430 Loading class java/util/concurrent/CompletableFuture$AsyncRun
Event: 8.430 Loading class java/util/concurrent/CompletableFuture$AsyncRun done
Event: 31.795 Loading class sun/net/ConnectionResetException
Event: 31.795 Loading class sun/net/ConnectionResetException done
Event: 31.797 Loading class jdk/internal/math/FormattedFPDecimal
Event: 31.797 Loading class jdk/internal/math/FormattedFPDecimal done
Event: 31.798 Loading class sun/text/resources/cldr/FormatData_en
Event: 31.798 Loading class sun/text/resources/cldr/FormatData_en done
Event: 31.961 Loading class java/util/AbstractList$ListItr
Event: 31.961 Loading class java/util/AbstractList$ListItr done

Classes unloaded (0 events):
No events

Classes redefined (0 events):
No events

Internal exceptions (20 events):
Event: 8.383 Thread 0x000001f8a9f75940 Exception <a 'java/lang/IncompatibleClassChangeError'{0x00000000eb0b1e30}: Found class java.lang.Object, but interface was expected> (0x00000000eb0b1e30) 
thrown [s\open\src\hotspot\share\interpreter\linkResolver.cpp, line 841]
Event: 31.795 Thread 0x000001f8adc2b5f0 Exception <a 'java/io/IOException'{0x00000000e9e94410}> (0x00000000e9e94410) 
thrown [s\open\src\hotspot\share\prims\jni.cpp, line 520]
Event: 31.860 Thread 0x000001f8a9f75940 Exception <a 'sun/nio/fs/WindowsException'{0x00000000e9b2e9c0}> (0x00000000e9b2e9c0) 
thrown [s\open\src\hotspot\share\prims\jni.cpp, line 520]
Event: 31.860 Thread 0x000001f8a9f75940 Exception <a 'sun/nio/fs/WindowsException'{0x00000000e9b2fea0}> (0x00000000e9b2fea0) 
thrown [s\open\src\hotspot\share\prims\jni.cpp, line 520]
Event: 31.861 Thread 0x000001f8a9f75940 Exception <a 'sun/nio/fs/WindowsException'{0x00000000e9b31370}> (0x00000000e9b31370) 
thrown [s\open\src\hotspot\share\prims\jni.cpp, line 520]
Event: 31.861 Thread 0x000001f8a9f75940 Exception <a 'sun/nio/fs/WindowsException'{0x00000000e9b32840}> (0x00000000e9b32840) 
thrown [s\open\src\hotspot\share\prims\jni.cpp, line 520]
Event: 31.964 Thread 0x000001f8a9f75940 Exception <a 'java/lang/NoClassDefFoundError'{0x00000000e95038e8}: org/jetbrains/kotlin/gradle/plugin/KotlinPluginWrapper> (0x00000000e95038e8) 
thrown [s\open\src\hotspot\share\oops\constantPool.cpp, line 872]
Event: 31.964 Thread 0x000001f8a9f75940 Exception <a 'java/lang/NoClassDefFoundError'{0x00000000e9505a40}: org/graalvm/buildtools/gradle/NativeImagePlugin> (0x00000000e9505a40) 
thrown [s\open\src\hotspot\share\oops\constantPool.cpp, line 872]
Event: 31.965 Thread 0x000001f8a9f75940 Exception <a 'java/lang/NoClassDefFoundError'{0x00000000e9507b88}: org/cyclonedx/gradle/CycloneDxPlugin> (0x00000000e9507b88) 
thrown [s\open\src\hotspot\share\oops\constantPool.cpp, line 872]
Event: 32.587 Thread 0x000001f8a9f75940 Implicit null exception at 0x000001f887b22ca0 to 0x000001f887b23314
Event: 33.162 Thread 0x000001f8a9339b60 Exception <a 'java/lang/NoSuchMethodError'{0x00000000e7d4f1b8}: 'int java.lang.invoke.DirectMethodHandle$Holder.invokeSpecial(java.lang.Object, java.lang.Object, java.lang.Object, java.lang.Object, java.lang.Object)'> (0x00000000e7d4f1b8) 
thrown [s\open\src\hotspot\share\interpreter\linkResolver.cpp, line 774]
Event: 34.773 Thread 0x000001f8a9f75940 Implicit null exception at 0x000001f888150128 to 0x000001f8881509f8
Event: 34.773 Thread 0x000001f8a9f75940 Implicit null exception at 0x000001f88811d669 to 0x000001f88811d710
Event: 34.793 Thread 0x000001f8a9f75940 Exception <a 'sun/nio/fs/WindowsException'{0x00000000efc78970}> (0x00000000efc78970) 
thrown [s\open\src\hotspot\share\prims\jni.cpp, line 520]
Event: 34.794 Thread 0x000001f8a9f75940 Exception <a 'sun/nio/fs/WindowsException'{0x00000000efc79e50}> (0x00000000efc79e50) 
thrown [s\open\src\hotspot\share\prims\jni.cpp, line 520]
Event: 34.794 Thread 0x000001f8a9f75940 Exception <a 'sun/nio/fs/WindowsException'{0x00000000efc7b320}> (0x00000000efc7b320) 
thrown [s\open\src\hotspot\share\prims\jni.cpp, line 520]
Event: 34.795 Thread 0x000001f8a9f75940 Exception <a 'sun/nio/fs/WindowsException'{0x00000000efc7c7f0}> (0x00000000efc7c7f0) 
thrown [s\open\src\hotspot\share\prims\jni.cpp, line 520]
Event: 34.896 Thread 0x000001f8a9f75940 Exception <a 'java/lang/NoClassDefFoundError'{0x00000000ef6d37b0}: org/jetbrains/kotlin/gradle/plugin/KotlinPluginWrapper> (0x00000000ef6d37b0) 
thrown [s\open\src\hotspot\share\oops\constantPool.cpp, line 872]
Event: 34.896 Thread 0x000001f8a9f75940 Exception <a 'java/lang/NoClassDefFoundError'{0x00000000ef6d5908}: org/graalvm/buildtools/gradle/NativeImagePlugin> (0x00000000ef6d5908) 
thrown [s\open\src\hotspot\share\oops\constantPool.cpp, line 872]
Event: 34.896 Thread 0x000001f8a9f75940 Exception <a 'java/lang/NoClassDefFoundError'{0x00000000ef6d7a50}: org/cyclonedx/gradle/CycloneDxPlugin> (0x00000000ef6d7a50) 
thrown [s\open\src\hotspot\share\oops\constantPool.cpp, line 872]

ZGC Phase Switch (0 events):
No events

VM Operations (20 events):
Event: 28.023 Executing VM operation: Cleanup
Event: 28.023 Executing VM operation: Cleanup done
Event: 31.919 Executing VM operation: ICBufferFull
Event: 31.919 Executing VM operation: ICBufferFull done
Event: 32.020 Executing VM operation: ICBufferFull
Event: 32.021 Executing VM operation: ICBufferFull done
Event: 32.286 Executing VM operation: ICBufferFull
Event: 32.286 Executing VM operation: ICBufferFull done
Event: 32.393 Executing VM operation: G1CollectForAllocation (G1 Evacuation Pause)
Event: 32.402 Executing VM operation: G1CollectForAllocation (G1 Evacuation Pause) done
Event: 32.734 Executing VM operation: ICBufferFull
Event: 32.734 Executing VM operation: ICBufferFull done
Event: 33.119 Executing VM operation: ICBufferFull
Event: 33.119 Executing VM operation: ICBufferFull done
Event: 33.165 Executing VM operation: HandshakeAllThreads (Deoptimize)
Event: 33.165 Executing VM operation: HandshakeAllThreads (Deoptimize) done
Event: 34.104 Executing VM operation: G1CollectForAllocation (G1 Evacuation Pause)
Event: 34.110 Executing VM operation: G1CollectForAllocation (G1 Evacuation Pause) done
Event: 34.881 Executing VM operation: ICBufferFull
Event: 34.881 Executing VM operation: ICBufferFull done

Memory protections (0 events):
No events

Nmethod flushes (20 events):
Event: 7.756 Thread 0x000001f8a4005fe0 flushing  nmethod 0x000001f880067390
Event: 7.756 Thread 0x000001f8a4005fe0 flushing  nmethod 0x000001f880083390
Event: 7.756 Thread 0x000001f8a4005fe0 flushing  nmethod 0x000001f88008f890
Event: 7.756 Thread 0x000001f8a4005fe0 flushing  nmethod 0x000001f8801fc690
Event: 7.756 Thread 0x000001f8a4005fe0 flushing  nmethod 0x000001f880233490
Event: 7.756 Thread 0x000001f8a4005fe0 flushing  nmethod 0x000001f8802a7b10
Event: 7.756 Thread 0x000001f8a4005fe0 flushing  nmethod 0x000001f880649c10
Event: 7.756 Thread 0x000001f8a4005fe0 flushing  nmethod 0x000001f88072e090
Event: 7.756 Thread 0x000001f8a4005fe0 flushing  nmethod 0x000001f88074af10
Event: 7.756 Thread 0x000001f8a4005fe0 flushing  nmethod 0x000001f88074b290
Event: 7.756 Thread 0x000001f8a4005fe0 flushing  nmethod 0x000001f880779710
Event: 7.756 Thread 0x000001f8a4005fe0 flushing  nmethod 0x000001f88077d110
Event: 7.756 Thread 0x000001f8a4005fe0 flushing  nmethod 0x000001f88079b190
Event: 7.756 Thread 0x000001f8a4005fe0 flushing  nmethod 0x000001f88079bc10
Event: 7.756 Thread 0x000001f8a4005fe0 flushing  nmethod 0x000001f88079d510
Event: 7.756 Thread 0x000001f8a4005fe0 flushing  nmethod 0x000001f88079df10
Event: 7.756 Thread 0x000001f8a4005fe0 flushing  nmethod 0x000001f88079e690
Event: 7.756 Thread 0x000001f8a4005fe0 flushing  nmethod 0x000001f88079ea10
Event: 7.756 Thread 0x000001f8a4005fe0 flushing  nmethod 0x000001f88079f910
Event: 7.756 Thread 0x000001f8a4005fe0 flushing  nmethod 0x000001f8807a0390

Events (20 events):
Event: 34.867 Thread 0x000001f8a9f75940 Thread added: 0x000001f8a9343250
Event: 34.868 Thread 0x000001f8a9f75940 Thread added: 0x000001f8a93459b0
Event: 34.869 Thread 0x000001f8a9f75940 Thread added: 0x000001f8a93438e0
Event: 34.925 Thread 0x000001f8a9f75940 Thread added: 0x000001f8a9343f70
Event: 34.931 Thread 0x000001f8a9f75940 Thread added: 0x000001f8a9344600
Event: 34.938 Thread 0x000001f8a9f75940 Thread added: 0x000001f8a9344c90
Event: 34.943 Thread 0x000001f8a9f75940 Thread added: 0x000001f8a9345320
Event: 34.950 Thread 0x000001f8a9f75940 Thread added: 0x000001f8adc29bb0
Event: 34.954 Thread 0x000001f8a9f75940 Thread added: 0x000001f8adc2a8d0
Event: 34.957 Thread 0x000001f8a9f75940 Thread added: 0x000001f8adc25380
Event: 34.962 Thread 0x000001f8a9f75940 Thread added: 0x000001f8adc2af60
Event: 34.967 Thread 0x000001f8a9f75940 Thread added: 0x000001f8adc25a10
Event: 34.970 Thread 0x000001f8a9f75940 Thread added: 0x000001f8adc26730
Event: 34.974 Thread 0x000001f8a9f75940 Thread added: 0x000001f8adc26dc0
Event: 34.980 Thread 0x000001f8a9f75940 Thread added: 0x000001f8adc2b5f0
Event: 34.985 Thread 0x000001f8a9f75940 Thread added: 0x000001f8adc2bc80
Event: 34.988 Thread 0x000001f8a9f75940 Thread added: 0x000001f8adc28800
Event: 34.991 Thread 0x000001f8a4040b90 Thread added: 0x000001f8a4046230
Event: 34.995 Thread 0x000001f8a9f75940 Thread added: 0x000001f8adc27450
Event: 34.999 Thread 0x000001f8a9f75940 Thread added: 0x000001f8adc27ae0


Dynamic libraries:
0x00007ff77dc60000 - 0x00007ff77dc70000 	C:\Program Files\Java\jdk-22\bin\java.exe
0x00007ffb5ba50000 - 0x00007ffb5bc67000 	C:\WINDOWS\SYSTEM32\ntdll.dll
0x00007ffb59de0000 - 0x00007ffb59ea4000 	C:\WINDOWS\System32\KERNEL32.DLL
0x00007ffb590b0000 - 0x00007ffb59467000 	C:\WINDOWS\System32\KERNELBASE.dll
0x00007ffb58f90000 - 0x00007ffb590a1000 	C:\WINDOWS\System32\ucrtbase.dll
0x00007ffb48140000 - 0x00007ffb48157000 	C:\Program Files\Java\jdk-22\bin\jli.dll
0x00007ffb48160000 - 0x00007ffb4817b000 	C:\Program Files\Java\jdk-22\bin\VCRUNTIME140.dll
0x00007ffb59eb0000 - 0x00007ffb5a05f000 	C:\WINDOWS\System32\USER32.dll
0x00007ffb594a0000 - 0x00007ffb594c6000 	C:\WINDOWS\System32\win32u.dll
0x00007ffb59da0000 - 0x00007ffb59dc9000 	C:\WINDOWS\System32\GDI32.dll
0x00007ffb41df0000 - 0x00007ffb42083000 	C:\WINDOWS\WinSxS\amd64_microsoft.windows.common-controls_6595b64144ccf1df_6.0.22621.3672_none_2713b9d173822955\COMCTL32.dll
0x00007ffb59660000 - 0x00007ffb59778000 	C:\WINDOWS\System32\gdi32full.dll
0x00007ffb59540000 - 0x00007ffb595da000 	C:\WINDOWS\System32\msvcp_win.dll
0x00007ffb5a1d0000 - 0x00007ffb5a277000 	C:\WINDOWS\System32\msvcrt.dll
0x00007ffb5a9f0000 - 0x00007ffb5aa21000 	C:\WINDOWS\System32\IMM32.DLL
0x00007ffb53d90000 - 0x00007ffb53d9c000 	C:\Program Files\Java\jdk-22\bin\vcruntime140_1.dll
0x00007ffb33270000 - 0x00007ffb332fe000 	C:\Program Files\Java\jdk-22\bin\msvcp140.dll
0x00007ffac00d0000 - 0x00007ffac0e19000 	C:\Program Files\Java\jdk-22\bin\server\jvm.dll
0x00007ffb59af0000 - 0x00007ffb59ba2000 	C:\WINDOWS\System32\ADVAPI32.dll
0x00007ffb597e0000 - 0x00007ffb59888000 	C:\WINDOWS\System32\sechost.dll
0x00007ffb59470000 - 0x00007ffb59498000 	C:\WINDOWS\System32\bcrypt.dll
0x00007ffb5a280000 - 0x00007ffb5a394000 	C:\WINDOWS\System32\RPCRT4.dll
0x00007ffb5a970000 - 0x00007ffb5a9e1000 	C:\WINDOWS\System32\WS2_32.dll
0x00007ffb58a80000 - 0x00007ffb58acd000 	C:\WINDOWS\SYSTEM32\POWRPROF.dll
0x00007ffb50a40000 - 0x00007ffb50a4a000 	C:\WINDOWS\SYSTEM32\VERSION.dll
0x00007ffb48810000 - 0x00007ffb48844000 	C:\WINDOWS\SYSTEM32\WINMM.dll
0x00007ffb58a60000 - 0x00007ffb58a73000 	C:\WINDOWS\SYSTEM32\UMPDC.dll
0x00007ffb57d10000 - 0x00007ffb57d28000 	C:\WINDOWS\SYSTEM32\kernel.appcore.dll
0x00007ffb536c0000 - 0x00007ffb536ca000 	C:\Program Files\Java\jdk-22\bin\jimage.dll
0x00007ffb3af20000 - 0x00007ffb3b152000 	C:\WINDOWS\SYSTEM32\DBGHELP.DLL
0x00007ffb5a5e0000 - 0x00007ffb5a96e000 	C:\WINDOWS\System32\combase.dll
0x00007ffb5a500000 - 0x00007ffb5a5d7000 	C:\WINDOWS\System32\OLEAUT32.dll
0x00007ffb48af0000 - 0x00007ffb48b22000 	C:\WINDOWS\SYSTEM32\dbgcore.DLL
0x00007ffb595e0000 - 0x00007ffb5965b000 	C:\WINDOWS\System32\bcryptPrimitives.dll
0x00007ffb52640000 - 0x00007ffb5264f000 	C:\Program Files\Java\jdk-22\bin\instrument.dll
0x00007ffb47590000 - 0x00007ffb475ae000 	C:\Program Files\Java\jdk-22\bin\java.dll
0x00007ffb5b1a0000 - 0x00007ffb5ba09000 	C:\WINDOWS\System32\SHELL32.dll
0x00007ffb598b0000 - 0x00007ffb59a55000 	C:\WINDOWS\System32\ole32.dll
0x00007ffb56c80000 - 0x00007ffb5757f000 	C:\WINDOWS\SYSTEM32\windows.storage.dll
0x00007ffb56b40000 - 0x00007ffb56c7f000 	C:\WINDOWS\SYSTEM32\wintypes.dll
0x00007ffb5a0d0000 - 0x00007ffb5a1c9000 	C:\WINDOWS\System32\SHCORE.dll
0x00007ffb59d40000 - 0x00007ffb59d9e000 	C:\WINDOWS\System32\shlwapi.dll
0x00007ffb58c90000 - 0x00007ffb58cb7000 	C:\WINDOWS\SYSTEM32\profapi.dll
0x00007ffaeaba0000 - 0x00007ffaeac77000 	C:\Program Files\Java\jdk-22\bin\jsvml.dll
0x00007ffb47570000 - 0x00007ffb47587000 	C:\Program Files\Java\jdk-22\bin\zip.dll
0x00007ffb4deb0000 - 0x00007ffb4dec0000 	C:\Program Files\Java\jdk-22\bin\net.dll
0x00007ffb581d0000 - 0x00007ffb58239000 	C:\WINDOWS\system32\mswsock.dll
0x00007ffb47550000 - 0x00007ffb47566000 	C:\Program Files\Java\jdk-22\bin\nio.dll
0x00007ffb48290000 - 0x00007ffb482a0000 	C:\Program Files\Java\jdk-22\bin\verify.dll
0x00007ffae81e0000 - 0x00007ffae8207000 	C:\Users\bitcamp\.gradle\native\c067742578af261105cb4f569cf0c3c89f3d7b1fecec35dd04571415982c5e48\windows-amd64\native-platform.dll
0x00007ffae9690000 - 0x00007ffae97d4000 	C:\Users\bitcamp\.gradle\native\100fb08df4bc3b14c8652ba06237920a3bd2aa13389f12d3474272988ae205f9\windows-amd64\native-platform-file-events.dll
0x00007ffb47540000 - 0x00007ffb4754a000 	C:\Program Files\Java\jdk-22\bin\management.dll
0x00007ffb47530000 - 0x00007ffb4753b000 	C:\Program Files\Java\jdk-22\bin\management_ext.dll
0x00007ffb5a0c0000 - 0x00007ffb5a0c8000 	C:\WINDOWS\System32\PSAPI.DLL
0x00007ffb58520000 - 0x00007ffb5853b000 	C:\WINDOWS\SYSTEM32\CRYPTSP.dll
0x00007ffb57cd0000 - 0x00007ffb57d05000 	C:\WINDOWS\system32\rsaenh.dll
0x00007ffb58270000 - 0x00007ffb58298000 	C:\WINDOWS\SYSTEM32\USERENV.dll
0x00007ffb58500000 - 0x00007ffb5850c000 	C:\WINDOWS\SYSTEM32\CRYPTBASE.dll
0x00007ffb577e0000 - 0x00007ffb5780d000 	C:\WINDOWS\SYSTEM32\IPHLPAPI.DLL
0x00007ffb5aeb0000 - 0x00007ffb5aeb9000 	C:\WINDOWS\System32\NSI.dll
0x00007ffb47470000 - 0x00007ffb47479000 	C:\Program Files\Java\jdk-22\bin\extnet.dll
0x00007ffb47460000 - 0x00007ffb4746e000 	C:\Program Files\Java\jdk-22\bin\sunmscapi.dll
0x00007ffb58e20000 - 0x00007ffb58f86000 	C:\WINDOWS\System32\CRYPT32.dll
0x00007ffb58630000 - 0x00007ffb5865d000 	C:\WINDOWS\SYSTEM32\ncrypt.dll
0x00007ffb585f0000 - 0x00007ffb58627000 	C:\WINDOWS\SYSTEM32\NTASN1.dll
0x00007ffaf2910000 - 0x00007ffaf2918000 	C:\WINDOWS\system32\wshunix.dll

dbghelp: loaded successfully - version: 4.0.5 - missing functions: none
symbol engine: initialized successfully - sym options: 0x614 - pdb path: .;C:\Program Files\Java\jdk-22\bin;C:\WINDOWS\SYSTEM32;C:\WINDOWS\WinSxS\amd64_microsoft.windows.common-controls_6595b64144ccf1df_6.0.22621.3672_none_2713b9d173822955;C:\Program Files\Java\jdk-22\bin\server;C:\Users\bitcamp\.gradle\native\c067742578af261105cb4f569cf0c3c89f3d7b1fecec35dd04571415982c5e48\windows-amd64;C:\Users\bitcamp\.gradle\native\100fb08df4bc3b14c8652ba06237920a3bd2aa13389f12d3474272988ae205f9\windows-amd64

VM Arguments:
jvm_args: --add-opens=java.base/java.util=ALL-UNNAMED --add-opens=java.base/java.lang=ALL-UNNAMED --add-opens=java.base/java.lang.invoke=ALL-UNNAMED --add-opens=java.prefs/java.util.prefs=ALL-UNNAMED --add-opens=java.base/java.nio.charset=ALL-UNNAMED --add-opens=java.base/java.net=ALL-UNNAMED --add-opens=java.base/java.util.concurrent.atomic=ALL-UNNAMED -XX:MaxMetaspaceSize=384m -XX:+HeapDumpOnOutOfMemoryError -Xms256m -Xmx512m -Dfile.encoding=UTF-8 -Duser.country=KR -Duser.language=ko -Duser.variant -javaagent:C:\Users\bitcamp\.gradle\wrapper\dists\gradle-8.8-bin\dl7vupf4psengwqhwktix4v1\gradle-8.8\lib\agents\gradle-instrumentation-agent-8.8.jar 
java_command: org.gradle.launcher.daemon.bootstrap.GradleDaemon 8.8
java_class_path (initial): C:\Users\bitcamp\.gradle\wrapper\dists\gradle-8.8-bin\dl7vupf4psengwqhwktix4v1\gradle-8.8\lib\gradle-launcher-8.8.jar
Launcher Type: SUN_STANDARD

[Global flags]
     intx CICompilerCount                          = 4                                         {product} {ergonomic}
   size_t CompressedClassSpaceSize                 = 335544320                                 {product} {ergonomic}
     uint ConcGCThreads                            = 3                                         {product} {ergonomic}
     uint G1ConcRefinementThreads                  = 10                                        {product} {ergonomic}
   size_t G1HeapRegionSize                         = 1048576                                   {product} {ergonomic}
     bool HeapDumpOnOutOfMemoryError               = true                                   {manageable} {command line}
   size_t InitialHeapSize                          = 268435456                                 {product} {command line}
   size_t MarkStackSize                            = 4194304                                   {product} {ergonomic}
   size_t MaxHeapSize                              = 536870912                                 {product} {command line}
   size_t MaxMetaspaceSize                         = 402653184                                 {product} {command line}
   size_t MaxNewSize                               = 321912832                                 {product} {ergonomic}
   size_t MinHeapDeltaBytes                        = 1048576                                   {product} {ergonomic}
   size_t MinHeapSize                              = 268435456                                 {product} {command line}
    uintx NonNMethodCodeHeapSize                   = 5839372                                {pd product} {ergonomic}
    uintx NonProfiledCodeHeapSize                  = 122909434                              {pd product} {ergonomic}
    uintx ProfiledCodeHeapSize                     = 122909434                              {pd product} {ergonomic}
    uintx ReservedCodeCacheSize                    = 251658240                              {pd product} {ergonomic}
     bool SegmentedCodeCache                       = true                                      {product} {ergonomic}
   size_t SoftMaxHeapSize                          = 536870912                              {manageable} {ergonomic}
     bool UseCompressedOops                        = true                           {product lp64_product} {ergonomic}
     bool UseG1GC                                  = true                                      {product} {ergonomic}
     bool UseLargePagesIndividualAllocation        = false                                  {pd product} {ergonomic}

Logging:
Log output configuration:
 #0: stdout all=warning uptime,level,tags foldmultilines=false
 #1: stderr all=off uptime,level,tags foldmultilines=false

Environment Variables:
JAVA_HOME=C:\Program Files\Java\jdk-22
PATH=C:\Python312\Scripts\;C:\Python312\;C:\Program Files\Common Files\Oracle\Java\javapath;C:\WINDOWS\system32;C:\WINDOWS;C:\WINDOWS\System32\Wbem;C:\WINDOWS\System32\WindowsPowerShell\v1.0\;C:\WINDOWS\System32\OpenSSH\;C:\Program Files\Git\cmd;C:\ProgramData\chocolatey\bin;C:\Program Files (x86)\Yarn\bin\;C:\Program Files\nodejs\;C:\Program Files\Docker\Docker\resources\bin;C:\minikube;C:\Users\bitcamp\AppData\Local\Microsoft\WindowsApps;C:\Users\bitcamp\AppData\Local\Programs\Microsoft VS Code\bin;C:\Users\bitcamp\AppData\Local\GitHubDesktop\bin;C:\Users\bitcamp\AppData\Local\Yarn\bin;C:\Users\bitcamp\AppData\Roaming\npm;C:\Program Files\nodejs;
USERNAME=bitcamp
OS=Windows_NT
PROCESSOR_IDENTIFIER=Intel64 Family 6 Model 158 Stepping 10, GenuineIntel
TMP=C:\Users\bitcamp\AppData\Local\Temp
TEMP=C:\Users\bitcamp\AppData\Local\Temp




Periodic native trim disabled

---------------  S Y S T E M  ---------------

OS:
 Windows 11 , 64 bit Build 22621 (10.0.22621.3958)
OS uptime: 1 days 5:47 hours
Hyper-V role detected

CPU: total 12 (initial active 12) (6 cores per cpu, 2 threads per core) family 6 model 158 stepping 10 microcode 0xde, cx8, cmov, fxsr, ht, mmx, 3dnowpref, sse, sse2, sse3, ssse3, sse4.1, sse4.2, popcnt, lzcnt, tsc, tscinvbit, avx, avx2, aes, erms, clmul, bmi1, bmi2, rtm, adx, fma, vzeroupper, clflush, clflushopt, hv, rdtscp, f16c
Processor Information for all 12 processors :
  Max Mhz: 3192, Current Mhz: 3192, Mhz Limit: 3192

Memory: 4k page, system-wide physical 32541M (11003M free)
TotalPageFile size 34589M (AvailPageFile size 342M)
current process WorkingSet (physical memory assigned to process): 470M, peak: 472M
current process commit charge ("private bytes"): 531M, peak: 548M

vm_info: Java HotSpot(TM) 64-Bit Server VM (22.0.2+9-70) for windows-amd64 JRE (22.0.2+9-70), built on 2024-06-04T16:52:23Z by "mach5one" with MS VC++ 17.6 (VS2022)

END.
