#
# There is insufficient memory for the Java Runtime Environment to continue.
# Native memory allocation (mmap) failed to map 536870912 bytes. Error detail: G1 virtual space
# Possible reasons:
#   The system is out of physical RAM or swap space
#   This process is running with CompressedOops enabled, and the Java Heap may be blocking the growth of the native heap
# Possible solutions:
#   Reduce memory load on the system
#   Increase physical memory or swap space
#   Check if swap backing store is full
#   Decrease Java heap size (-Xmx/-Xms)
#   Decrease number of Java threads
#   Decrease Java thread stack sizes (-Xss)
#   Set larger code cache with -XX:ReservedCodeCacheSize=
#   JVM is running with Zero Based Compressed Oops mode in which the Java heap is
#     placed in the first 32GB address space. The Java Heap base address is the
#     maximum limit for the native heap growth. Please use -XX:HeapBaseMinAddress
#     to set the Java Heap base and to place the Java Heap above 32GB virtual address.
# This output file may be truncated or incomplete.
#
#  Out of Memory Error (os_windows.cpp:3613), pid=20068, tid=40120
#
# JRE version:  (17.0.12+7) (build )
# Java VM: OpenJDK 64-Bit Server VM (17.0.12+7-LTS, mixed mode, sharing, tiered, compressed oops, compressed class ptrs, g1 gc, windows-amd64)
# No core dump will be written. Minidumps are not enabled by default on client versions of Windows
#

---------------  S U M M A R Y ------------

Command Line: -Dnet.bytebuddy.agent.attacher.dump= net.bytebuddy.agent.Attacher com.sun.tools.attach.VirtualMachine 32040 C:\Users\bit\.gradle\caches\modules-2\files-2.1\net.bytebuddy\byte-buddy-agent\1.14.19\154da3a65b4f4a909d3e5bdec55d1b2b4cbb6ce1\byte-buddy-agent-1.14.19.jar false 

Host: Intel(R) Core(TM) i7-9700 CPU @ 3.00GHz, 8 cores, 31G,  Windows 11 , 64 bit Build 22621 (10.0.22621.3958)
Time: Tue Oct  8 18:31:55 2024  Windows 11 , 64 bit Build 22621 (10.0.22621.3958) elapsed time: 0.007002 seconds (0d 0h 0m 0s)

---------------  T H R E A D  ---------------

Current thread (0x000001a0557b4d60):  JavaThread "Unknown thread" [_thread_in_vm, id=40120, stack(0x000000948cc00000,0x000000948cd00000)]

Stack: [0x000000948cc00000,0x000000948cd00000]
Native frames: (J=compiled Java code, j=interpreted, Vv=VM code, C=native code)
V  [jvm.dll+0x67f4f9]
V  [jvm.dll+0x836eaa]
V  [jvm.dll+0x83896e]
V  [jvm.dll+0x838fd3]
V  [jvm.dll+0x247f6f]
V  [jvm.dll+0x67c2b9]
V  [jvm.dll+0x670d7a]
V  [jvm.dll+0x307b5b]
V  [jvm.dll+0x30f046]
V  [jvm.dll+0x35f22e]
V  [jvm.dll+0x35f46f]
V  [jvm.dll+0x2deb7c]
V  [jvm.dll+0x2dfad4]
V  [jvm.dll+0x80870b]
V  [jvm.dll+0x36cfa1]
V  [jvm.dll+0x7e70f5]
V  [jvm.dll+0x3f0adf]
V  [jvm.dll+0x3f2631]
C  [jli.dll+0x528f]
C  [ucrtbase.dll+0x29333]
C  [KERNEL32.DLL+0x1257d]
C  [ntdll.dll+0x5af28]


---------------  P R O C E S S  ---------------

Threads class SMR info:
_java_thread_list=0x00007fffa02b6f18, length=0, elements={
}

Java Threads: ( => current thread )

Other Threads:
  0x000001a055863920 GCTaskThread "GC Thread#0" [stack: 0x000000948cd00000,0x000000948ce00000] [id=37436]
  0x000001a0794e7fc0 ConcurrentGCThread "G1 Main Marker" [stack: 0x000000948ce00000,0x000000948cf00000] [id=5288]
  0x000001a0794e89e0 ConcurrentGCThread "G1 Conc#0" [stack: 0x000000948cf00000,0x000000948d000000] [id=13476]

[error occurred during error reporting (printing all threads), id 0xc0000005, EXCEPTION_ACCESS_VIOLATION (0xc0000005) at pc=0x00007fff9fa6f277]

VM state: not at safepoint (not fully initialized)

VM Mutex/Monitor currently owned by a thread:  ([mutex/lock_event])
[0x000001a0557b1100] Heap_lock - owner thread: 0x000001a0557b4d60

Heap address: 0x0000000603800000, size: 8136 MB, Compressed Oops mode: Zero based, Oop shift amount: 3

CDS archive(s) mapped at: [0x0000000000000000-0x0000000000000000-0x0000000000000000), size 0, SharedBaseAddress: 0x0000000800000000, ArchiveRelocationMode: 1.
Narrow klass base: 0x0000000000000000, Narrow klass shift: 0, Narrow klass range: 0x0

GC Precious Log:
<Empty>

Heap:
 garbage-first heap   total 0K, used 0K [0x0000000603800000, 0x0000000800000000)
  region size 4096K, 0 young (0K), 0 survivors (0K)

[error occurred during error reporting (printing heap information), id 0xc0000005, EXCEPTION_ACCESS_VIOLATION (0xc0000005) at pc=0x00007fff9fe58829]

GC Heap History (0 events):
No events

Dll operation events (1 events):
Event: 0.004 Loaded shared library C:\Users\bit\.jdks\corretto-17.0.12\bin\java.dll

Deoptimization events (0 events):
No events

Classes loaded (0 events):
No events

Classes unloaded (0 events):
No events

Classes redefined (0 events):
No events

Internal exceptions (0 events):
No events

VM Operations (0 events):
No events

Events (0 events):
No events


Dynamic libraries:
0x00007ff634320000 - 0x00007ff63432e000 	C:\Users\bit\.jdks\corretto-17.0.12\bin\java.exe
0x00007ff822070000 - 0x00007ff822287000 	C:\Windows\SYSTEM32\ntdll.dll
0x00007ff820f60000 - 0x00007ff821024000 	C:\Windows\System32\KERNEL32.DLL
0x00007ff81f4f0000 - 0x00007ff81f89d000 	C:\Windows\System32\KERNELBASE.dll
0x00007ff81fa70000 - 0x00007ff81fb81000 	C:\Windows\System32\ucrtbase.dll
0x00007fffc8e80000 - 0x00007fffc8e97000 	C:\Users\bit\.jdks\corretto-17.0.12\bin\jli.dll
0x00007fffd19a0000 - 0x00007fffd19bb000 	C:\Users\bit\.jdks\corretto-17.0.12\bin\VCRUNTIME140.dll
0x00007ff820400000 - 0x00007ff8205ae000 	C:\Windows\System32\USER32.dll
0x00007ff81f4c0000 - 0x00007ff81f4e6000 	C:\Windows\System32\win32u.dll
0x00007ff804800000 - 0x00007ff804a93000 	C:\Windows\WinSxS\amd64_microsoft.windows.common-controls_6595b64144ccf1df_6.0.22621.3672_none_2713b9d173822955\COMCTL32.dll
0x00007ff820ce0000 - 0x00007ff820d87000 	C:\Windows\System32\msvcrt.dll
0x00007ff820030000 - 0x00007ff820059000 	C:\Windows\System32\GDI32.dll
0x00007ff81f8a0000 - 0x00007ff81f9b9000 	C:\Windows\System32\gdi32full.dll
0x00007ff81fb90000 - 0x00007ff81fc2a000 	C:\Windows\System32\msvcp_win.dll
0x00007ff821b70000 - 0x00007ff821ba1000 	C:\Windows\System32\IMM32.DLL
0x00007ff803570000 - 0x00007ff80357c000 	C:\Users\bit\.jdks\corretto-17.0.12\bin\vcruntime140_1.dll
0x00007fffc8ac0000 - 0x00007fffc8b4d000 	C:\Users\bit\.jdks\corretto-17.0.12\bin\msvcp140.dll
0x00007fff9f780000 - 0x00007fffa03ea000 	C:\Users\bit\.jdks\corretto-17.0.12\bin\server\jvm.dll
0x00007ff821240000 - 0x00007ff8212f2000 	C:\Windows\System32\ADVAPI32.dll
0x00007ff820630000 - 0x00007ff8206d9000 	C:\Windows\System32\sechost.dll
0x00007ff81fa40000 - 0x00007ff81fa68000 	C:\Windows\System32\bcrypt.dll
0x00007ff820db0000 - 0x00007ff820ec4000 	C:\Windows\System32\RPCRT4.dll
0x00007ff8201d0000 - 0x00007ff820241000 	C:\Windows\System32\WS2_32.dll
0x00007ff81e6a0000 - 0x00007ff81e6ed000 	C:\Windows\SYSTEM32\POWRPROF.dll
0x00007ff8173f0000 - 0x00007ff8173fa000 	C:\Windows\SYSTEM32\VERSION.dll
0x00007ff813010000 - 0x00007ff813044000 	C:\Windows\SYSTEM32\WINMM.dll
0x00007ff81e620000 - 0x00007ff81e633000 	C:\Windows\SYSTEM32\UMPDC.dll
0x00007ff81e340000 - 0x00007ff81e358000 	C:\Windows\SYSTEM32\kernel.appcore.dll
0x00007ffff88d0000 - 0x00007ffff88da000 	C:\Users\bit\.jdks\corretto-17.0.12\bin\jimage.dll
0x00007ff812500000 - 0x00007ff812732000 	C:\Windows\SYSTEM32\DBGHELP.DLL
0x00007ff820950000 - 0x00007ff820cde000 	C:\Windows\System32\combase.dll
0x00007ff8206e0000 - 0x00007ff8207b7000 	C:\Windows\System32\OLEAUT32.dll
0x00007ff816600000 - 0x00007ff816632000 	C:\Windows\SYSTEM32\dbgcore.DLL
0x00007ff81f9c0000 - 0x00007ff81fa3b000 	C:\Windows\System32\bcryptPrimitives.dll
0x00007fffc3730000 - 0x00007fffc3755000 	C:\Users\bit\.jdks\corretto-17.0.12\bin\java.dll

dbghelp: loaded successfully - version: 4.0.5 - missing functions: none
symbol engine: initialized successfully - sym options: 0x614 - pdb path: .;C:\Users\bit\.jdks\corretto-17.0.12\bin;C:\Windows\SYSTEM32;C:\Windows\WinSxS\amd64_microsoft.windows.common-controls_6595b64144ccf1df_6.0.22621.3672_none_2713b9d173822955;C:\Users\bit\.jdks\corretto-17.0.12\bin\server

VM Arguments:
jvm_args: -Dnet.bytebuddy.agent.attacher.dump= 
java_command: net.bytebuddy.agent.Attacher com.sun.tools.attach.VirtualMachine 32040 C:\Users\bit\.gradle\caches\modules-2\files-2.1\net.bytebuddy\byte-buddy-agent\1.14.19\154da3a65b4f4a909d3e5bdec55d1b2b4cbb6ce1\byte-buddy-agent-1.14.19.jar false 
java_class_path (initial): C:\Users\bit\.gradle\caches\modules-2\files-2.1\net.bytebuddy\byte-buddy-agent\1.14.19\154da3a65b4f4a909d3e5bdec55d1b2b4cbb6ce1\byte-buddy-agent-1.14.19.jar
Launcher Type: SUN_STANDARD

[Global flags]
     intx CICompilerCount                          = 4                                         {product} {ergonomic}
     uint ConcGCThreads                            = 2                                         {product} {ergonomic}
     uint G1ConcRefinementThreads                  = 8                                         {product} {ergonomic}
   size_t G1HeapRegionSize                         = 4194304                                   {product} {ergonomic}
    uintx GCDrainStackTargetSize                   = 64                                        {product} {ergonomic}
   size_t InitialHeapSize                          = 536870912                                 {product} {ergonomic}
   size_t MarkStackSize                            = 4194304                                   {product} {ergonomic}
   size_t MaxHeapSize                              = 8531214336                                {product} {ergonomic}
   size_t MinHeapDeltaBytes                        = 4194304                                   {product} {ergonomic}
   size_t MinHeapSize                              = 8388608                                   {product} {ergonomic}
    uintx NonNMethodCodeHeapSize                   = 5839372                                {pd product} {ergonomic}
    uintx NonProfiledCodeHeapSize                  = 122909434                              {pd product} {ergonomic}
    uintx ProfiledCodeHeapSize                     = 122909434                              {pd product} {ergonomic}
    uintx ReservedCodeCacheSize                    = 251658240                              {pd product} {ergonomic}
     bool SegmentedCodeCache                       = true                                      {product} {ergonomic}
   size_t SoftMaxHeapSize                          = 8531214336                             {manageable} {ergonomic}
     bool UseCompressedClassPointers               = true                           {product lp64_product} {ergonomic}
     bool UseCompressedOops                        = true                           {product lp64_product} {ergonomic}
     bool UseG1GC                                  = true                                      {product} {ergonomic}
     bool UseLargePagesIndividualAllocation        = false                                  {pd product} {ergonomic}

Logging:
Log output configuration:
 #0: stdout all=warning uptime,level,tags
 #1: stderr all=off uptime,level,tags

Environment Variables:
JAVA_HOME=C:\Program Files\Java\jdk-22
PATH=C:\Program Files\Common Files\Oracle\Java\javapath;C:\Windows\system32;C:\Windows;C:\Windows\System32\Wbem;C:\Windows\System32\WindowsPowerShell\v1.0\;C:\Windows\System32\OpenSSH\;C:\Program Files\Java\jdk-22\bin;C:\Program Files\Git\cmd;C:\Program Files\Docker\Docker\resources\bin;C:\Windows\System32;C:\Program Files\nodejs\;C:\ProgramData\chocolatey\bin;C:\Program Files (x86)\Yarn\bin\;C:\Users\bit\Downloads\chromedriver-win64\chromedriver-win64;C:\Program Files\Common Files\Oracle\Java\javapath;C:\Windows\system32;C:\Windows;C:\Windows\System32\Wbem;C:\Windows\System32\WindowsPowerShell\v1.0\;C:\Windows\System32\OpenSSH\;C:\Program Files\Java\jdk-22\bin;C:\Program Files\Git\cmd;C:\Program Files\Docker\Docker\resources\bin;C:\Windows\System32;C:\Program Files\nodejs\;C:\ProgramData\chocolatey\bin;C:\Program Files (x86)\Yarn\bin\;C:\Users\bit\AppData\Local\Microsoft\WindowsApps;C:\Users\bit\AppData\Local\Programs\Microsoft VS Code\bin;C:\Users\bit\AppData\Roaming\npm;C:\Users\bit\AppData\Local\Yarn\bin;C:\WebDriver\bin
USERNAME=bit
OS=Windows_NT
PROCESSOR_IDENTIFIER=Intel64 Family 6 Model 158 Stepping 13, GenuineIntel
TMP=C:\Users\bit\AppData\Local\Temp
TEMP=C:\Users\bit\AppData\Local\Temp



Periodic native trim disabled


---------------  S Y S T E M  ---------------

OS:
 Windows 11 , 64 bit Build 22621 (10.0.22621.3958)
OS uptime: 12 days 1:56 hours
Hyper-V role detected

CPU: total 8 (initial active 8) (8 cores per cpu, 1 threads per core) family 6 model 158 stepping 13 microcode 0xec, cx8, cmov, fxsr, mmx, 3dnowpref, sse, sse2, sse3, ssse3, sse4.1, sse4.2, popcnt, lzcnt, tsc, tscinvbit, avx, avx2, aes, erms, clmul, bmi1, bmi2, adx, fma, vzeroupper, clflush, clflushopt, hv
Processor Information for all 8 processors :
  Max Mhz: 3000, Current Mhz: 3000, Mhz Limit: 3000

Memory: 4k page, system-wide physical 32542M (10852M free)
TotalPageFile size 62900M (AvailPageFile size 407M)
current process WorkingSet (physical memory assigned to process): 11M, peak: 11M
current process commit charge ("private bytes"): 60M, peak: 572M

vm_info: OpenJDK 64-Bit Server VM (17.0.12+7-LTS) for windows-amd64 JRE (17.0.12+7-LTS), built on Jul 10 2024 20:46:33 by "Administrator" with MS VC++ 16.10 / 16.11 (VS2019)

END.
