#
# There is insufficient memory for the Java Runtime Environment to continue.
# Native memory allocation (malloc) failed to allocate 1904512 bytes. Error detail: Chunk::new
# Possible reasons:
#   The system is out of physical RAM or swap space
#   This process is running with CompressedOops enabled, and the Java Heap may be blocking the growth of the native heap
# Possible solutions:
#   Reduce memory load on the system
#   Increase physical memory or swap space
#   Check if swap backing store is full
#   Decrease Java heap size (-Xmx/-Xms)
#   Decrease number of Java threads
#   Decrease Java thread stack sizes (-Xss)
#   Set larger code cache with -XX:ReservedCodeCacheSize=
#   JVM is running with Unscaled Compressed Oops mode in which the Java heap is
#     placed in the first 4GB address space. The Java Heap base address is the
#     maximum limit for the native heap growth. Please use -XX:HeapBaseMinAddress
#     to set the Java Heap base and to place the Java Heap above 4GB virtual address.
# This output file may be truncated or incomplete.
#
#  Out of Memory Error (arena.cpp:150), pid=20168, tid=19960
#
# JRE version: Java(TM) SE Runtime Environment (22.0.2+9) (build 22.0.2+9-70)
# Java VM: Java HotSpot(TM) 64-Bit Server VM (22.0.2+9-70, mixed mode, sharing, tiered, compressed oops, compressed class ptrs, g1 gc, windows-amd64)
# No core dump will be written. Minidumps are not enabled by default on client versions of Windows
#

---------------  S U M M A R Y ------------

Command Line: --add-opens=java.base/java.util=ALL-UNNAMED --add-opens=java.base/java.lang=ALL-UNNAMED --add-opens=java.base/java.lang.invoke=ALL-UNNAMED --add-opens=java.prefs/java.util.prefs=ALL-UNNAMED --add-opens=java.base/java.nio.charset=ALL-UNNAMED --add-opens=java.base/java.net=ALL-UNNAMED --add-opens=java.base/java.util.concurrent.atomic=ALL-UNNAMED -XX:MaxMetaspaceSize=384m -XX:+HeapDumpOnOutOfMemoryError -Xms256m -Xmx512m -Dfile.encoding=UTF-8 -Duser.country=KR -Duser.language=ko -Duser.variant -javaagent:C:\Users\bitcamp\.gradle\wrapper\dists\gradle-8.8-bin\dl7vupf4psengwqhwktix4v1\gradle-8.8\lib\agents\gradle-instrumentation-agent-8.8.jar org.gradle.launcher.daemon.bootstrap.GradleDaemon 8.8

Host: Intel(R) Core(TM) i7-8700 CPU @ 3.20GHz, 12 cores, 31G,  Windows 11 , 64 bit Build 22621 (10.0.22621.3958)
Time: Wed Oct 16 21:30:28 2024  Windows 11 , 64 bit Build 22621 (10.0.22621.3958) elapsed time: 3.034870 seconds (0d 0h 0m 3s)

---------------  T H R E A D  ---------------

Current thread (0x0000018357c2e2d0):  JavaThread "C2 CompilerThread2" daemon [_thread_in_native, id=19960, stack(0x000000122de00000,0x000000122df00000) (1024K)]


Current CompileTask:
C2:3035 2745   !   4       java.net.URLClassLoader::findClass (47 bytes)

Stack: [0x000000122de00000,0x000000122df00000]
Native frames: (J=compiled Java code, j=interpreted, Vv=VM code, C=native code)
V  [jvm.dll+0x6e26e9]  (no source info available)
V  [jvm.dll+0x875753]  (no source info available)
V  [jvm.dll+0x877b7e]  (no source info available)
V  [jvm.dll+0x878253]  (no source info available)
V  [jvm.dll+0x27fc86]  (no source info available)
V  [jvm.dll+0xc3d0f]  (no source info available)
V  [jvm.dll+0xc3f6b]  (no source info available)
V  [jvm.dll+0x3bb47c]  (no source info available)
V  [jvm.dll+0x1df6ae]  (no source info available)
V  [jvm.dll+0x24793c]  (no source info available)
V  [jvm.dll+0x246e9f]  (no source info available)
V  [jvm.dll+0x1c4e80]  (no source info available)
V  [jvm.dll+0x2568f3]  (no source info available)
V  [jvm.dll+0x254baa]  (no source info available)
V  [jvm.dll+0x3f57a6]  (no source info available)
V  [jvm.dll+0x81dc0b]  (no source info available)
V  [jvm.dll+0x6e0d85]  (no source info available)
C  [ucrtbase.dll+0x29333]  (no source info available)
C  [KERNEL32.DLL+0x1257d]  (no source info available)
C  [ntdll.dll+0x5af08]  (no source info available)


---------------  P R O C E S S  ---------------

Threads class SMR info:
_java_thread_list=0x000001835b56ba20, length=28, elements={
0x000001831f2e3930, 0x000001833c3d43f0, 0x000001833c4980a0, 0x000001833c49d4b0,
0x000001833c49e0d0, 0x000001833c4a0850, 0x000001833c3d9060, 0x000001833c4b4640,
0x000001833c4b5310, 0x000001833c3afc70, 0x000001833c684f50, 0x000001833c796510,
0x00000183575228b0, 0x00000183577ae550, 0x00000183575d17d0, 0x00000183576566a0,
0x0000018356fdf8d0, 0x0000018357694050, 0x00000183577e8090, 0x00000183577e5930,
0x00000183577e52a0, 0x00000183577e5fc0, 0x00000183577e6650, 0x00000183577e6ce0,
0x00000183577e7370, 0x0000018357c2e2d0, 0x00000183577e7a00, 0x0000018358c1d470
}

Java Threads: ( => current thread )
  0x000001831f2e3930 JavaThread "main"                              [_thread_blocked, id=8148, stack(0x000000122b900000,0x000000122ba00000) (1024K)]
  0x000001833c3d43f0 JavaThread "Reference Handler"          daemon [_thread_blocked, id=11600, stack(0x000000122c100000,0x000000122c200000) (1024K)]
  0x000001833c4980a0 JavaThread "Finalizer"                  daemon [_thread_blocked, id=12748, stack(0x000000122c200000,0x000000122c300000) (1024K)]
  0x000001833c49d4b0 JavaThread "Signal Dispatcher"          daemon [_thread_blocked, id=10616, stack(0x000000122c300000,0x000000122c400000) (1024K)]
  0x000001833c49e0d0 JavaThread "Attach Listener"            daemon [_thread_blocked, id=11136, stack(0x000000122c400000,0x000000122c500000) (1024K)]
  0x000001833c4a0850 JavaThread "Service Thread"             daemon [_thread_blocked, id=18068, stack(0x000000122c500000,0x000000122c600000) (1024K)]
  0x000001833c3d9060 JavaThread "Monitor Deflation Thread"   daemon [_thread_blocked, id=17068, stack(0x000000122c600000,0x000000122c700000) (1024K)]
  0x000001833c4b4640 JavaThread "C2 CompilerThread0"         daemon [_thread_in_native, id=21748, stack(0x000000122c700000,0x000000122c800000) (1024K)]
  0x000001833c4b5310 JavaThread "C1 CompilerThread0"         daemon [_thread_blocked, id=11828, stack(0x000000122c800000,0x000000122c900000) (1024K)]
  0x000001833c3afc70 JavaThread "Common-Cleaner"             daemon [_thread_blocked, id=3436, stack(0x000000122c900000,0x000000122ca00000) (1024K)]
  0x000001833c684f50 JavaThread "C2 CompilerThread1"         daemon [_thread_in_native, id=13092, stack(0x000000122ca00000,0x000000122cb00000) (1024K)]
  0x000001833c796510 JavaThread "Notification Thread"        daemon [_thread_blocked, id=7352, stack(0x000000122cb00000,0x000000122cc00000) (1024K)]
  0x00000183575228b0 JavaThread "Daemon health stats"               [_thread_blocked, id=5792, stack(0x000000122d100000,0x000000122d200000) (1024K)]
  0x00000183577ae550 JavaThread "Incoming local TCP Connector on port 59615"        [_thread_in_native, id=14920, stack(0x000000122d200000,0x000000122d300000) (1024K)]
  0x00000183575d17d0 JavaThread "Daemon periodic checks"            [_thread_blocked, id=8792, stack(0x000000122d300000,0x000000122d400000) (1024K)]
  0x00000183576566a0 JavaThread "Daemon"                            [_thread_blocked, id=22648, stack(0x000000122d400000,0x000000122d500000) (1024K)]
  0x0000018356fdf8d0 JavaThread "Handler for socket connection from /127.0.0.1:59615 to /127.0.0.1:59616"        [_thread_in_native, id=20864, stack(0x000000122d500000,0x000000122d600000) (1024K)]
  0x0000018357694050 JavaThread "Cancel handler"                    [_thread_blocked, id=19516, stack(0x000000122d600000,0x000000122d700000) (1024K)]
  0x00000183577e8090 JavaThread "Daemon worker"                     [_thread_in_native, id=12328, stack(0x000000122d700000,0x000000122d800000) (1024K)]
  0x00000183577e5930 JavaThread "Asynchronous log dispatcher for DefaultDaemonConnection: socket connection from /127.0.0.1:59615 to /127.0.0.1:59616"        [_thread_blocked, id=9056, stack(0x000000122d800000,0x000000122d900000) (1024K)]
  0x00000183577e52a0 JavaThread "Stdin handler"                     [_thread_blocked, id=12904, stack(0x000000122d900000,0x000000122da00000) (1024K)]
  0x00000183577e5fc0 JavaThread "Daemon client event forwarder"        [_thread_blocked, id=14092, stack(0x000000122da00000,0x000000122db00000) (1024K)]
  0x00000183577e6650 JavaThread "Cache worker for journal cache (C:\Users\bitcamp\.gradle\caches\journal-1)"        [_thread_blocked, id=8532, stack(0x000000122db00000,0x000000122dc00000) (1024K)]
  0x00000183577e6ce0 JavaThread "File lock request listener"        [_thread_in_native, id=18436, stack(0x000000122dc00000,0x000000122dd00000) (1024K)]
  0x00000183577e7370 JavaThread "Cache worker for file hash cache (C:\Users\bitcamp\.gradle\caches\8.8\fileHashes)"        [_thread_blocked, id=5012, stack(0x000000122dd00000,0x000000122de00000) (1024K)]
=>0x0000018357c2e2d0 JavaThread "C2 CompilerThread2"         daemon [_thread_in_native, id=19960, stack(0x000000122de00000,0x000000122df00000) (1024K)]
  0x00000183577e7a00 JavaThread "File lock release action executor"        [_thread_blocked, id=22656, stack(0x000000122df00000,0x000000122e000000) (1024K)]
  0x0000018358c1d470 JavaThread "Cache worker for file hash cache (C:\Users\bitcamp\team\release\nyamnyam-kr\.gradle\8.8\fileHashes)"        [_thread_blocked, id=21784, stack(0x000000122e000000,0x000000122e100000) (1024K)]
Total: 28

Other Threads:
  0x000001833c3bde90 VMThread "VM Thread"                           [id=2148, stack(0x000000122c000000,0x000000122c100000) (1024K)]
  0x000001833c3af120 WatcherThread "VM Periodic Task Thread"        [id=9980, stack(0x000000122bf00000,0x000000122c000000) (1024K)]
  0x000001831f57a460 WorkerThread "GC Thread#0"                     [id=6360, stack(0x000000122ba00000,0x000000122bb00000) (1024K)]
  0x0000018356ae2f90 WorkerThread "GC Thread#1"                     [id=23408, stack(0x000000122cc00000,0x000000122cd00000) (1024K)]
  0x000001835638fb00 WorkerThread "GC Thread#2"                     [id=7440, stack(0x000000122cd00000,0x000000122ce00000) (1024K)]
  0x000001835638feb0 WorkerThread "GC Thread#3"                     [id=11640, stack(0x000000122ce00000,0x000000122cf00000) (1024K)]
  0x00000183567888b0 WorkerThread "GC Thread#4"                     [id=19808, stack(0x000000122cf00000,0x000000122d000000) (1024K)]
  0x0000018356788c60 WorkerThread "GC Thread#5"                     [id=15640, stack(0x000000122d000000,0x000000122d100000) (1024K)]
  0x0000018359c09d20 WorkerThread "GC Thread#6"                     [id=17672, stack(0x000000122e100000,0x000000122e200000) (1024K)]
  0x0000018359c0a0d0 WorkerThread "GC Thread#7"                     [id=22180, stack(0x000000122e200000,0x000000122e300000) (1024K)]
  0x0000018359c0abe0 WorkerThread "GC Thread#8"                     [id=1572, stack(0x000000122e300000,0x000000122e400000) (1024K)]
  0x0000018359c0af90 WorkerThread "GC Thread#9"                     [id=15652, stack(0x000000122e400000,0x000000122e500000) (1024K)]
  0x000001831f57f600 ConcurrentGCThread "G1 Main Marker"            [id=18112, stack(0x000000122bb00000,0x000000122bc00000) (1024K)]
  0x000001831f580110 WorkerThread "G1 Conc#0"                       [id=20604, stack(0x000000122bc00000,0x000000122bd00000) (1024K)]
  0x000001835be11410 WorkerThread "G1 Conc#1"                       [id=5068, stack(0x000000122e500000,0x000000122e600000) (1024K)]
  0x000001835be11f20 WorkerThread "G1 Conc#2"                       [id=22908, stack(0x000000122e600000,0x000000122e700000) (1024K)]
  0x000001833c27b220 ConcurrentGCThread "G1 Refine#0"               [id=19512, stack(0x000000122bd00000,0x000000122be00000) (1024K)]
  0x000001833c27d670 ConcurrentGCThread "G1 Service"                [id=15948, stack(0x000000122be00000,0x000000122bf00000) (1024K)]
Total: 18

Threads with active compile tasks:
C2 CompilerThread0  3158 2754   !   4       java.net.URLClassLoader$1::run (81 bytes)
C2 CompilerThread2  3158 2745   !   4       java.net.URLClassLoader::findClass (47 bytes)
Total: 2

VM state: not at safepoint (normal execution)

VM Mutex/Monitor currently owned by a thread: None

Heap address: 0x00000000e0000000, size: 512 MB, Compressed Oops mode: 32-bit

CDS archive(s) mapped at: [0x000001833d000000-0x000001833dc60000-0x000001833dc60000), size 12976128, SharedBaseAddress: 0x000001833d000000, ArchiveRelocationMode: 1.
Compressed class space mapped at: 0x000001833e000000-0x0000018352000000, reserved size: 335544320
Narrow klass base: 0x000001833d000000, Narrow klass shift: 0, Narrow klass range: 0x15000000

GC Precious Log:
 CardTable entry size: 512
 Card Set container configuration: InlinePtr #cards 5 size 8 Array Of Cards #cards 12 size 40 Howl #buckets 4 coarsen threshold 1843 Howl Bitmap #cards 512 size 80 coarsen threshold 460 Card regions per heap region 1 cards per card region 2048
 CPUs: 12 total, 12 available
 Memory: 32541M
 Large Page Support: Disabled
 NUMA Support: Disabled
 Compressed Oops: Enabled (32-bit)
 Heap Region Size: 1M
 Heap Min Capacity: 256M
 Heap Initial Capacity: 256M
 Heap Max Capacity: 512M
 Pre-touch: Disabled
 Parallel Workers: 10
 Concurrent Workers: 3
 Concurrent Refinement Workers: 10
 Periodic GC: Disabled

Heap:
 garbage-first heap   total reserved 524288K, committed 262144K, used 32587K [0x00000000e0000000, 0x0000000100000000)
  region size 1024K, 21 young (21504K), 12 survivors (12288K)
 Metaspace       used 21830K, committed 22592K, reserved 393216K
  class space    used 3308K, committed 3648K, reserved 327680K

Heap Regions: E=young(eden), S=young(survivor), O=old, HS=humongous(starts), HC=humongous(continues), CS=collection set, F=free, TAMS=top-at-mark-start, PB=parsable bottom
|   0|0x00000000e0000000, 0x00000000e0100000, 0x00000000e0100000|100%|HS|  |TAMS 0x00000000e0000000| PB 0x00000000e0000000| Complete |  0
|   1|0x00000000e0100000, 0x00000000e0200000, 0x00000000e0200000|100%|HC|  |TAMS 0x00000000e0100000| PB 0x00000000e0100000| Complete |  0
|   2|0x00000000e0200000, 0x00000000e0300000, 0x00000000e0300000|100%|HC|  |TAMS 0x00000000e0200000| PB 0x00000000e0200000| Complete |  0
|   3|0x00000000e0300000, 0x00000000e0400000, 0x00000000e0400000|100%|HC|  |TAMS 0x00000000e0300000| PB 0x00000000e0300000| Complete |  0
|   4|0x00000000e0400000, 0x00000000e0500000, 0x00000000e0500000|100%| O|  |TAMS 0x00000000e0400000| PB 0x00000000e0400000| Untracked |  0
|   5|0x00000000e0500000, 0x00000000e0600000, 0x00000000e0600000|100%| O|  |TAMS 0x00000000e0500000| PB 0x00000000e0500000| Untracked |  0
|   6|0x00000000e0600000, 0x00000000e0700000, 0x00000000e0700000|100%| O|  |TAMS 0x00000000e0600000| PB 0x00000000e0600000| Untracked |  0
|   7|0x00000000e0700000, 0x00000000e0800000, 0x00000000e0800000|100%| O|  |TAMS 0x00000000e0700000| PB 0x00000000e0700000| Untracked |  0
|   8|0x00000000e0800000, 0x00000000e0900000, 0x00000000e0900000|100%| O|Cm|TAMS 0x00000000e0800000| PB 0x00000000e0800000| Complete |  0
|   9|0x00000000e0900000, 0x00000000e0a00000, 0x00000000e0a00000|100%| O|  |TAMS 0x00000000e0900000| PB 0x00000000e0900000| Untracked |  0
|  10|0x00000000e0a00000, 0x00000000e0adffd0, 0x00000000e0b00000| 87%| O|  |TAMS 0x00000000e0a00000| PB 0x00000000e0a00000| Untracked |  0
|  11|0x00000000e0b00000, 0x00000000e0c00000, 0x00000000e0c00000|100%|HS|  |TAMS 0x00000000e0b00000| PB 0x00000000e0b00000| Complete |  0
|  12|0x00000000e0c00000, 0x00000000e0c00000, 0x00000000e0d00000|  0%| F|  |TAMS 0x00000000e0c00000| PB 0x00000000e0c00000| Untracked |  0
|  13|0x00000000e0d00000, 0x00000000e0d00000, 0x00000000e0e00000|  0%| F|  |TAMS 0x00000000e0d00000| PB 0x00000000e0d00000| Untracked |  0
|  14|0x00000000e0e00000, 0x00000000e0e00000, 0x00000000e0f00000|  0%| F|  |TAMS 0x00000000e0e00000| PB 0x00000000e0e00000| Untracked |  0
|  15|0x00000000e0f00000, 0x00000000e0f00000, 0x00000000e1000000|  0%| F|  |TAMS 0x00000000e0f00000| PB 0x00000000e0f00000| Untracked |  0
|  16|0x00000000e1000000, 0x00000000e1000000, 0x00000000e1100000|  0%| F|  |TAMS 0x00000000e1000000| PB 0x00000000e1000000| Untracked |  0
|  17|0x00000000e1100000, 0x00000000e1100000, 0x00000000e1200000|  0%| F|  |TAMS 0x00000000e1100000| PB 0x00000000e1100000| Untracked |  0
|  18|0x00000000e1200000, 0x00000000e1200000, 0x00000000e1300000|  0%| F|  |TAMS 0x00000000e1200000| PB 0x00000000e1200000| Untracked |  0
|  19|0x00000000e1300000, 0x00000000e1300000, 0x00000000e1400000|  0%| F|  |TAMS 0x00000000e1300000| PB 0x00000000e1300000| Untracked |  0
|  20|0x00000000e1400000, 0x00000000e1400000, 0x00000000e1500000|  0%| F|  |TAMS 0x00000000e1400000| PB 0x00000000e1400000| Untracked |  0
|  21|0x00000000e1500000, 0x00000000e1500000, 0x00000000e1600000|  0%| F|  |TAMS 0x00000000e1500000| PB 0x00000000e1500000| Untracked |  0
|  22|0x00000000e1600000, 0x00000000e1600000, 0x00000000e1700000|  0%| F|  |TAMS 0x00000000e1600000| PB 0x00000000e1600000| Untracked |  0
|  23|0x00000000e1700000, 0x00000000e1700000, 0x00000000e1800000|  0%| F|  |TAMS 0x00000000e1700000| PB 0x00000000e1700000| Untracked |  0
|  24|0x00000000e1800000, 0x00000000e1800000, 0x00000000e1900000|  0%| F|  |TAMS 0x00000000e1800000| PB 0x00000000e1800000| Untracked |  0
|  25|0x00000000e1900000, 0x00000000e1900000, 0x00000000e1a00000|  0%| F|  |TAMS 0x00000000e1900000| PB 0x00000000e1900000| Untracked |  0
|  26|0x00000000e1a00000, 0x00000000e1a00000, 0x00000000e1b00000|  0%| F|  |TAMS 0x00000000e1a00000| PB 0x00000000e1a00000| Untracked |  0
|  27|0x00000000e1b00000, 0x00000000e1b00000, 0x00000000e1c00000|  0%| F|  |TAMS 0x00000000e1b00000| PB 0x00000000e1b00000| Untracked |  0
|  28|0x00000000e1c00000, 0x00000000e1c00000, 0x00000000e1d00000|  0%| F|  |TAMS 0x00000000e1c00000| PB 0x00000000e1c00000| Untracked |  0
|  29|0x00000000e1d00000, 0x00000000e1d00000, 0x00000000e1e00000|  0%| F|  |TAMS 0x00000000e1d00000| PB 0x00000000e1d00000| Untracked |  0
|  30|0x00000000e1e00000, 0x00000000e1e00000, 0x00000000e1f00000|  0%| F|  |TAMS 0x00000000e1e00000| PB 0x00000000e1e00000| Untracked |  0
|  31|0x00000000e1f00000, 0x00000000e1f00000, 0x00000000e2000000|  0%| F|  |TAMS 0x00000000e1f00000| PB 0x00000000e1f00000| Untracked |  0
|  32|0x00000000e2000000, 0x00000000e2000000, 0x00000000e2100000|  0%| F|  |TAMS 0x00000000e2000000| PB 0x00000000e2000000| Untracked |  0
|  33|0x00000000e2100000, 0x00000000e2100000, 0x00000000e2200000|  0%| F|  |TAMS 0x00000000e2100000| PB 0x00000000e2100000| Untracked |  0
|  34|0x00000000e2200000, 0x00000000e2200000, 0x00000000e2300000|  0%| F|  |TAMS 0x00000000e2200000| PB 0x00000000e2200000| Untracked |  0
|  35|0x00000000e2300000, 0x00000000e2300000, 0x00000000e2400000|  0%| F|  |TAMS 0x00000000e2300000| PB 0x00000000e2300000| Untracked |  0
|  36|0x00000000e2400000, 0x00000000e2400000, 0x00000000e2500000|  0%| F|  |TAMS 0x00000000e2400000| PB 0x00000000e2400000| Untracked |  0
|  37|0x00000000e2500000, 0x00000000e2500000, 0x00000000e2600000|  0%| F|  |TAMS 0x00000000e2500000| PB 0x00000000e2500000| Untracked |  0
|  38|0x00000000e2600000, 0x00000000e2600000, 0x00000000e2700000|  0%| F|  |TAMS 0x00000000e2600000| PB 0x00000000e2600000| Untracked |  0
|  39|0x00000000e2700000, 0x00000000e2700000, 0x00000000e2800000|  0%| F|  |TAMS 0x00000000e2700000| PB 0x00000000e2700000| Untracked |  0
|  40|0x00000000e2800000, 0x00000000e2800000, 0x00000000e2900000|  0%| F|  |TAMS 0x00000000e2800000| PB 0x00000000e2800000| Untracked |  0
|  41|0x00000000e2900000, 0x00000000e2900000, 0x00000000e2a00000|  0%| F|  |TAMS 0x00000000e2900000| PB 0x00000000e2900000| Untracked |  0
|  42|0x00000000e2a00000, 0x00000000e2a00000, 0x00000000e2b00000|  0%| F|  |TAMS 0x00000000e2a00000| PB 0x00000000e2a00000| Untracked |  0
|  43|0x00000000e2b00000, 0x00000000e2b00000, 0x00000000e2c00000|  0%| F|  |TAMS 0x00000000e2b00000| PB 0x00000000e2b00000| Untracked |  0
|  44|0x00000000e2c00000, 0x00000000e2c00000, 0x00000000e2d00000|  0%| F|  |TAMS 0x00000000e2c00000| PB 0x00000000e2c00000| Untracked |  0
|  45|0x00000000e2d00000, 0x00000000e2d00000, 0x00000000e2e00000|  0%| F|  |TAMS 0x00000000e2d00000| PB 0x00000000e2d00000| Untracked |  0
|  46|0x00000000e2e00000, 0x00000000e2e00000, 0x00000000e2f00000|  0%| F|  |TAMS 0x00000000e2e00000| PB 0x00000000e2e00000| Untracked |  0
|  47|0x00000000e2f00000, 0x00000000e2f00000, 0x00000000e3000000|  0%| F|  |TAMS 0x00000000e2f00000| PB 0x00000000e2f00000| Untracked |  0
|  48|0x00000000e3000000, 0x00000000e3000000, 0x00000000e3100000|  0%| F|  |TAMS 0x00000000e3000000| PB 0x00000000e3000000| Untracked |  0
|  49|0x00000000e3100000, 0x00000000e3100000, 0x00000000e3200000|  0%| F|  |TAMS 0x00000000e3100000| PB 0x00000000e3100000| Untracked |  0
|  50|0x00000000e3200000, 0x00000000e3200000, 0x00000000e3300000|  0%| F|  |TAMS 0x00000000e3200000| PB 0x00000000e3200000| Untracked |  0
|  51|0x00000000e3300000, 0x00000000e3300000, 0x00000000e3400000|  0%| F|  |TAMS 0x00000000e3300000| PB 0x00000000e3300000| Untracked |  0
|  52|0x00000000e3400000, 0x00000000e3400000, 0x00000000e3500000|  0%| F|  |TAMS 0x00000000e3400000| PB 0x00000000e3400000| Untracked |  0
|  53|0x00000000e3500000, 0x00000000e3500000, 0x00000000e3600000|  0%| F|  |TAMS 0x00000000e3500000| PB 0x00000000e3500000| Untracked |  0
|  54|0x00000000e3600000, 0x00000000e3600000, 0x00000000e3700000|  0%| F|  |TAMS 0x00000000e3600000| PB 0x00000000e3600000| Untracked |  0
|  55|0x00000000e3700000, 0x00000000e3700000, 0x00000000e3800000|  0%| F|  |TAMS 0x00000000e3700000| PB 0x00000000e3700000| Untracked |  0
|  56|0x00000000e3800000, 0x00000000e3800000, 0x00000000e3900000|  0%| F|  |TAMS 0x00000000e3800000| PB 0x00000000e3800000| Untracked |  0
|  57|0x00000000e3900000, 0x00000000e3900000, 0x00000000e3a00000|  0%| F|  |TAMS 0x00000000e3900000| PB 0x00000000e3900000| Untracked |  0
|  58|0x00000000e3a00000, 0x00000000e3a00000, 0x00000000e3b00000|  0%| F|  |TAMS 0x00000000e3a00000| PB 0x00000000e3a00000| Untracked |  0
|  59|0x00000000e3b00000, 0x00000000e3b00000, 0x00000000e3c00000|  0%| F|  |TAMS 0x00000000e3b00000| PB 0x00000000e3b00000| Untracked |  0
|  60|0x00000000e3c00000, 0x00000000e3c00000, 0x00000000e3d00000|  0%| F|  |TAMS 0x00000000e3c00000| PB 0x00000000e3c00000| Untracked |  0
|  61|0x00000000e3d00000, 0x00000000e3d00000, 0x00000000e3e00000|  0%| F|  |TAMS 0x00000000e3d00000| PB 0x00000000e3d00000| Untracked |  0
|  62|0x00000000e3e00000, 0x00000000e3e00000, 0x00000000e3f00000|  0%| F|  |TAMS 0x00000000e3e00000| PB 0x00000000e3e00000| Untracked |  0
|  63|0x00000000e3f00000, 0x00000000e3f00000, 0x00000000e4000000|  0%| F|  |TAMS 0x00000000e3f00000| PB 0x00000000e3f00000| Untracked |  0
|  64|0x00000000e4000000, 0x00000000e4000000, 0x00000000e4100000|  0%| F|  |TAMS 0x00000000e4000000| PB 0x00000000e4000000| Untracked |  0
|  65|0x00000000e4100000, 0x00000000e4100000, 0x00000000e4200000|  0%| F|  |TAMS 0x00000000e4100000| PB 0x00000000e4100000| Untracked |  0
|  66|0x00000000e4200000, 0x00000000e4200000, 0x00000000e4300000|  0%| F|  |TAMS 0x00000000e4200000| PB 0x00000000e4200000| Untracked |  0
|  67|0x00000000e4300000, 0x00000000e4300000, 0x00000000e4400000|  0%| F|  |TAMS 0x00000000e4300000| PB 0x00000000e4300000| Untracked |  0
|  68|0x00000000e4400000, 0x00000000e4400000, 0x00000000e4500000|  0%| F|  |TAMS 0x00000000e4400000| PB 0x00000000e4400000| Untracked |  0
|  69|0x00000000e4500000, 0x00000000e4500000, 0x00000000e4600000|  0%| F|  |TAMS 0x00000000e4500000| PB 0x00000000e4500000| Untracked |  0
|  70|0x00000000e4600000, 0x00000000e4600000, 0x00000000e4700000|  0%| F|  |TAMS 0x00000000e4600000| PB 0x00000000e4600000| Untracked |  0
|  71|0x00000000e4700000, 0x00000000e4700000, 0x00000000e4800000|  0%| F|  |TAMS 0x00000000e4700000| PB 0x00000000e4700000| Untracked |  0
|  72|0x00000000e4800000, 0x00000000e4800000, 0x00000000e4900000|  0%| F|  |TAMS 0x00000000e4800000| PB 0x00000000e4800000| Untracked |  0
|  73|0x00000000e4900000, 0x00000000e4900000, 0x00000000e4a00000|  0%| F|  |TAMS 0x00000000e4900000| PB 0x00000000e4900000| Untracked |  0
|  74|0x00000000e4a00000, 0x00000000e4a00000, 0x00000000e4b00000|  0%| F|  |TAMS 0x00000000e4a00000| PB 0x00000000e4a00000| Untracked |  0
|  75|0x00000000e4b00000, 0x00000000e4b00000, 0x00000000e4c00000|  0%| F|  |TAMS 0x00000000e4b00000| PB 0x00000000e4b00000| Untracked |  0
|  76|0x00000000e4c00000, 0x00000000e4c00000, 0x00000000e4d00000|  0%| F|  |TAMS 0x00000000e4c00000| PB 0x00000000e4c00000| Untracked |  0
|  77|0x00000000e4d00000, 0x00000000e4d00000, 0x00000000e4e00000|  0%| F|  |TAMS 0x00000000e4d00000| PB 0x00000000e4d00000| Untracked |  0
|  78|0x00000000e4e00000, 0x00000000e4e00000, 0x00000000e4f00000|  0%| F|  |TAMS 0x00000000e4e00000| PB 0x00000000e4e00000| Untracked |  0
|  79|0x00000000e4f00000, 0x00000000e4f00000, 0x00000000e5000000|  0%| F|  |TAMS 0x00000000e4f00000| PB 0x00000000e4f00000| Untracked |  0
|  80|0x00000000e5000000, 0x00000000e5000000, 0x00000000e5100000|  0%| F|  |TAMS 0x00000000e5000000| PB 0x00000000e5000000| Untracked |  0
|  81|0x00000000e5100000, 0x00000000e5100000, 0x00000000e5200000|  0%| F|  |TAMS 0x00000000e5100000| PB 0x00000000e5100000| Untracked |  0
|  82|0x00000000e5200000, 0x00000000e5200000, 0x00000000e5300000|  0%| F|  |TAMS 0x00000000e5200000| PB 0x00000000e5200000| Untracked |  0
|  83|0x00000000e5300000, 0x00000000e5300000, 0x00000000e5400000|  0%| F|  |TAMS 0x00000000e5300000| PB 0x00000000e5300000| Untracked |  0
|  84|0x00000000e5400000, 0x00000000e5400000, 0x00000000e5500000|  0%| F|  |TAMS 0x00000000e5400000| PB 0x00000000e5400000| Untracked |  0
|  85|0x00000000e5500000, 0x00000000e5500000, 0x00000000e5600000|  0%| F|  |TAMS 0x00000000e5500000| PB 0x00000000e5500000| Untracked |  0
|  86|0x00000000e5600000, 0x00000000e5600000, 0x00000000e5700000|  0%| F|  |TAMS 0x00000000e5600000| PB 0x00000000e5600000| Untracked |  0
|  87|0x00000000e5700000, 0x00000000e5700000, 0x00000000e5800000|  0%| F|  |TAMS 0x00000000e5700000| PB 0x00000000e5700000| Untracked |  0
|  88|0x00000000e5800000, 0x00000000e5800000, 0x00000000e5900000|  0%| F|  |TAMS 0x00000000e5800000| PB 0x00000000e5800000| Untracked |  0
|  89|0x00000000e5900000, 0x00000000e5900000, 0x00000000e5a00000|  0%| F|  |TAMS 0x00000000e5900000| PB 0x00000000e5900000| Untracked |  0
|  90|0x00000000e5a00000, 0x00000000e5a00000, 0x00000000e5b00000|  0%| F|  |TAMS 0x00000000e5a00000| PB 0x00000000e5a00000| Untracked |  0
|  91|0x00000000e5b00000, 0x00000000e5b00000, 0x00000000e5c00000|  0%| F|  |TAMS 0x00000000e5b00000| PB 0x00000000e5b00000| Untracked |  0
|  92|0x00000000e5c00000, 0x00000000e5c00000, 0x00000000e5d00000|  0%| F|  |TAMS 0x00000000e5c00000| PB 0x00000000e5c00000| Untracked |  0
|  93|0x00000000e5d00000, 0x00000000e5d00000, 0x00000000e5e00000|  0%| F|  |TAMS 0x00000000e5d00000| PB 0x00000000e5d00000| Untracked |  0
|  94|0x00000000e5e00000, 0x00000000e5e00000, 0x00000000e5f00000|  0%| F|  |TAMS 0x00000000e5e00000| PB 0x00000000e5e00000| Untracked |  0
|  95|0x00000000e5f00000, 0x00000000e5f00000, 0x00000000e6000000|  0%| F|  |TAMS 0x00000000e5f00000| PB 0x00000000e5f00000| Untracked |  0
|  96|0x00000000e6000000, 0x00000000e6000000, 0x00000000e6100000|  0%| F|  |TAMS 0x00000000e6000000| PB 0x00000000e6000000| Untracked |  0
|  97|0x00000000e6100000, 0x00000000e6100000, 0x00000000e6200000|  0%| F|  |TAMS 0x00000000e6100000| PB 0x00000000e6100000| Untracked |  0
|  98|0x00000000e6200000, 0x00000000e6200000, 0x00000000e6300000|  0%| F|  |TAMS 0x00000000e6200000| PB 0x00000000e6200000| Untracked |  0
|  99|0x00000000e6300000, 0x00000000e6300000, 0x00000000e6400000|  0%| F|  |TAMS 0x00000000e6300000| PB 0x00000000e6300000| Untracked |  0
| 100|0x00000000e6400000, 0x00000000e6400000, 0x00000000e6500000|  0%| F|  |TAMS 0x00000000e6400000| PB 0x00000000e6400000| Untracked |  0
| 101|0x00000000e6500000, 0x00000000e6500000, 0x00000000e6600000|  0%| F|  |TAMS 0x00000000e6500000| PB 0x00000000e6500000| Untracked |  0
| 102|0x00000000e6600000, 0x00000000e6600000, 0x00000000e6700000|  0%| F|  |TAMS 0x00000000e6600000| PB 0x00000000e6600000| Untracked |  0
| 103|0x00000000e6700000, 0x00000000e6700000, 0x00000000e6800000|  0%| F|  |TAMS 0x00000000e6700000| PB 0x00000000e6700000| Untracked |  0
| 104|0x00000000e6800000, 0x00000000e6800000, 0x00000000e6900000|  0%| F|  |TAMS 0x00000000e6800000| PB 0x00000000e6800000| Untracked |  0
| 105|0x00000000e6900000, 0x00000000e6900000, 0x00000000e6a00000|  0%| F|  |TAMS 0x00000000e6900000| PB 0x00000000e6900000| Untracked |  0
| 106|0x00000000e6a00000, 0x00000000e6a00000, 0x00000000e6b00000|  0%| F|  |TAMS 0x00000000e6a00000| PB 0x00000000e6a00000| Untracked |  0
| 107|0x00000000e6b00000, 0x00000000e6b00000, 0x00000000e6c00000|  0%| F|  |TAMS 0x00000000e6b00000| PB 0x00000000e6b00000| Untracked |  0
| 108|0x00000000e6c00000, 0x00000000e6c00000, 0x00000000e6d00000|  0%| F|  |TAMS 0x00000000e6c00000| PB 0x00000000e6c00000| Untracked |  0
| 109|0x00000000e6d00000, 0x00000000e6d00000, 0x00000000e6e00000|  0%| F|  |TAMS 0x00000000e6d00000| PB 0x00000000e6d00000| Untracked |  0
| 110|0x00000000e6e00000, 0x00000000e6e00000, 0x00000000e6f00000|  0%| F|  |TAMS 0x00000000e6e00000| PB 0x00000000e6e00000| Untracked |  0
| 111|0x00000000e6f00000, 0x00000000e6f00000, 0x00000000e7000000|  0%| F|  |TAMS 0x00000000e6f00000| PB 0x00000000e6f00000| Untracked |  0
| 112|0x00000000e7000000, 0x00000000e7000000, 0x00000000e7100000|  0%| F|  |TAMS 0x00000000e7000000| PB 0x00000000e7000000| Untracked |  0
| 113|0x00000000e7100000, 0x00000000e7100000, 0x00000000e7200000|  0%| F|  |TAMS 0x00000000e7100000| PB 0x00000000e7100000| Untracked |  0
| 114|0x00000000e7200000, 0x00000000e7200000, 0x00000000e7300000|  0%| F|  |TAMS 0x00000000e7200000| PB 0x00000000e7200000| Untracked |  0
| 115|0x00000000e7300000, 0x00000000e7300000, 0x00000000e7400000|  0%| F|  |TAMS 0x00000000e7300000| PB 0x00000000e7300000| Untracked |  0
| 116|0x00000000e7400000, 0x00000000e7400000, 0x00000000e7500000|  0%| F|  |TAMS 0x00000000e7400000| PB 0x00000000e7400000| Untracked |  0
| 117|0x00000000e7500000, 0x00000000e7500000, 0x00000000e7600000|  0%| F|  |TAMS 0x00000000e7500000| PB 0x00000000e7500000| Untracked |  0
| 118|0x00000000e7600000, 0x00000000e7600000, 0x00000000e7700000|  0%| F|  |TAMS 0x00000000e7600000| PB 0x00000000e7600000| Untracked |  0
| 119|0x00000000e7700000, 0x00000000e7700000, 0x00000000e7800000|  0%| F|  |TAMS 0x00000000e7700000| PB 0x00000000e7700000| Untracked |  0
| 120|0x00000000e7800000, 0x00000000e7800000, 0x00000000e7900000|  0%| F|  |TAMS 0x00000000e7800000| PB 0x00000000e7800000| Untracked |  0
| 121|0x00000000e7900000, 0x00000000e7900000, 0x00000000e7a00000|  0%| F|  |TAMS 0x00000000e7900000| PB 0x00000000e7900000| Untracked |  0
| 122|0x00000000e7a00000, 0x00000000e7a00000, 0x00000000e7b00000|  0%| F|  |TAMS 0x00000000e7a00000| PB 0x00000000e7a00000| Untracked |  0
| 123|0x00000000e7b00000, 0x00000000e7b00000, 0x00000000e7c00000|  0%| F|  |TAMS 0x00000000e7b00000| PB 0x00000000e7b00000| Untracked |  0
| 124|0x00000000e7c00000, 0x00000000e7c00000, 0x00000000e7d00000|  0%| F|  |TAMS 0x00000000e7c00000| PB 0x00000000e7c00000| Untracked |  0
| 125|0x00000000e7d00000, 0x00000000e7d00000, 0x00000000e7e00000|  0%| F|  |TAMS 0x00000000e7d00000| PB 0x00000000e7d00000| Untracked |  0
| 126|0x00000000e7e00000, 0x00000000e7ef2ee0, 0x00000000e7f00000| 94%| S|CS|TAMS 0x00000000e7e00000| PB 0x00000000e7e00000| Complete |  0
| 127|0x00000000e7f00000, 0x00000000e8000000, 0x00000000e8000000|100%| S|CS|TAMS 0x00000000e7f00000| PB 0x00000000e7f00000| Complete |  0
| 128|0x00000000e8000000, 0x00000000e8100000, 0x00000000e8100000|100%| S|CS|TAMS 0x00000000e8000000| PB 0x00000000e8000000| Complete |  0
| 129|0x00000000e8100000, 0x00000000e8200000, 0x00000000e8200000|100%| S|CS|TAMS 0x00000000e8100000| PB 0x00000000e8100000| Complete |  0
| 130|0x00000000e8200000, 0x00000000e8300000, 0x00000000e8300000|100%| S|CS|TAMS 0x00000000e8200000| PB 0x00000000e8200000| Complete |  0
| 131|0x00000000e8300000, 0x00000000e8400000, 0x00000000e8400000|100%| S|CS|TAMS 0x00000000e8300000| PB 0x00000000e8300000| Complete |  0
| 132|0x00000000e8400000, 0x00000000e8500000, 0x00000000e8500000|100%| S|CS|TAMS 0x00000000e8400000| PB 0x00000000e8400000| Complete |  0
| 133|0x00000000e8500000, 0x00000000e8600000, 0x00000000e8600000|100%| S|CS|TAMS 0x00000000e8500000| PB 0x00000000e8500000| Complete |  0
| 134|0x00000000e8600000, 0x00000000e8700000, 0x00000000e8700000|100%| S|CS|TAMS 0x00000000e8600000| PB 0x00000000e8600000| Complete |  0
| 135|0x00000000e8700000, 0x00000000e8800000, 0x00000000e8800000|100%| S|CS|TAMS 0x00000000e8700000| PB 0x00000000e8700000| Complete |  0
| 136|0x00000000e8800000, 0x00000000e8900000, 0x00000000e8900000|100%| S|CS|TAMS 0x00000000e8800000| PB 0x00000000e8800000| Complete |  0
| 137|0x00000000e8900000, 0x00000000e8a00000, 0x00000000e8a00000|100%| S|CS|TAMS 0x00000000e8900000| PB 0x00000000e8900000| Complete |  0
| 138|0x00000000e8a00000, 0x00000000e8a00000, 0x00000000e8b00000|  0%| F|  |TAMS 0x00000000e8a00000| PB 0x00000000e8a00000| Untracked |  0
| 139|0x00000000e8b00000, 0x00000000e8b00000, 0x00000000e8c00000|  0%| F|  |TAMS 0x00000000e8b00000| PB 0x00000000e8b00000| Untracked |  0
| 140|0x00000000e8c00000, 0x00000000e8c00000, 0x00000000e8d00000|  0%| F|  |TAMS 0x00000000e8c00000| PB 0x00000000e8c00000| Untracked |  0
| 141|0x00000000e8d00000, 0x00000000e8d00000, 0x00000000e8e00000|  0%| F|  |TAMS 0x00000000e8d00000| PB 0x00000000e8d00000| Untracked |  0
| 142|0x00000000e8e00000, 0x00000000e8e00000, 0x00000000e8f00000|  0%| F|  |TAMS 0x00000000e8e00000| PB 0x00000000e8e00000| Untracked |  0
| 143|0x00000000e8f00000, 0x00000000e8f00000, 0x00000000e9000000|  0%| F|  |TAMS 0x00000000e8f00000| PB 0x00000000e8f00000| Untracked |  0
| 144|0x00000000e9000000, 0x00000000e9000000, 0x00000000e9100000|  0%| F|  |TAMS 0x00000000e9000000| PB 0x00000000e9000000| Untracked |  0
| 145|0x00000000e9100000, 0x00000000e9100000, 0x00000000e9200000|  0%| F|  |TAMS 0x00000000e9100000| PB 0x00000000e9100000| Untracked |  0
| 146|0x00000000e9200000, 0x00000000e9200000, 0x00000000e9300000|  0%| F|  |TAMS 0x00000000e9200000| PB 0x00000000e9200000| Untracked |  0
| 147|0x00000000e9300000, 0x00000000e9300000, 0x00000000e9400000|  0%| F|  |TAMS 0x00000000e9300000| PB 0x00000000e9300000| Untracked |  0
| 148|0x00000000e9400000, 0x00000000e9400000, 0x00000000e9500000|  0%| F|  |TAMS 0x00000000e9400000| PB 0x00000000e9400000| Untracked |  0
| 149|0x00000000e9500000, 0x00000000e9500000, 0x00000000e9600000|  0%| F|  |TAMS 0x00000000e9500000| PB 0x00000000e9500000| Untracked |  0
| 150|0x00000000e9600000, 0x00000000e9600000, 0x00000000e9700000|  0%| F|  |TAMS 0x00000000e9600000| PB 0x00000000e9600000| Untracked |  0
| 151|0x00000000e9700000, 0x00000000e9700000, 0x00000000e9800000|  0%| F|  |TAMS 0x00000000e9700000| PB 0x00000000e9700000| Untracked |  0
| 152|0x00000000e9800000, 0x00000000e9800000, 0x00000000e9900000|  0%| F|  |TAMS 0x00000000e9800000| PB 0x00000000e9800000| Untracked |  0
| 153|0x00000000e9900000, 0x00000000e9900000, 0x00000000e9a00000|  0%| F|  |TAMS 0x00000000e9900000| PB 0x00000000e9900000| Untracked |  0
| 154|0x00000000e9a00000, 0x00000000e9a00000, 0x00000000e9b00000|  0%| F|  |TAMS 0x00000000e9a00000| PB 0x00000000e9a00000| Untracked |  0
| 155|0x00000000e9b00000, 0x00000000e9b00000, 0x00000000e9c00000|  0%| F|  |TAMS 0x00000000e9b00000| PB 0x00000000e9b00000| Untracked |  0
| 156|0x00000000e9c00000, 0x00000000e9c00000, 0x00000000e9d00000|  0%| F|  |TAMS 0x00000000e9c00000| PB 0x00000000e9c00000| Untracked |  0
| 157|0x00000000e9d00000, 0x00000000e9d00000, 0x00000000e9e00000|  0%| F|  |TAMS 0x00000000e9d00000| PB 0x00000000e9d00000| Untracked |  0
| 158|0x00000000e9e00000, 0x00000000e9e00000, 0x00000000e9f00000|  0%| F|  |TAMS 0x00000000e9e00000| PB 0x00000000e9e00000| Untracked |  0
| 159|0x00000000e9f00000, 0x00000000e9f00000, 0x00000000ea000000|  0%| F|  |TAMS 0x00000000e9f00000| PB 0x00000000e9f00000| Untracked |  0
| 160|0x00000000ea000000, 0x00000000ea000000, 0x00000000ea100000|  0%| F|  |TAMS 0x00000000ea000000| PB 0x00000000ea000000| Untracked |  0
| 161|0x00000000ea100000, 0x00000000ea100000, 0x00000000ea200000|  0%| F|  |TAMS 0x00000000ea100000| PB 0x00000000ea100000| Untracked |  0
| 162|0x00000000ea200000, 0x00000000ea200000, 0x00000000ea300000|  0%| F|  |TAMS 0x00000000ea200000| PB 0x00000000ea200000| Untracked |  0
| 163|0x00000000ea300000, 0x00000000ea300000, 0x00000000ea400000|  0%| F|  |TAMS 0x00000000ea300000| PB 0x00000000ea300000| Untracked |  0
| 164|0x00000000ea400000, 0x00000000ea400000, 0x00000000ea500000|  0%| F|  |TAMS 0x00000000ea400000| PB 0x00000000ea400000| Untracked |  0
| 165|0x00000000ea500000, 0x00000000ea500000, 0x00000000ea600000|  0%| F|  |TAMS 0x00000000ea500000| PB 0x00000000ea500000| Untracked |  0
| 166|0x00000000ea600000, 0x00000000ea600000, 0x00000000ea700000|  0%| F|  |TAMS 0x00000000ea600000| PB 0x00000000ea600000| Untracked |  0
| 167|0x00000000ea700000, 0x00000000ea700000, 0x00000000ea800000|  0%| F|  |TAMS 0x00000000ea700000| PB 0x00000000ea700000| Untracked |  0
| 168|0x00000000ea800000, 0x00000000ea800000, 0x00000000ea900000|  0%| F|  |TAMS 0x00000000ea800000| PB 0x00000000ea800000| Untracked |  0
| 169|0x00000000ea900000, 0x00000000ea900000, 0x00000000eaa00000|  0%| F|  |TAMS 0x00000000ea900000| PB 0x00000000ea900000| Untracked |  0
| 170|0x00000000eaa00000, 0x00000000eaa00000, 0x00000000eab00000|  0%| F|  |TAMS 0x00000000eaa00000| PB 0x00000000eaa00000| Untracked |  0
| 171|0x00000000eab00000, 0x00000000eab00000, 0x00000000eac00000|  0%| F|  |TAMS 0x00000000eab00000| PB 0x00000000eab00000| Untracked |  0
| 172|0x00000000eac00000, 0x00000000eac00000, 0x00000000ead00000|  0%| F|  |TAMS 0x00000000eac00000| PB 0x00000000eac00000| Untracked |  0
| 173|0x00000000ead00000, 0x00000000ead00000, 0x00000000eae00000|  0%| F|  |TAMS 0x00000000ead00000| PB 0x00000000ead00000| Untracked |  0
| 174|0x00000000eae00000, 0x00000000eae00000, 0x00000000eaf00000|  0%| F|  |TAMS 0x00000000eae00000| PB 0x00000000eae00000| Untracked |  0
| 175|0x00000000eaf00000, 0x00000000eaf00000, 0x00000000eb000000|  0%| F|  |TAMS 0x00000000eaf00000| PB 0x00000000eaf00000| Untracked |  0
| 176|0x00000000eb000000, 0x00000000eb000000, 0x00000000eb100000|  0%| F|  |TAMS 0x00000000eb000000| PB 0x00000000eb000000| Untracked |  0
| 177|0x00000000eb100000, 0x00000000eb100000, 0x00000000eb200000|  0%| F|  |TAMS 0x00000000eb100000| PB 0x00000000eb100000| Untracked |  0
| 178|0x00000000eb200000, 0x00000000eb200000, 0x00000000eb300000|  0%| F|  |TAMS 0x00000000eb200000| PB 0x00000000eb200000| Untracked |  0
| 179|0x00000000eb300000, 0x00000000eb300000, 0x00000000eb400000|  0%| F|  |TAMS 0x00000000eb300000| PB 0x00000000eb300000| Untracked |  0
| 180|0x00000000eb400000, 0x00000000eb400000, 0x00000000eb500000|  0%| F|  |TAMS 0x00000000eb400000| PB 0x00000000eb400000| Untracked |  0
| 181|0x00000000eb500000, 0x00000000eb500000, 0x00000000eb600000|  0%| F|  |TAMS 0x00000000eb500000| PB 0x00000000eb500000| Untracked |  0
| 182|0x00000000eb600000, 0x00000000eb600000, 0x00000000eb700000|  0%| F|  |TAMS 0x00000000eb600000| PB 0x00000000eb600000| Untracked |  0
| 183|0x00000000eb700000, 0x00000000eb700000, 0x00000000eb800000|  0%| F|  |TAMS 0x00000000eb700000| PB 0x00000000eb700000| Untracked |  0
| 184|0x00000000eb800000, 0x00000000eb800000, 0x00000000eb900000|  0%| F|  |TAMS 0x00000000eb800000| PB 0x00000000eb800000| Untracked |  0
| 185|0x00000000eb900000, 0x00000000eb900000, 0x00000000eba00000|  0%| F|  |TAMS 0x00000000eb900000| PB 0x00000000eb900000| Untracked |  0
| 186|0x00000000eba00000, 0x00000000eba00000, 0x00000000ebb00000|  0%| F|  |TAMS 0x00000000eba00000| PB 0x00000000eba00000| Untracked |  0
| 187|0x00000000ebb00000, 0x00000000ebb00000, 0x00000000ebc00000|  0%| F|  |TAMS 0x00000000ebb00000| PB 0x00000000ebb00000| Untracked |  0
| 188|0x00000000ebc00000, 0x00000000ebc00000, 0x00000000ebd00000|  0%| F|  |TAMS 0x00000000ebc00000| PB 0x00000000ebc00000| Untracked |  0
| 189|0x00000000ebd00000, 0x00000000ebd00000, 0x00000000ebe00000|  0%| F|  |TAMS 0x00000000ebd00000| PB 0x00000000ebd00000| Untracked |  0
| 190|0x00000000ebe00000, 0x00000000ebe00000, 0x00000000ebf00000|  0%| F|  |TAMS 0x00000000ebe00000| PB 0x00000000ebe00000| Untracked |  0
| 191|0x00000000ebf00000, 0x00000000ebf00000, 0x00000000ec000000|  0%| F|  |TAMS 0x00000000ebf00000| PB 0x00000000ebf00000| Untracked |  0
| 192|0x00000000ec000000, 0x00000000ec000000, 0x00000000ec100000|  0%| F|  |TAMS 0x00000000ec000000| PB 0x00000000ec000000| Untracked |  0
| 193|0x00000000ec100000, 0x00000000ec100000, 0x00000000ec200000|  0%| F|  |TAMS 0x00000000ec100000| PB 0x00000000ec100000| Untracked |  0
| 194|0x00000000ec200000, 0x00000000ec200000, 0x00000000ec300000|  0%| F|  |TAMS 0x00000000ec200000| PB 0x00000000ec200000| Untracked |  0
| 195|0x00000000ec300000, 0x00000000ec300000, 0x00000000ec400000|  0%| F|  |TAMS 0x00000000ec300000| PB 0x00000000ec300000| Untracked |  0
| 196|0x00000000ec400000, 0x00000000ec400000, 0x00000000ec500000|  0%| F|  |TAMS 0x00000000ec400000| PB 0x00000000ec400000| Untracked |  0
| 197|0x00000000ec500000, 0x00000000ec500000, 0x00000000ec600000|  0%| F|  |TAMS 0x00000000ec500000| PB 0x00000000ec500000| Untracked |  0
| 198|0x00000000ec600000, 0x00000000ec600000, 0x00000000ec700000|  0%| F|  |TAMS 0x00000000ec600000| PB 0x00000000ec600000| Untracked |  0
| 199|0x00000000ec700000, 0x00000000ec700000, 0x00000000ec800000|  0%| F|  |TAMS 0x00000000ec700000| PB 0x00000000ec700000| Untracked |  0
| 200|0x00000000ec800000, 0x00000000ec800000, 0x00000000ec900000|  0%| F|  |TAMS 0x00000000ec800000| PB 0x00000000ec800000| Untracked |  0
| 201|0x00000000ec900000, 0x00000000ec900000, 0x00000000eca00000|  0%| F|  |TAMS 0x00000000ec900000| PB 0x00000000ec900000| Untracked |  0
| 202|0x00000000eca00000, 0x00000000eca00000, 0x00000000ecb00000|  0%| F|  |TAMS 0x00000000eca00000| PB 0x00000000eca00000| Untracked |  0
| 203|0x00000000ecb00000, 0x00000000ecb00000, 0x00000000ecc00000|  0%| F|  |TAMS 0x00000000ecb00000| PB 0x00000000ecb00000| Untracked |  0
| 204|0x00000000ecc00000, 0x00000000ecc00000, 0x00000000ecd00000|  0%| F|  |TAMS 0x00000000ecc00000| PB 0x00000000ecc00000| Untracked |  0
| 205|0x00000000ecd00000, 0x00000000ecd00000, 0x00000000ece00000|  0%| F|  |TAMS 0x00000000ecd00000| PB 0x00000000ecd00000| Untracked |  0
| 206|0x00000000ece00000, 0x00000000ece00000, 0x00000000ecf00000|  0%| F|  |TAMS 0x00000000ece00000| PB 0x00000000ece00000| Untracked |  0
| 207|0x00000000ecf00000, 0x00000000ecf00000, 0x00000000ed000000|  0%| F|  |TAMS 0x00000000ecf00000| PB 0x00000000ecf00000| Untracked |  0
| 208|0x00000000ed000000, 0x00000000ed000000, 0x00000000ed100000|  0%| F|  |TAMS 0x00000000ed000000| PB 0x00000000ed000000| Untracked |  0
| 209|0x00000000ed100000, 0x00000000ed100000, 0x00000000ed200000|  0%| F|  |TAMS 0x00000000ed100000| PB 0x00000000ed100000| Untracked |  0
| 210|0x00000000ed200000, 0x00000000ed200000, 0x00000000ed300000|  0%| F|  |TAMS 0x00000000ed200000| PB 0x00000000ed200000| Untracked |  0
| 211|0x00000000ed300000, 0x00000000ed300000, 0x00000000ed400000|  0%| F|  |TAMS 0x00000000ed300000| PB 0x00000000ed300000| Untracked |  0
| 212|0x00000000ed400000, 0x00000000ed400000, 0x00000000ed500000|  0%| F|  |TAMS 0x00000000ed400000| PB 0x00000000ed400000| Untracked |  0
| 213|0x00000000ed500000, 0x00000000ed500000, 0x00000000ed600000|  0%| F|  |TAMS 0x00000000ed500000| PB 0x00000000ed500000| Untracked |  0
| 214|0x00000000ed600000, 0x00000000ed600000, 0x00000000ed700000|  0%| F|  |TAMS 0x00000000ed600000| PB 0x00000000ed600000| Untracked |  0
| 215|0x00000000ed700000, 0x00000000ed700000, 0x00000000ed800000|  0%| F|  |TAMS 0x00000000ed700000| PB 0x00000000ed700000| Untracked |  0
| 216|0x00000000ed800000, 0x00000000ed800000, 0x00000000ed900000|  0%| F|  |TAMS 0x00000000ed800000| PB 0x00000000ed800000| Untracked |  0
| 217|0x00000000ed900000, 0x00000000ed900000, 0x00000000eda00000|  0%| F|  |TAMS 0x00000000ed900000| PB 0x00000000ed900000| Untracked |  0
| 218|0x00000000eda00000, 0x00000000eda00000, 0x00000000edb00000|  0%| F|  |TAMS 0x00000000eda00000| PB 0x00000000eda00000| Untracked |  0
| 219|0x00000000edb00000, 0x00000000edb00000, 0x00000000edc00000|  0%| F|  |TAMS 0x00000000edb00000| PB 0x00000000edb00000| Untracked |  0
| 220|0x00000000edc00000, 0x00000000edc00000, 0x00000000edd00000|  0%| F|  |TAMS 0x00000000edc00000| PB 0x00000000edc00000| Untracked |  0
| 221|0x00000000edd00000, 0x00000000edd00000, 0x00000000ede00000|  0%| F|  |TAMS 0x00000000edd00000| PB 0x00000000edd00000| Untracked |  0
| 222|0x00000000ede00000, 0x00000000ede00000, 0x00000000edf00000|  0%| F|  |TAMS 0x00000000ede00000| PB 0x00000000ede00000| Untracked |  0
| 223|0x00000000edf00000, 0x00000000edf00000, 0x00000000ee000000|  0%| F|  |TAMS 0x00000000edf00000| PB 0x00000000edf00000| Untracked |  0
| 224|0x00000000ee000000, 0x00000000ee000000, 0x00000000ee100000|  0%| F|  |TAMS 0x00000000ee000000| PB 0x00000000ee000000| Untracked |  0
| 225|0x00000000ee100000, 0x00000000ee100000, 0x00000000ee200000|  0%| F|  |TAMS 0x00000000ee100000| PB 0x00000000ee100000| Untracked |  0
| 226|0x00000000ee200000, 0x00000000ee200000, 0x00000000ee300000|  0%| F|  |TAMS 0x00000000ee200000| PB 0x00000000ee200000| Untracked |  0
| 227|0x00000000ee300000, 0x00000000ee300000, 0x00000000ee400000|  0%| F|  |TAMS 0x00000000ee300000| PB 0x00000000ee300000| Untracked |  0
| 228|0x00000000ee400000, 0x00000000ee400000, 0x00000000ee500000|  0%| F|  |TAMS 0x00000000ee400000| PB 0x00000000ee400000| Untracked |  0
| 229|0x00000000ee500000, 0x00000000ee500000, 0x00000000ee600000|  0%| F|  |TAMS 0x00000000ee500000| PB 0x00000000ee500000| Untracked |  0
| 230|0x00000000ee600000, 0x00000000ee600000, 0x00000000ee700000|  0%| F|  |TAMS 0x00000000ee600000| PB 0x00000000ee600000| Untracked |  0
| 231|0x00000000ee700000, 0x00000000ee700000, 0x00000000ee800000|  0%| F|  |TAMS 0x00000000ee700000| PB 0x00000000ee700000| Untracked |  0
| 232|0x00000000ee800000, 0x00000000ee800000, 0x00000000ee900000|  0%| F|  |TAMS 0x00000000ee800000| PB 0x00000000ee800000| Untracked |  0
| 233|0x00000000ee900000, 0x00000000ee900000, 0x00000000eea00000|  0%| F|  |TAMS 0x00000000ee900000| PB 0x00000000ee900000| Untracked |  0
| 234|0x00000000eea00000, 0x00000000eea00000, 0x00000000eeb00000|  0%| F|  |TAMS 0x00000000eea00000| PB 0x00000000eea00000| Untracked |  0
| 235|0x00000000eeb00000, 0x00000000eeb00000, 0x00000000eec00000|  0%| F|  |TAMS 0x00000000eeb00000| PB 0x00000000eeb00000| Untracked |  0
| 236|0x00000000eec00000, 0x00000000eec00000, 0x00000000eed00000|  0%| F|  |TAMS 0x00000000eec00000| PB 0x00000000eec00000| Untracked |  0
| 237|0x00000000eed00000, 0x00000000eed00000, 0x00000000eee00000|  0%| F|  |TAMS 0x00000000eed00000| PB 0x00000000eed00000| Untracked |  0
| 238|0x00000000eee00000, 0x00000000eee00000, 0x00000000eef00000|  0%| F|  |TAMS 0x00000000eee00000| PB 0x00000000eee00000| Untracked |  0
| 239|0x00000000eef00000, 0x00000000eef00000, 0x00000000ef000000|  0%| F|  |TAMS 0x00000000eef00000| PB 0x00000000eef00000| Untracked |  0
| 240|0x00000000ef000000, 0x00000000ef000000, 0x00000000ef100000|  0%| F|  |TAMS 0x00000000ef000000| PB 0x00000000ef000000| Untracked |  0
| 241|0x00000000ef100000, 0x00000000ef100000, 0x00000000ef200000|  0%| F|  |TAMS 0x00000000ef100000| PB 0x00000000ef100000| Untracked |  0
| 242|0x00000000ef200000, 0x00000000ef200000, 0x00000000ef300000|  0%| F|  |TAMS 0x00000000ef200000| PB 0x00000000ef200000| Untracked |  0
| 243|0x00000000ef300000, 0x00000000ef300000, 0x00000000ef400000|  0%| F|  |TAMS 0x00000000ef300000| PB 0x00000000ef300000| Untracked |  0
| 244|0x00000000ef400000, 0x00000000ef400000, 0x00000000ef500000|  0%| F|  |TAMS 0x00000000ef400000| PB 0x00000000ef400000| Untracked |  0
| 245|0x00000000ef500000, 0x00000000ef500000, 0x00000000ef600000|  0%| F|  |TAMS 0x00000000ef500000| PB 0x00000000ef500000| Untracked |  0
| 246|0x00000000ef600000, 0x00000000ef700000, 0x00000000ef700000|100%| E|  |TAMS 0x00000000ef600000| PB 0x00000000ef600000| Complete |  0
| 247|0x00000000ef700000, 0x00000000ef800000, 0x00000000ef800000|100%| E|CS|TAMS 0x00000000ef700000| PB 0x00000000ef700000| Complete |  0
| 248|0x00000000ef800000, 0x00000000ef900000, 0x00000000ef900000|100%| E|CS|TAMS 0x00000000ef800000| PB 0x00000000ef800000| Complete |  0
| 249|0x00000000ef900000, 0x00000000efa00000, 0x00000000efa00000|100%| E|CS|TAMS 0x00000000ef900000| PB 0x00000000ef900000| Complete |  0
| 250|0x00000000efa00000, 0x00000000efb00000, 0x00000000efb00000|100%| E|CS|TAMS 0x00000000efa00000| PB 0x00000000efa00000| Complete |  0
| 251|0x00000000efb00000, 0x00000000efc00000, 0x00000000efc00000|100%| E|CS|TAMS 0x00000000efb00000| PB 0x00000000efb00000| Complete |  0
| 252|0x00000000efc00000, 0x00000000efd00000, 0x00000000efd00000|100%| E|CS|TAMS 0x00000000efc00000| PB 0x00000000efc00000| Complete |  0
| 253|0x00000000efd00000, 0x00000000efe00000, 0x00000000efe00000|100%| E|CS|TAMS 0x00000000efd00000| PB 0x00000000efd00000| Complete |  0
| 254|0x00000000efe00000, 0x00000000eff00000, 0x00000000eff00000|100%| E|CS|TAMS 0x00000000efe00000| PB 0x00000000efe00000| Complete |  0
| 255|0x00000000eff00000, 0x00000000f0000000, 0x00000000f0000000|100%| E|CS|TAMS 0x00000000eff00000| PB 0x00000000eff00000| Complete |  0

Card table byte_map: [0x0000018338e30000,0x0000018338f30000] _byte_map_base: 0x0000018338730000

Marking Bits: (CMBitMap*) 0x000001831f57ab70
 Bits: [0x0000018338f30000, 0x0000018339730000)

Polling page: 0x000001831f610000

Metaspace:

Usage:
  Non-class:     18.22 MB used.
      Class:      3.26 MB used.
       Both:     21.48 MB used.

Virtual space:
  Non-class space:       64.00 MB reserved,      18.62 MB ( 29%) committed,  1 nodes.
      Class space:      320.00 MB reserved,       3.62 MB (  1%) committed,  1 nodes.
             Both:      384.00 MB reserved,      22.25 MB (  6%) committed. 

Chunk freelists:
   Non-Class:  13.04 MB
       Class:  12.42 MB
        Both:  25.46 MB

MaxMetaspaceSize: 384.00 MB
CompressedClassSpaceSize: 320.00 MB
Initial GC threshold: 21.00 MB
Current GC threshold: 35.25 MB
CDS: on
 - commit_granule_bytes: 65536.
 - commit_granule_words: 8192.
 - virtual_space_node_default_size: 8388608.
 - enlarge_chunks_in_place: 1.
 - use_allocation_guard: 0.


Internal statistics:

num_allocs_failed_limit: 3.
num_arena_births: 1170.
num_arena_deaths: 0.
num_vsnodes_births: 2.
num_vsnodes_deaths: 0.
num_space_committed: 356.
num_space_uncommitted: 0.
num_chunks_returned_to_freelist: 3.
num_chunks_taken_from_freelist: 2030.
num_chunk_merges: 3.
num_chunk_splits: 1334.
num_chunks_enlarged: 902.
num_inconsistent_stats: 0.

CodeHeap 'non-profiled nmethods': size=120000Kb used=1575Kb max_used=1575Kb free=118424Kb
 bounds [0x0000018330b80000, 0x0000018330df0000, 0x00000183380b0000]
CodeHeap 'profiled nmethods': size=120000Kb used=6150Kb max_used=6150Kb free=113849Kb
 bounds [0x00000183290b0000, 0x00000183296c0000, 0x00000183305e0000]
CodeHeap 'non-nmethods': size=5760Kb used=1510Kb max_used=1585Kb free=4249Kb
 bounds [0x00000183305e0000, 0x0000018330850000, 0x0000018330b80000]
 total_blobs=3661 nmethods=3078 adapters=487
 compilation: enabled
              stopped_count=0, restarted_count=0
 full_count=0

Compilation events (20 events):
Event: 3.008 Thread 0x000001833c4b5310 3009       3       com.google.common.collect.ImmutableSet$SetBuilderImpl::addDedupedElement (28 bytes)
Event: 3.009 Thread 0x000001833c4b5310 nmethod 3009 0x0000018329682e90 code [0x0000018329683080, 0x0000018329683540]
Event: 3.009 Thread 0x000001833c4b5310 3010       3       java.lang.Module::canRead (86 bytes)
Event: 3.010 Thread 0x000001833c4b5310 nmethod 3010 0x0000018329683790 code [0x0000018329683b60, 0x0000018329685598]
Event: 3.010 Thread 0x000001833c4b5310 3011       3       java.lang.Enum::hashCode (21 bytes)
Event: 3.010 Thread 0x000001833c4b5310 nmethod 3011 0x0000018329685c90 code [0x0000018329685e40, 0x0000018329685fc8]
Event: 3.025 Thread 0x000001833c4b5310 3012       3       java.lang.Thread::isVirtual (5 bytes)
Event: 3.025 Thread 0x000001833c4b5310 nmethod 3012 0x0000018329686090 code [0x0000018329686220, 0x0000018329686408]
Event: 3.025 Thread 0x000001833c4b5310 3013       3       java.util.concurrent.locks.ReentrantLock$Sync::isHeldExclusively (16 bytes)
Event: 3.025 Thread 0x000001833c4b5310 nmethod 3013 0x0000018329686490 code [0x0000018329686620, 0x00000183296867b0]
Event: 3.025 Thread 0x000001833c4b5310 3015       3       java.util.concurrent.locks.ReentrantLock$NonfairSync::initialTryLock (58 bytes)
Event: 3.025 Thread 0x000001833c4b5310 nmethod 3015 0x0000018329686810 code [0x00000183296869e0, 0x0000018329686dc0]
Event: 3.025 Thread 0x000001833c4b5310 3014       3       java.lang.ref.Reference::enqueueFromPending (19 bytes)
Event: 3.026 Thread 0x000001833c4b5310 nmethod 3014 0x0000018329686e90 code [0x0000018329687040, 0x0000018329687258]
Event: 3.026 Thread 0x000001833c4b5310 3016       3       java.lang.ref.ReferenceQueue::enqueue0 (98 bytes)
Event: 3.026 Thread 0x000001833c4b5310 nmethod 3016 0x0000018329687310 code [0x00000183296874e0, 0x0000018329687ad0]
Event: 3.027 Thread 0x000001833c4b5310 3018       3       java.lang.ref.ReferenceQueue::poll0 (65 bytes)
Event: 3.027 Thread 0x000001833c4b5310 nmethod 3018 0x0000018329687c10 code [0x0000018329687de0, 0x00000183296882b8]
Event: 3.027 Thread 0x000001833c4b5310 3021   !   3       java.util.concurrent.ConcurrentHashMap::replaceNode (437 bytes)
Event: 3.030 Thread 0x000001833c4b5310 nmethod 3021 0x0000018329688390 code [0x0000018329688700, 0x0000018329689e60]

GC Heap History (6 events):
Event: 0.666 GC heap before
{Heap before GC invocations=0 (full 0):
 garbage-first heap   total reserved 524288K, committed 262144K, used 27648K [0x00000000e0000000, 0x0000000100000000)
  region size 1024K, 24 young (24576K), 0 survivors (0K)
 Metaspace       used 2590K, committed 2752K, reserved 393216K
  class space    used 304K, committed 384K, reserved 327680K
}
Event: 0.670 GC heap after
{Heap after GC invocations=1 (full 0):
 garbage-first heap   total reserved 524288K, committed 262144K, used 10914K [0x00000000e0000000, 0x0000000100000000)
  region size 1024K, 3 young (3072K), 3 survivors (3072K)
 Metaspace       used 2590K, committed 2752K, reserved 393216K
  class space    used 304K, committed 384K, reserved 327680K
}
Event: 1.223 GC heap before
{Heap before GC invocations=1 (full 0):
 garbage-first heap   total reserved 524288K, committed 262144K, used 40610K [0x00000000e0000000, 0x0000000100000000)
  region size 1024K, 32 young (32768K), 3 survivors (3072K)
 Metaspace       used 4150K, committed 4352K, reserved 393216K
  class space    used 522K, committed 640K, reserved 327680K
}
Event: 1.225 GC heap after
{Heap after GC invocations=2 (full 0):
 garbage-first heap   total reserved 524288K, committed 262144K, used 12342K [0x00000000e0000000, 0x0000000100000000)
  region size 1024K, 2 young (2048K), 2 survivors (2048K)
 Metaspace       used 4150K, committed 4352K, reserved 393216K
  class space    used 522K, committed 640K, reserved 327680K
}
Event: 3.014 GC heap before
{Heap before GC invocations=2 (full 0):
 garbage-first heap   total reserved 524288K, committed 262144K, used 132150K [0x00000000e0000000, 0x0000000100000000)
  region size 1024K, 118 young (120832K), 2 survivors (2048K)
 Metaspace       used 20874K, committed 21504K, reserved 393216K
  class space    used 3115K, committed 3392K, reserved 327680K
}
Event: 3.025 GC heap after
{Heap after GC invocations=3 (full 0):
 garbage-first heap   total reserved 524288K, committed 262144K, used 24395K [0x00000000e0000000, 0x0000000100000000)
  region size 1024K, 12 young (12288K), 12 survivors (12288K)
 Metaspace       used 20874K, committed 21504K, reserved 393216K
  class space    used 3115K, committed 3392K, reserved 327680K
}

Dll operation events (15 events):
Event: 0.015 Loaded shared library C:\Program Files\Java\jdk-22\bin\java.dll
Event: 0.060 Loaded shared library C:\Program Files\Java\jdk-22\bin\jsvml.dll
Event: 0.098 Loaded shared library C:\Program Files\Java\jdk-22\bin\zip.dll
Event: 0.103 Loaded shared library C:\Program Files\Java\jdk-22\bin\instrument.dll
Event: 0.107 Loaded shared library C:\Program Files\Java\jdk-22\bin\net.dll
Event: 0.110 Loaded shared library C:\Program Files\Java\jdk-22\bin\nio.dll
Event: 0.113 Loaded shared library C:\Program Files\Java\jdk-22\bin\zip.dll
Event: 0.390 Loaded shared library C:\Program Files\Java\jdk-22\bin\jimage.dll
Event: 0.491 Loaded shared library C:\Program Files\Java\jdk-22\bin\verify.dll
Event: 0.644 Loaded shared library C:\Users\bitcamp\.gradle\native\c067742578af261105cb4f569cf0c3c89f3d7b1fecec35dd04571415982c5e48\windows-amd64\native-platform.dll
Event: 0.648 Loaded shared library C:\Users\bitcamp\.gradle\native\100fb08df4bc3b14c8652ba06237920a3bd2aa13389f12d3474272988ae205f9\windows-amd64\native-platform-file-events.dll
Event: 1.557 Loaded shared library C:\Program Files\Java\jdk-22\bin\management.dll
Event: 1.559 Loaded shared library C:\Program Files\Java\jdk-22\bin\management_ext.dll
Event: 1.690 Loaded shared library C:\Program Files\Java\jdk-22\bin\extnet.dll
Event: 1.783 Loaded shared library C:\Program Files\Java\jdk-22\bin\sunmscapi.dll

Deoptimization events (20 events):
Event: 2.493 Thread 0x00000183577e8090 DEOPT PACKING pc=0x00000183294a6b71 sp=0x000000122d7f9f40
Event: 2.493 Thread 0x00000183577e8090 DEOPT UNPACKING pc=0x0000018330634e42 sp=0x000000122d7f9450 mode 0
Event: 2.493 Thread 0x00000183577e8090 DEOPT PACKING pc=0x00000183295d6421 sp=0x000000122d7f9e70
Event: 2.493 Thread 0x00000183577e8090 DEOPT UNPACKING pc=0x0000018330634e42 sp=0x000000122d7f9450 mode 0
Event: 2.504 Thread 0x00000183577e8090 DEOPT PACKING pc=0x00000183294a6b71 sp=0x000000122d7fc270
Event: 2.504 Thread 0x00000183577e8090 DEOPT UNPACKING pc=0x0000018330634e42 sp=0x000000122d7fb780 mode 0
Event: 2.729 Thread 0x00000183577e8090 Uncommon trap: trap_request=0xffffff45 fr.pc=0x0000018330ccaa1c relative=0x00000000000000fc
Event: 2.729 Thread 0x00000183577e8090 Uncommon trap: reason=unstable_if action=reinterpret pc=0x0000018330ccaa1c method=java.util.Arrays.equals([Ljava/lang/Object;[Ljava/lang/Object;)Z @ 44 c2
Event: 2.729 Thread 0x00000183577e8090 DEOPT PACKING pc=0x0000018330ccaa1c sp=0x000000122d7fb630
Event: 2.729 Thread 0x00000183577e8090 DEOPT UNPACKING pc=0x00000183306346a2 sp=0x000000122d7fb5d0 mode 2
Event: 2.886 Thread 0x00000183577e8090 Uncommon trap: trap_request=0xffffff6e fr.pc=0x0000018330c1e400 relative=0x0000000000000440
Event: 2.886 Thread 0x00000183577e8090 Uncommon trap: reason=loop_limit_check action=maybe_recompile pc=0x0000018330c1e400 method=java.lang.StringLatin1.indexOf([BI[BII)I @ 37 c2
Event: 2.887 Thread 0x00000183577e8090 DEOPT PACKING pc=0x0000018330c1e400 sp=0x000000122d7f9b50
Event: 2.887 Thread 0x00000183577e8090 DEOPT UNPACKING pc=0x00000183306346a2 sp=0x000000122d7f9ab0 mode 2
Event: 3.011 Thread 0x00000183577e8090 DEOPT PACKING pc=0x00000183294a9267 sp=0x000000122d7fa1f0
Event: 3.011 Thread 0x00000183577e8090 DEOPT UNPACKING pc=0x0000018330634e42 sp=0x000000122d7f96d8 mode 0
Event: 3.025 Thread 0x000001833c3afc70 Uncommon trap: trap_request=0xffffff45 fr.pc=0x0000018330c66bbc relative=0x000000000000019c
Event: 3.025 Thread 0x000001833c3afc70 Uncommon trap: reason=unstable_if action=reinterpret pc=0x0000018330c66bbc method=java.util.concurrent.locks.ReentrantLock$NonfairSync.initialTryLock()Z @ 25 c2
Event: 3.025 Thread 0x000001833c3afc70 DEOPT PACKING pc=0x0000018330c66bbc sp=0x000000122c9ff060
Event: 3.025 Thread 0x000001833c3afc70 DEOPT UNPACKING pc=0x00000183306346a2 sp=0x000000122c9ff000 mode 2

Classes loaded (20 events):
Event: 2.545 Loading class java/io/ObjectOutputStream
Event: 2.545 Loading class java/io/ObjectOutput
Event: 2.545 Loading class java/io/ObjectOutput done
Event: 2.545 Loading class java/io/ObjectOutputStream done
Event: 2.591 Loading class java/lang/management/MemoryType
Event: 2.592 Loading class java/lang/management/MemoryType done
Event: 2.593 Loading class java/lang/management/MemoryUsage
Event: 2.594 Loading class java/lang/management/MemoryUsage done
Event: 2.594 Loading class java/util/concurrent/LinkedBlockingDeque$Node
Event: 2.594 Loading class java/util/concurrent/LinkedBlockingDeque$Node done
Event: 2.694 Loading class javax/xml/parsers/ParserConfigurationException
Event: 2.694 Loading class javax/xml/parsers/ParserConfigurationException done
Event: 2.694 Loading class org/xml/sax/SAXException
Event: 2.694 Loading class org/xml/sax/SAXException done
Event: 2.694 Loading class javax/xml/xpath/XPathExpressionException
Event: 2.694 Loading class javax/xml/xpath/XPathException
Event: 2.694 Loading class javax/xml/xpath/XPathException done
Event: 2.694 Loading class javax/xml/xpath/XPathExpressionException done
Event: 2.694 Loading class org/xml/sax/ErrorHandler
Event: 2.694 Loading class org/xml/sax/ErrorHandler done

Classes unloaded (0 events):
No events

Classes redefined (0 events):
No events

Internal exceptions (20 events):
Event: 2.374 Thread 0x00000183577e8090 Exception <a 'java/lang/NoSuchMethodError'{0x00000000eb0f1378}: 'java.lang.Object java.lang.invoke.DirectMethodHandle$Holder.invokeStatic(java.lang.Object, java.lang.Object, java.lang.Object, java.lang.Object, java.lang.Object, java.lang.Object, java.lang.Object, java.lang.Object, java.lang.Object, java.lang.Object, java.lang.Object, java.lang.Object, java.lang.Object, java.lang.Object, java.lang.Object, java.lang.Object, java.lang.Object, java.lang.Object, java.lang.Object, java.lang.Object, java.lang.Obj
Event: 2.375 Thread 0x00000183577e8090 Exception <a 'java/lang/NoSuchMethodError'{0x00000000eaf22d08}: 'java.lang.Object java.lang.invoke.DirectMethodHandle$Holder.invokeStatic(java.lang.Object, java.lang.Object, java.lang.Object, java.lang.Object, java.lang.Object, java.lang.Object, java.lang.Object, java.lang.Object, java.lang.Object, java.lang.Object, java.lang.Object, java.lang.Object, java.lang.Object, java.lang.Object, java.lang.Object, java.lang.Object, java.lang.Object, java.lang.Object, java.lang.Object, java.lang.Object, java.lang.Obj
Event: 2.391 Thread 0x00000183577e8090 Exception <a 'java/lang/IncompatibleClassChangeError'{0x00000000eae15c88}: Found class java.lang.Object, but interface was expected> (0x00000000eae15c88) 
thrown [s\open\src\hotspot\share\interpreter\linkResolver.cpp, line 841]
Event: 2.527 Thread 0x00000183577e8090 Exception <a 'java/lang/IncompatibleClassChangeError'{0x00000000ea5be8f8}: Found class java.lang.Object, but interface was expected> (0x00000000ea5be8f8) 
thrown [s\open\src\hotspot\share\interpreter\linkResolver.cpp, line 841]
Event: 2.531 Thread 0x00000183577e8090 Exception <a 'java/lang/NoSuchMethodError'{0x00000000ea5ee300}: 'java.lang.Object java.lang.invoke.DirectMethodHandle$Holder.newInvokeSpecial(java.lang.Object, java.lang.Object, java.lang.Object, java.lang.Object, java.lang.Object, java.lang.Object, java.lang.Object, java.lang.Object, java.lang.Object, java.lang.Object, java.lang.Object, java.lang.Object, java.lang.Object, java.lang.Object)'> (0x00000000ea5ee300) 
thrown [s\open\src\hotspot\share\interpreter\linkResolver.cpp, line 774]
Event: 2.531 Thread 0x00000183577e8090 Exception <a 'java/lang/NoSuchMethodError'{0x00000000ea5f3a60}: 'java.lang.Object java.lang.invoke.DirectMethodHandle$Holder.invokeSpecial(java.lang.Object, java.lang.Object, java.lang.Object, java.lang.Object, java.lang.Object, java.lang.Object, java.lang.Object, java.lang.Object, java.lang.Object, java.lang.Object, java.lang.Object, java.lang.Object, java.lang.Object, java.lang.Object, java.lang.Object)'> (0x00000000ea5f3a60) 
thrown [s\open\src\hotspot\share\interpreter\linkResolver.cpp, line 774]
Event: 2.531 Thread 0x00000183577e8090 Exception <a 'java/lang/NoSuchMethodError'{0x00000000ea5f83b0}: 'java.lang.Object java.lang.invoke.DelegatingMethodHandle$Holder.reinvoke_L(java.lang.Object, java.lang.Object, java.lang.Object, java.lang.Object, java.lang.Object, java.lang.Object, java.lang.Object, java.lang.Object, java.lang.Object, java.lang.Object, java.lang.Object, java.lang.Object, java.lang.Object, java.lang.Object)'> (0x00000000ea5f83b0) 
thrown [s\open\src\hotspot\share\interpreter\linkResolver.cpp, line 774]
Event: 2.551 Thread 0x00000183577e8090 Exception <a 'java/lang/NoSuchMethodError'{0x00000000ea33e3b0}: 'java.lang.Object java.lang.invoke.DirectMethodHandle$Holder.newInvokeSpecial(java.lang.Object, java.lang.Object, java.lang.Object, java.lang.Object, java.lang.Object, java.lang.Object, java.lang.Object)'> (0x00000000ea33e3b0) 
thrown [s\open\src\hotspot\share\interpreter\linkResolver.cpp, line 774]
Event: 2.559 Thread 0x00000183577e8090 Exception <a 'java/lang/NoSuchMethodError'{0x00000000ea3bc840}: 'java.lang.Object java.lang.invoke.DirectMethodHandle$Holder.invokeVirtual(java.lang.Object, java.lang.Object, java.lang.Object, java.lang.Object, java.lang.Object, java.lang.Object, java.lang.Object, java.lang.Object, java.lang.Object, java.lang.Object, java.lang.Object, java.lang.Object, java.lang.Object, java.lang.Object, java.lang.Object, java.lang.Object, java.lang.Object, java.lang.Object, java.lang.Object, java.lang.Object, java.lang.Ob
Event: 2.559 Thread 0x00000183577e8090 Exception <a 'java/lang/NoSuchMethodError'{0x00000000ea3c2d48}: 'java.lang.Object java.lang.invoke.DirectMethodHandle$Holder.invokeSpecial(java.lang.Object, java.lang.Object, java.lang.Object, java.lang.Object, java.lang.Object, java.lang.Object, java.lang.Object, java.lang.Object, java.lang.Object, java.lang.Object, java.lang.Object, java.lang.Object, java.lang.Object, java.lang.Object, java.lang.Object, java.lang.Object, java.lang.Object, java.lang.Object, java.lang.Object, java.lang.Object, java.lang.Ob
Event: 2.560 Thread 0x00000183577e8090 Exception <a 'java/lang/NoSuchMethodError'{0x00000000ea3c8760}: 'java.lang.Object java.lang.invoke.DelegatingMethodHandle$Holder.reinvoke_L(java.lang.Object, java.lang.Object, java.lang.Object, java.lang.Object, java.lang.Object, java.lang.Object, java.lang.Object, java.lang.Object, java.lang.Object, java.lang.Object, java.lang.Object, java.lang.Object, java.lang.Object, java.lang.Object, java.lang.Object, java.lang.Object, java.lang.Object, java.lang.Object, java.lang.Object, java.lang.Object, java.lang.O
Event: 2.629 Thread 0x00000183577e8090 Exception <a 'java/lang/NoSuchMethodError'{0x00000000e9e48cc0}: 'java.lang.Object java.lang.invoke.DirectMethodHandle$Holder.invokeSpecial(java.lang.Object, java.lang.Object, java.lang.Object, java.lang.Object, java.lang.Object, java.lang.Object, java.lang.Object, java.lang.Object, java.lang.Object, java.lang.Object, java.lang.Object, java.lang.Object, java.lang.Object, java.lang.Object, java.lang.Object, java.lang.Object, java.lang.Object, java.lang.Object, java.lang.Object, java.lang.Object, java.lang.Ob
Event: 2.763 Thread 0x00000183577e8090 Exception <a 'java/lang/NoSuchMethodError'{0x00000000e9635658}: 'java.lang.Object java.lang.invoke.DirectMethodHandle$Holder.invokeVirtual(java.lang.Object, java.lang.Object, java.lang.Object, java.lang.Object, java.lang.Object, java.lang.Object, java.lang.Object, java.lang.Object, java.lang.Object, java.lang.Object, java.lang.Object, java.lang.Object, java.lang.Object, java.lang.Object, java.lang.Object, java.lang.Object, java.lang.Object, java.lang.Object, java.lang.Object, java.lang.Object, java.lang.Ob
Event: 2.830 Thread 0x00000183577e8090 Exception <a 'java/lang/NoSuchMethodError'{0x00000000e9453cd8}: 'java.lang.Object java.lang.invoke.DirectMethodHandle$Holder.invokeVirtual(java.lang.Object, java.lang.Object, java.lang.Object, java.lang.Object, java.lang.Object, java.lang.Object, java.lang.Object, java.lang.Object, java.lang.Object, java.lang.Object, java.lang.Object)'> (0x00000000e9453cd8) 
thrown [s\open\src\hotspot\share\interpreter\linkResolver.cpp, line 774]
Event: 2.945 Thread 0x00000183577e8090 Exception <a 'java/lang/NoSuchMethodError'{0x00000000e8d21af0}: 'java.lang.Object java.lang.invoke.DirectMethodHandle$Holder.invokeVirtual(java.lang.Object, java.lang.Object, java.lang.Object, java.lang.Object, java.lang.Object, java.lang.Object, java.lang.Object, java.lang.Object, java.lang.Object, java.lang.Object, java.lang.Object, java.lang.Object, java.lang.Object, java.lang.Object, java.lang.Object)'> (0x00000000e8d21af0) 
thrown [s\open\src\hotspot\share\interpreter\linkResolver.cpp, line 774]
Event: 2.945 Thread 0x00000183577e8090 Exception <a 'java/lang/NoSuchMethodError'{0x00000000e8d270e8}: 'java.lang.Object java.lang.invoke.DirectMethodHandle$Holder.invokeSpecial(java.lang.Object, java.lang.Object, java.lang.Object, java.lang.Object, java.lang.Object, java.lang.Object, java.lang.Object, java.lang.Object, java.lang.Object, java.lang.Object, java.lang.Object, java.lang.Object, java.lang.Object, java.lang.Object, java.lang.Object, java.lang.Object)'> (0x00000000e8d270e8) 
thrown [s\open\src\hotspot\share\interpreter\linkResolver.cp
Event: 2.945 Thread 0x00000183577e8090 Exception <a 'java/lang/NoSuchMethodError'{0x00000000e8d2c118}: 'java.lang.Object java.lang.invoke.DelegatingMethodHandle$Holder.reinvoke_L(java.lang.Object, java.lang.Object, java.lang.Object, java.lang.Object, java.lang.Object, java.lang.Object, java.lang.Object, java.lang.Object, java.lang.Object, java.lang.Object, java.lang.Object, java.lang.Object, java.lang.Object, java.lang.Object, java.lang.Object)'> (0x00000000e8d2c118) 
thrown [s\open\src\hotspot\share\interpreter\linkResolver.cpp, line 774]
Event: 2.974 Thread 0x00000183577e8090 Exception <a 'java/lang/NoSuchMethodError'{0x00000000e8cda708}: 'java.lang.Object java.lang.invoke.DirectMethodHandle$Holder.invokeStaticInit(java.lang.Object, java.lang.Object, java.lang.Object, java.lang.Object)'> (0x00000000e8cda708) 
thrown [s\open\src\hotspot\share\interpreter\linkResolver.cpp, line 774]
Event: 2.992 Thread 0x00000183577e8090 Exception <a 'java/lang/NoSuchMethodError'{0x00000000e8bafaf8}: 'java.lang.Object java.lang.invoke.DirectMethodHandle$Holder.newInvokeSpecial(java.lang.Object, java.lang.Object, java.lang.Object, java.lang.Object, java.lang.Object, java.lang.Object, java.lang.Object, java.lang.Object)'> (0x00000000e8bafaf8) 
thrown [s\open\src\hotspot\share\interpreter\linkResolver.cpp, line 774]
Event: 2.998 Thread 0x00000183577e8090 Exception <a 'java/lang/NoSuchMethodError'{0x00000000e8bf4b70}: 'void java.lang.invoke.DirectMethodHandle$Holder.invokeStatic(java.lang.Object, java.lang.Object, java.lang.Object, java.lang.Object)'> (0x00000000e8bf4b70) 
thrown [s\open\src\hotspot\share\interpreter\linkResolver.cpp, line 774]

ZGC Phase Switch (0 events):
No events

VM Operations (20 events):
Event: 1.640 Executing VM operation: HandshakeAllThreads (Deoptimize) done
Event: 1.672 Executing VM operation: HandshakeAllThreads (Deoptimize)
Event: 1.672 Executing VM operation: HandshakeAllThreads (Deoptimize) done
Event: 1.752 Executing VM operation: ICBufferFull
Event: 1.752 Executing VM operation: ICBufferFull done
Event: 1.764 Executing VM operation: HandshakeAllThreads (Deoptimize)
Event: 1.764 Executing VM operation: HandshakeAllThreads (Deoptimize) done
Event: 2.048 Executing VM operation: HandshakeAllThreads (Deoptimize)
Event: 2.048 Executing VM operation: HandshakeAllThreads (Deoptimize) done
Event: 2.182 Executing VM operation: HandshakeAllThreads (Deoptimize)
Event: 2.183 Executing VM operation: HandshakeAllThreads (Deoptimize) done
Event: 2.220 Executing VM operation: ICBufferFull
Event: 2.220 Executing VM operation: ICBufferFull done
Event: 2.381 Executing VM operation: HandshakeAllThreads (Deoptimize)
Event: 2.381 Executing VM operation: HandshakeAllThreads (Deoptimize) done
Event: 2.381 Executing VM operation: HandshakeAllThreads (Deoptimize)
Event: 2.381 Executing VM operation: HandshakeAllThreads (Deoptimize) done
Event: 3.014 Executing VM operation: CollectForMetadataAllocation (Metadata GC Threshold)
Event: 3.025 Executing VM operation: CollectForMetadataAllocation (Metadata GC Threshold) done
Event: 3.030 Executing VM operation: G1PauseRemark

Memory protections (0 events):
No events

Nmethod flushes (0 events):
No events

Events (20 events):
Event: 0.059 Thread 0x000001831f2e3930 Thread added: 0x000001833c4b5310
Event: 0.078 Thread 0x000001831f2e3930 Thread added: 0x000001833c3afc70
Event: 0.092 Thread 0x000001833c4b5310 Thread added: 0x000001833c684f50
Event: 0.133 Thread 0x000001831f2e3930 Thread added: 0x000001833c796510
Event: 1.583 Thread 0x000001831f2e3930 Thread added: 0x00000183575228b0
Event: 1.722 Thread 0x000001831f2e3930 Thread added: 0x00000183577ae550
Event: 1.759 Thread 0x000001831f2e3930 Thread added: 0x00000183575d17d0
Event: 1.796 Thread 0x00000183577ae550 Thread added: 0x00000183576566a0
Event: 1.798 Thread 0x00000183576566a0 Thread added: 0x0000018356fdf8d0
Event: 1.819 Thread 0x00000183576566a0 Thread added: 0x0000018357694050
Event: 1.825 Thread 0x00000183576566a0 Thread added: 0x00000183577e8090
Event: 1.834 Thread 0x00000183577e8090 Thread added: 0x00000183577e5930
Event: 1.836 Thread 0x00000183577e8090 Thread added: 0x00000183577e52a0
Event: 1.838 Thread 0x00000183577e8090 Thread added: 0x00000183577e5fc0
Event: 2.183 Thread 0x00000183577e8090 Thread added: 0x00000183577e6650
Event: 2.190 Thread 0x00000183577e8090 Thread added: 0x00000183577e6ce0
Event: 2.231 Thread 0x00000183577e8090 Thread added: 0x00000183577e7370
Event: 2.495 Thread 0x000001833c4b5310 Thread added: 0x0000018357c2e2d0
Event: 2.935 Thread 0x00000183577e6ce0 Thread added: 0x00000183577e7a00
Event: 2.936 Thread 0x00000183577e8090 Thread added: 0x0000018358c1d470


Dynamic libraries:
0x00007ff77dc60000 - 0x00007ff77dc70000 	C:\Program Files\Java\jdk-22\bin\java.exe
0x00007ffb5ba50000 - 0x00007ffb5bc67000 	C:\WINDOWS\SYSTEM32\ntdll.dll
0x00007ffb59de0000 - 0x00007ffb59ea4000 	C:\WINDOWS\System32\KERNEL32.DLL
0x00007ffb590b0000 - 0x00007ffb59467000 	C:\WINDOWS\System32\KERNELBASE.dll
0x00007ffb58f90000 - 0x00007ffb590a1000 	C:\WINDOWS\System32\ucrtbase.dll
0x00007ffb48160000 - 0x00007ffb4817b000 	C:\Program Files\Java\jdk-22\bin\VCRUNTIME140.dll
0x00007ffb48140000 - 0x00007ffb48157000 	C:\Program Files\Java\jdk-22\bin\jli.dll
0x00007ffb59eb0000 - 0x00007ffb5a05f000 	C:\WINDOWS\System32\USER32.dll
0x00007ffb594a0000 - 0x00007ffb594c6000 	C:\WINDOWS\System32\win32u.dll
0x00007ffb41df0000 - 0x00007ffb42083000 	C:\WINDOWS\WinSxS\amd64_microsoft.windows.common-controls_6595b64144ccf1df_6.0.22621.3672_none_2713b9d173822955\COMCTL32.dll
0x00007ffb59da0000 - 0x00007ffb59dc9000 	C:\WINDOWS\System32\GDI32.dll
0x00007ffb59660000 - 0x00007ffb59778000 	C:\WINDOWS\System32\gdi32full.dll
0x00007ffb5a1d0000 - 0x00007ffb5a277000 	C:\WINDOWS\System32\msvcrt.dll
0x00007ffb59540000 - 0x00007ffb595da000 	C:\WINDOWS\System32\msvcp_win.dll
0x00007ffb5a9f0000 - 0x00007ffb5aa21000 	C:\WINDOWS\System32\IMM32.DLL
0x00007ffb53d90000 - 0x00007ffb53d9c000 	C:\Program Files\Java\jdk-22\bin\vcruntime140_1.dll
0x00007ffb33270000 - 0x00007ffb332fe000 	C:\Program Files\Java\jdk-22\bin\msvcp140.dll
0x00007ffac00d0000 - 0x00007ffac0e19000 	C:\Program Files\Java\jdk-22\bin\server\jvm.dll
0x00007ffb59af0000 - 0x00007ffb59ba2000 	C:\WINDOWS\System32\ADVAPI32.dll
0x00007ffb597e0000 - 0x00007ffb59888000 	C:\WINDOWS\System32\sechost.dll
0x00007ffb59470000 - 0x00007ffb59498000 	C:\WINDOWS\System32\bcrypt.dll
0x00007ffb5a280000 - 0x00007ffb5a394000 	C:\WINDOWS\System32\RPCRT4.dll
0x00007ffb5a970000 - 0x00007ffb5a9e1000 	C:\WINDOWS\System32\WS2_32.dll
0x00007ffb58a80000 - 0x00007ffb58acd000 	C:\WINDOWS\SYSTEM32\POWRPROF.dll
0x00007ffb48810000 - 0x00007ffb48844000 	C:\WINDOWS\SYSTEM32\WINMM.dll
0x00007ffb50a40000 - 0x00007ffb50a4a000 	C:\WINDOWS\SYSTEM32\VERSION.dll
0x00007ffb58a60000 - 0x00007ffb58a73000 	C:\WINDOWS\SYSTEM32\UMPDC.dll
0x00007ffb57d10000 - 0x00007ffb57d28000 	C:\WINDOWS\SYSTEM32\kernel.appcore.dll
0x00007ffb536c0000 - 0x00007ffb536ca000 	C:\Program Files\Java\jdk-22\bin\jimage.dll
0x00007ffb3af20000 - 0x00007ffb3b152000 	C:\WINDOWS\SYSTEM32\DBGHELP.DLL
0x00007ffb5a5e0000 - 0x00007ffb5a96e000 	C:\WINDOWS\System32\combase.dll
0x00007ffb5a500000 - 0x00007ffb5a5d7000 	C:\WINDOWS\System32\OLEAUT32.dll
0x00007ffb48af0000 - 0x00007ffb48b22000 	C:\WINDOWS\SYSTEM32\dbgcore.DLL
0x00007ffb595e0000 - 0x00007ffb5965b000 	C:\WINDOWS\System32\bcryptPrimitives.dll
0x00007ffb52640000 - 0x00007ffb5264f000 	C:\Program Files\Java\jdk-22\bin\instrument.dll
0x00007ffb47590000 - 0x00007ffb475ae000 	C:\Program Files\Java\jdk-22\bin\java.dll
0x00007ffb5b1a0000 - 0x00007ffb5ba09000 	C:\WINDOWS\System32\SHELL32.dll
0x00007ffb598b0000 - 0x00007ffb59a55000 	C:\WINDOWS\System32\ole32.dll
0x00007ffb56c80000 - 0x00007ffb5757f000 	C:\WINDOWS\SYSTEM32\windows.storage.dll
0x00007ffb56b40000 - 0x00007ffb56c7f000 	C:\WINDOWS\SYSTEM32\wintypes.dll
0x00007ffb5a0d0000 - 0x00007ffb5a1c9000 	C:\WINDOWS\System32\SHCORE.dll
0x00007ffb59d40000 - 0x00007ffb59d9e000 	C:\WINDOWS\System32\shlwapi.dll
0x00007ffb58c90000 - 0x00007ffb58cb7000 	C:\WINDOWS\SYSTEM32\profapi.dll
0x00007ffaeaba0000 - 0x00007ffaeac77000 	C:\Program Files\Java\jdk-22\bin\jsvml.dll
0x00007ffb47570000 - 0x00007ffb47587000 	C:\Program Files\Java\jdk-22\bin\zip.dll
0x00007ffb4deb0000 - 0x00007ffb4dec0000 	C:\Program Files\Java\jdk-22\bin\net.dll
0x00007ffb581d0000 - 0x00007ffb58239000 	C:\WINDOWS\system32\mswsock.dll
0x00007ffb47550000 - 0x00007ffb47566000 	C:\Program Files\Java\jdk-22\bin\nio.dll
0x00007ffb48290000 - 0x00007ffb482a0000 	C:\Program Files\Java\jdk-22\bin\verify.dll
0x00007ffae81e0000 - 0x00007ffae8207000 	C:\Users\bitcamp\.gradle\native\c067742578af261105cb4f569cf0c3c89f3d7b1fecec35dd04571415982c5e48\windows-amd64\native-platform.dll
0x00007ffae9690000 - 0x00007ffae97d4000 	C:\Users\bitcamp\.gradle\native\100fb08df4bc3b14c8652ba06237920a3bd2aa13389f12d3474272988ae205f9\windows-amd64\native-platform-file-events.dll
0x00007ffb47540000 - 0x00007ffb4754a000 	C:\Program Files\Java\jdk-22\bin\management.dll
0x00007ffb47530000 - 0x00007ffb4753b000 	C:\Program Files\Java\jdk-22\bin\management_ext.dll
0x00007ffb5a0c0000 - 0x00007ffb5a0c8000 	C:\WINDOWS\System32\PSAPI.DLL
0x00007ffb58520000 - 0x00007ffb5853b000 	C:\WINDOWS\SYSTEM32\CRYPTSP.dll
0x00007ffb57cd0000 - 0x00007ffb57d05000 	C:\WINDOWS\system32\rsaenh.dll
0x00007ffb58270000 - 0x00007ffb58298000 	C:\WINDOWS\SYSTEM32\USERENV.dll
0x00007ffb58500000 - 0x00007ffb5850c000 	C:\WINDOWS\SYSTEM32\CRYPTBASE.dll
0x00007ffb577e0000 - 0x00007ffb5780d000 	C:\WINDOWS\SYSTEM32\IPHLPAPI.DLL
0x00007ffb5aeb0000 - 0x00007ffb5aeb9000 	C:\WINDOWS\System32\NSI.dll
0x00007ffb47470000 - 0x00007ffb47479000 	C:\Program Files\Java\jdk-22\bin\extnet.dll
0x00007ffb47460000 - 0x00007ffb4746e000 	C:\Program Files\Java\jdk-22\bin\sunmscapi.dll
0x00007ffb58e20000 - 0x00007ffb58f86000 	C:\WINDOWS\System32\CRYPT32.dll
0x00007ffb58630000 - 0x00007ffb5865d000 	C:\WINDOWS\SYSTEM32\ncrypt.dll
0x00007ffb585f0000 - 0x00007ffb58627000 	C:\WINDOWS\SYSTEM32\NTASN1.dll
0x00007ffaf2910000 - 0x00007ffaf2918000 	C:\WINDOWS\system32\wshunix.dll

dbghelp: loaded successfully - version: 4.0.5 - missing functions: none
symbol engine: initialized successfully - sym options: 0x614 - pdb path: .;C:\Program Files\Java\jdk-22\bin;C:\WINDOWS\SYSTEM32;C:\WINDOWS\WinSxS\amd64_microsoft.windows.common-controls_6595b64144ccf1df_6.0.22621.3672_none_2713b9d173822955;C:\Program Files\Java\jdk-22\bin\server;C:\Users\bitcamp\.gradle\native\c067742578af261105cb4f569cf0c3c89f3d7b1fecec35dd04571415982c5e48\windows-amd64;C:\Users\bitcamp\.gradle\native\100fb08df4bc3b14c8652ba06237920a3bd2aa13389f12d3474272988ae205f9\windows-amd64

VM Arguments:
jvm_args: --add-opens=java.base/java.util=ALL-UNNAMED --add-opens=java.base/java.lang=ALL-UNNAMED --add-opens=java.base/java.lang.invoke=ALL-UNNAMED --add-opens=java.prefs/java.util.prefs=ALL-UNNAMED --add-opens=java.base/java.nio.charset=ALL-UNNAMED --add-opens=java.base/java.net=ALL-UNNAMED --add-opens=java.base/java.util.concurrent.atomic=ALL-UNNAMED -XX:MaxMetaspaceSize=384m -XX:+HeapDumpOnOutOfMemoryError -Xms256m -Xmx512m -Dfile.encoding=UTF-8 -Duser.country=KR -Duser.language=ko -Duser.variant -javaagent:C:\Users\bitcamp\.gradle\wrapper\dists\gradle-8.8-bin\dl7vupf4psengwqhwktix4v1\gradle-8.8\lib\agents\gradle-instrumentation-agent-8.8.jar 
java_command: org.gradle.launcher.daemon.bootstrap.GradleDaemon 8.8
java_class_path (initial): C:\Users\bitcamp\.gradle\wrapper\dists\gradle-8.8-bin\dl7vupf4psengwqhwktix4v1\gradle-8.8\lib\gradle-launcher-8.8.jar
Launcher Type: SUN_STANDARD

[Global flags]
     intx CICompilerCount                          = 4                                         {product} {ergonomic}
   size_t CompressedClassSpaceSize                 = 335544320                                 {product} {ergonomic}
     uint ConcGCThreads                            = 3                                         {product} {ergonomic}
     uint G1ConcRefinementThreads                  = 10                                        {product} {ergonomic}
   size_t G1HeapRegionSize                         = 1048576                                   {product} {ergonomic}
     bool HeapDumpOnOutOfMemoryError               = true                                   {manageable} {command line}
   size_t InitialHeapSize                          = 268435456                                 {product} {command line}
   size_t MarkStackSize                            = 4194304                                   {product} {ergonomic}
   size_t MaxHeapSize                              = 536870912                                 {product} {command line}
   size_t MaxMetaspaceSize                         = 402653184                                 {product} {command line}
   size_t MaxNewSize                               = 321912832                                 {product} {ergonomic}
   size_t MinHeapDeltaBytes                        = 1048576                                   {product} {ergonomic}
   size_t MinHeapSize                              = 268435456                                 {product} {command line}
    uintx NonNMethodCodeHeapSize                   = 5839372                                {pd product} {ergonomic}
    uintx NonProfiledCodeHeapSize                  = 122909434                              {pd product} {ergonomic}
    uintx ProfiledCodeHeapSize                     = 122909434                              {pd product} {ergonomic}
    uintx ReservedCodeCacheSize                    = 251658240                              {pd product} {ergonomic}
     bool SegmentedCodeCache                       = true                                      {product} {ergonomic}
   size_t SoftMaxHeapSize                          = 536870912                              {manageable} {ergonomic}
     bool UseCompressedOops                        = true                           {product lp64_product} {ergonomic}
     bool UseG1GC                                  = true                                      {product} {ergonomic}
     bool UseLargePagesIndividualAllocation        = false                                  {pd product} {ergonomic}

Logging:
Log output configuration:
 #0: stdout all=warning uptime,level,tags foldmultilines=false
 #1: stderr all=off uptime,level,tags foldmultilines=false

Environment Variables:
JAVA_HOME=C:\Program Files\Java\jdk-22
PATH=C:\Python312\Scripts\;C:\Python312\;C:\Program Files\Common Files\Oracle\Java\javapath;C:\WINDOWS\system32;C:\WINDOWS;C:\WINDOWS\System32\Wbem;C:\WINDOWS\System32\WindowsPowerShell\v1.0\;C:\WINDOWS\System32\OpenSSH\;C:\Program Files\Git\cmd;C:\ProgramData\chocolatey\bin;C:\Program Files (x86)\Yarn\bin\;C:\Program Files\nodejs\;C:\Program Files\Docker\Docker\resources\bin;C:\minikube;C:\Users\bitcamp\AppData\Local\Microsoft\WindowsApps;C:\Users\bitcamp\AppData\Local\Programs\Microsoft VS Code\bin;C:\Users\bitcamp\AppData\Local\GitHubDesktop\bin;C:\Users\bitcamp\AppData\Local\Yarn\bin;C:\Users\bitcamp\AppData\Roaming\npm;C:\Program Files\nodejs;
USERNAME=bitcamp
OS=Windows_NT
PROCESSOR_IDENTIFIER=Intel64 Family 6 Model 158 Stepping 10, GenuineIntel
TMP=C:\Users\bitcamp\AppData\Local\Temp
TEMP=C:\Users\bitcamp\AppData\Local\Temp




Periodic native trim disabled

---------------  S Y S T E M  ---------------

OS:
 Windows 11 , 64 bit Build 22621 (10.0.22621.3958)
OS uptime: 1 days 5:47 hours
Hyper-V role detected

CPU: total 12 (initial active 12) (6 cores per cpu, 2 threads per core) family 6 model 158 stepping 10 microcode 0xde, cx8, cmov, fxsr, ht, mmx, 3dnowpref, sse, sse2, sse3, ssse3, sse4.1, sse4.2, popcnt, lzcnt, tsc, tscinvbit, avx, avx2, aes, erms, clmul, bmi1, bmi2, rtm, adx, fma, vzeroupper, clflush, clflushopt, hv, rdtscp, f16c
Processor Information for all 12 processors :
  Max Mhz: 3192, Current Mhz: 3192, Mhz Limit: 3192

Memory: 4k page, system-wide physical 32541M (10978M free)
TotalPageFile size 34589M (AvailPageFile size 2M)
current process WorkingSet (physical memory assigned to process): 298M, peak: 302M
current process commit charge ("private bytes"): 468M, peak: 473M

vm_info: Java HotSpot(TM) 64-Bit Server VM (22.0.2+9-70) for windows-amd64 JRE (22.0.2+9-70), built on 2024-06-04T16:52:23Z by "mach5one" with MS VC++ 17.6 (VS2022)

END.
